;  LST file generated by mikroListExporter - v.2.0 
; Date/Time: 22.10.2025 10:59:27
;----------------------------------------------

;Address Opcode 	ASM
0x0000	0x2825      	GOTO       37
_blink:
;Uygulama10.c,2 :: 		void blink(){
;Uygulama10.c,4 :: 		PORTB=255;
0x0003	0x30FF      	MOVLW      255
0x0004	0x1283      	BCF        STATUS, 5
0x0005	0x1303      	BCF        STATUS, 6
0x0006	0x0086      	MOVWF      PORTB
;Uygulama10.c,5 :: 		Delay_ms(1000);
0x0007	0x300B      	MOVLW      11
0x0008	0x00FB      	MOVWF      R11
0x0009	0x3026      	MOVLW      38
0x000A	0x00FC      	MOVWF      R12
0x000B	0x305D      	MOVLW      93
0x000C	0x00FD      	MOVWF      R13
L_blink0:
0x000D	0x0BFD      	DECFSZ     R13, 1
0x000E	0x280D      	GOTO       L_blink0
0x000F	0x0BFC      	DECFSZ     R12, 1
0x0010	0x280D      	GOTO       L_blink0
0x0011	0x0BFB      	DECFSZ     R11, 1
0x0012	0x280D      	GOTO       L_blink0
0x0013	0x0000      	NOP
0x0014	0x0000      	NOP
;Uygulama10.c,6 :: 		PORTB=0;
0x0015	0x0186      	CLRF       PORTB
;Uygulama10.c,7 :: 		Delay_ms(1000);
0x0016	0x300B      	MOVLW      11
0x0017	0x00FB      	MOVWF      R11
0x0018	0x3026      	MOVLW      38
0x0019	0x00FC      	MOVWF      R12
0x001A	0x305D      	MOVLW      93
0x001B	0x00FD      	MOVWF      R13
L_blink1:
0x001C	0x0BFD      	DECFSZ     R13, 1
0x001D	0x281C      	GOTO       L_blink1
0x001E	0x0BFC      	DECFSZ     R12, 1
0x001F	0x281C      	GOTO       L_blink1
0x0020	0x0BFB      	DECFSZ     R11, 1
0x0021	0x281C      	GOTO       L_blink1
0x0022	0x0000      	NOP
0x0023	0x0000      	NOP
;Uygulama10.c,9 :: 		}
L_end_blink:
0x0024	0x0008      	RETURN
; end of _blink
_main:
;Uygulama10.c,11 :: 		void main() {
;Uygulama10.c,13 :: 		TRISD=0B00000001;
0x0025	0x3001      	MOVLW      1
0x0026	0x1683      	BSF        STATUS, 5
0x0027	0x1303      	BCF        STATUS, 6
0x0028	0x0088      	MOVWF      TRISD
;Uygulama10.c,14 :: 		TRISB=0X00;
0x0029	0x0186      	CLRF       TRISB
;Uygulama10.c,15 :: 		PORTB=0;
0x002A	0x1283      	BCF        STATUS, 5
0x002B	0x0186      	CLRF       PORTB
;Uygulama10.c,17 :: 		while(1){
L_main2:
;Uygulama10.c,19 :: 		if(PORTD.F0==1){
0x002C	0x1C08      	BTFSS      PORTD, 0
0x002D	0x2830      	GOTO       L_main4
;Uygulama10.c,21 :: 		blink();
0x002E	0x2003      	CALL       _blink
;Uygulama10.c,23 :: 		}else{
0x002F	0x2831      	GOTO       L_main5
L_main4:
;Uygulama10.c,25 :: 		PORTB=0B00000000;//0X00 ya da 0
0x0030	0x0186      	CLRF       PORTB
;Uygulama10.c,27 :: 		}
L_main5:
;Uygulama10.c,28 :: 		}
0x0031	0x282C      	GOTO       L_main2
;Uygulama10.c,29 :: 		}
L_end_main:
0x0032	0x2832      	GOTO       $+0
; end of _main
Symbol List:
//** Routines locations **
//ADDRESS    SIZE    PROCEDURE
//----------------------------------------------
0x0003      [34]    _blink
0x0025      [14]    _main
//** Variables locations ** 
//ADDRESS    SIZE    VARIABLE
//----------------------------------------------
0x0000       [1]    INDF
0x0003       [1]    STATUS
0x0004       [1]    FSR
0x0006       [1]    PORTB
0x0008       [1]    PORTD
0x000A       [1]    PCLATH
0x0020       [2]    ___DoICPAddr
0x0070       [1]    R0
0x0071       [1]    R1
0x0072       [1]    R2
0x0073       [1]    R3
0x0074       [1]    R4
0x0075       [1]    R5
0x0076       [1]    R6
0x0077       [1]    R7
0x0078       [1]    R8
0x0079       [1]    R9
0x007A       [1]    R10
0x007B       [1]    R11
0x007C       [1]    R12
0x007D       [1]    R13
0x007E       [1]    R14
0x007F       [1]    R15
0x0086       [1]    TRISB
0x0088       [1]    TRISD
