;  LST file generated by mikroListExporter - v.2.0 
; Date/Time: 17.12.2025 11:58:16
;----------------------------------------------

;Address Opcode 	ASM
0x0000	0x2803      	GOTO       3
_main:
;Uygulama29.c,1 :: 		void main() {
;Uygulama29.c,3 :: 		PR2=99;
0x0003	0x3063      	MOVLW      99
0x0004	0x1683      	BSF        STATUS, 5
0x0005	0x1303      	BCF        STATUS, 6
0x0006	0x0092      	MOVWF      PR2
;Uygulama29.c,4 :: 		CCPR1L=0x32;// 0b00110010
0x0007	0x3032      	MOVLW      50
0x0008	0x1283      	BCF        STATUS, 5
0x0009	0x0095      	MOVWF      CCPR1L
;Uygulama29.c,5 :: 		CCP1CON=0x0C;// 0b00001100
0x000A	0x300C      	MOVLW      12
0x000B	0x0097      	MOVWF      CCP1CON
;Uygulama29.c,6 :: 		TRISC.F2=0;
0x000C	0x1683      	BSF        STATUS, 5
0x000D	0x1107      	BCF        TRISC, 2
;Uygulama29.c,7 :: 		T2CON=0b00000100;
0x000E	0x3004      	MOVLW      4
0x000F	0x1283      	BCF        STATUS, 5
0x0010	0x0092      	MOVWF      T2CON
;Uygulama29.c,8 :: 		trisb=0;
0x0011	0x1683      	BSF        STATUS, 5
0x0012	0x0186      	CLRF       TRISB
;Uygulama29.c,9 :: 		while(1){
L_main0:
;Uygulama29.c,11 :: 		}
0x0013	0x2813      	GOTO       L_main0
;Uygulama29.c,12 :: 		}
L_end_main:
0x0014	0x2814      	GOTO       $+0
; end of _main
Symbol List:
//** Routines locations **
//ADDRESS    SIZE    PROCEDURE
//----------------------------------------------
0x0003      [18]    _main
//** Variables locations ** 
//ADDRESS    SIZE    VARIABLE
//----------------------------------------------
0x0000       [1]    INDF
0x0003       [1]    STATUS
0x0004       [1]    FSR
0x000A       [1]    PCLATH
0x0012       [1]    T2CON
0x0015       [1]    CCPR1L
0x0017       [1]    CCP1CON
0x0020       [2]    ___DoICPAddr
0x0070       [1]    R0
0x0071       [1]    R1
0x0072       [1]    R2
0x0073       [1]    R3
0x0074       [1]    R4
0x0075       [1]    R5
0x0076       [1]    R6
0x0077       [1]    R7
0x0078       [1]    R8
0x0079       [1]    R9
0x007A       [1]    R10
0x007B       [1]    R11
0x007C       [1]    R12
0x007D       [1]    R13
0x007E       [1]    R14
0x007F       [1]    R15
0x0086       [1]    TRISB
0x0087       [1]    TRISC
0x0092       [1]    PR2
