;  LST file generated by mikroListExporter - v.2.0 
; Date/Time: 22.10.2025 12:10:28
;----------------------------------------------

;Address Opcode 	ASM
0x0000	0x2833      	GOTO       51
_interrupt:
0x0004	0x00FF      	MOVWF      R15
0x0005	0x0E03      	SWAPF      STATUS, 0
0x0006	0x0183      	CLRF       STATUS
0x0007	0x00A3      	MOVWF      ___saveSTATUS
0x0008	0x080A      	MOVF       PCLATH, 0
0x0009	0x00A2      	MOVWF      ___savePCLATH
0x000A	0x018A      	CLRF       PCLATH
;Uygulama13.c,2 :: 		void interrupt(){
;Uygulama13.c,4 :: 		PORTB=0B11111110;
0x000B	0x30FE      	MOVLW      254
0x000C	0x0086      	MOVWF      PORTB
;Uygulama13.c,5 :: 		Delay_ms(500);
0x000D	0x3006      	MOVLW      6
0x000E	0x00FB      	MOVWF      R11
0x000F	0x3013      	MOVLW      19
0x0010	0x00FC      	MOVWF      R12
0x0011	0x30AD      	MOVLW      173
0x0012	0x00FD      	MOVWF      R13
L_interrupt0:
0x0013	0x0BFD      	DECFSZ     R13, 1
0x0014	0x2813      	GOTO       L_interrupt0
0x0015	0x0BFC      	DECFSZ     R12, 1
0x0016	0x2813      	GOTO       L_interrupt0
0x0017	0x0BFB      	DECFSZ     R11, 1
0x0018	0x2813      	GOTO       L_interrupt0
0x0019	0x0000      	NOP
0x001A	0x0000      	NOP
;Uygulama13.c,6 :: 		PORTB=0B00000000;
0x001B	0x0186      	CLRF       PORTB
;Uygulama13.c,7 :: 		Delay_ms(500);
0x001C	0x3006      	MOVLW      6
0x001D	0x00FB      	MOVWF      R11
0x001E	0x3013      	MOVLW      19
0x001F	0x00FC      	MOVWF      R12
0x0020	0x30AD      	MOVLW      173
0x0021	0x00FD      	MOVWF      R13
L_interrupt1:
0x0022	0x0BFD      	DECFSZ     R13, 1
0x0023	0x2822      	GOTO       L_interrupt1
0x0024	0x0BFC      	DECFSZ     R12, 1
0x0025	0x2822      	GOTO       L_interrupt1
0x0026	0x0BFB      	DECFSZ     R11, 1
0x0027	0x2822      	GOTO       L_interrupt1
0x0028	0x0000      	NOP
0x0029	0x0000      	NOP
;Uygulama13.c,8 :: 		INTCON.INTF=~INTCON.INTF;
0x002A	0x3002      	MOVLW      2
0x002B	0x068B      	XORWF      INTCON, 1
;Uygulama13.c,10 :: 		}
L_end_interrupt:
L__interrupt5:
0x002C	0x0822      	MOVF       ___savePCLATH, 0
0x002D	0x008A      	MOVWF      PCLATH
0x002E	0x0E23      	SWAPF      ___saveSTATUS, 0
0x002F	0x0083      	MOVWF      STATUS
0x0030	0x0EFF      	SWAPF      R15, 1
0x0031	0x0E7F      	SWAPF      R15, 0
0x0032	0x0009      	RETFIE
; end of _interrupt
_main:
;Uygulama13.c,13 :: 		void main() {
;Uygulama13.c,15 :: 		TRISB=0B000000001;
0x0033	0x3001      	MOVLW      1
0x0034	0x1683      	BSF        STATUS, 5
0x0035	0x1303      	BCF        STATUS, 6
0x0036	0x0086      	MOVWF      TRISB
;Uygulama13.c,16 :: 		INTCON.GIE=1;
0x0037	0x178B      	BSF        INTCON, 7
;Uygulama13.c,17 :: 		INTCON.PEIE=1;
0x0038	0x170B      	BSF        INTCON, 6
;Uygulama13.c,18 :: 		INTCON.INTE=1;
0x0039	0x160B      	BSF        INTCON, 4
;Uygulama13.c,19 :: 		OPTION_REG.INTEDG=1;
0x003A	0x1701      	BSF        OPTION_REG, 6
;Uygulama13.c,21 :: 		while(1){
L_main2:
;Uygulama13.c,23 :: 		}
0x003B	0x283B      	GOTO       L_main2
;Uygulama13.c,26 :: 		}
L_end_main:
0x003C	0x283C      	GOTO       $+0
; end of _main
Symbol List:
//** Routines locations **
//ADDRESS    SIZE    PROCEDURE
//----------------------------------------------
0x0004      [47]    _interrupt
0x0033      [10]    _main
//** Variables locations ** 
//ADDRESS    SIZE    VARIABLE
//----------------------------------------------
0x0000       [1]    INDF
0x0003       [1]    STATUS
0x0004       [1]    FSR
0x0006       [1]    PORTB
0x000A       [1]    PCLATH
0x000B       [1]    INTCON
0x0020       [2]    ___DoICPAddr
0x0022       [1]    ___savePCLATH
0x0023       [1]    ___saveSTATUS
0x0070       [1]    R0
0x0071       [1]    R1
0x0072       [1]    R2
0x0073       [1]    R3
0x0074       [1]    R4
0x0075       [1]    R5
0x0076       [1]    R6
0x0077       [1]    R7
0x0078       [1]    R8
0x0079       [1]    R9
0x007A       [1]    R10
0x007B       [1]    R11
0x007C       [1]    R12
0x007D       [1]    R13
0x007E       [1]    R14
0x007F       [1]    R15
0x0081       [1]    OPTION_REG
0x0086       [1]    TRISB
