;  LST file generated by mikroListExporter - v.2.0 
; Date/Time: 17.12.2025 12:18:11
;----------------------------------------------

;Address Opcode 	ASM
0x0000	0x2803      	GOTO       3
_main:
;Uygulama31.c,1 :: 		void main() {
;Uygulama31.c,3 :: 		PR2=99;
0x0003	0x3063      	MOVLW      99
0x0004	0x1683      	BSF        STATUS, 5
0x0005	0x1303      	BCF        STATUS, 6
0x0006	0x0092      	MOVWF      PR2
;Uygulama31.c,5 :: 		CCPR1L=0x32;// 0b00110010
0x0007	0x3032      	MOVLW      50
0x0008	0x1283      	BCF        STATUS, 5
0x0009	0x0095      	MOVWF      CCPR1L
;Uygulama31.c,7 :: 		CCP1CON=0x0C;// 0b00001100
0x000A	0x300C      	MOVLW      12
0x000B	0x0097      	MOVWF      CCP1CON
;Uygulama31.c,9 :: 		TRISC.F2=0;
0x000C	0x1683      	BSF        STATUS, 5
0x000D	0x1107      	BCF        TRISC, 2
;Uygulama31.c,10 :: 		TRISC.F0=1;
0x000E	0x1407      	BSF        TRISC, 0
;Uygulama31.c,11 :: 		TRISC.F1=1;
0x000F	0x1487      	BSF        TRISC, 1
;Uygulama31.c,13 :: 		T2CON=0b00000100;
0x0010	0x3004      	MOVLW      4
0x0011	0x1283      	BCF        STATUS, 5
0x0012	0x0092      	MOVWF      T2CON
;Uygulama31.c,14 :: 		trisb=0;
0x0013	0x1683      	BSF        STATUS, 5
0x0014	0x0186      	CLRF       TRISB
;Uygulama31.c,15 :: 		trisd=0xff;
0x0015	0x30FF      	MOVLW      255
0x0016	0x0088      	MOVWF      TRISD
;Uygulama31.c,17 :: 		while(1){
L_main0:
;Uygulama31.c,19 :: 		if(PORTD.F0==1){
0x0017	0x1283      	BCF        STATUS, 5
0x0018	0x1C08      	BTFSS      PORTD, 0
0x0019	0x281D      	GOTO       L_main2
;Uygulama31.c,20 :: 		CCPR1L=0x19;// 0b00011001  %25
0x001A	0x3019      	MOVLW      25
0x001B	0x0095      	MOVWF      CCPR1L
;Uygulama31.c,22 :: 		}
0x001C	0x282B      	GOTO       L_main3
L_main2:
;Uygulama31.c,23 :: 		else if(PORTD.F1==1){
0x001D	0x1C88      	BTFSS      PORTD, 1
0x001E	0x2822      	GOTO       L_main4
;Uygulama31.c,24 :: 		CCPR1L=0x32;// 0b00110010 %50
0x001F	0x3032      	MOVLW      50
0x0020	0x0095      	MOVWF      CCPR1L
;Uygulama31.c,25 :: 		}else if(PORTC.F1==1){
0x0021	0x282B      	GOTO       L_main5
L_main4:
0x0022	0x1C87      	BTFSS      PORTC, 1
0x0023	0x2827      	GOTO       L_main6
;Uygulama31.c,26 :: 		CCPR1L=0x4B;// 0b01001011  %75
0x0024	0x304B      	MOVLW      75
0x0025	0x0095      	MOVWF      CCPR1L
;Uygulama31.c,27 :: 		}
0x0026	0x282B      	GOTO       L_main7
L_main6:
;Uygulama31.c,28 :: 		else if(PORTC.F0==1){
0x0027	0x1C07      	BTFSS      PORTC, 0
0x0028	0x282B      	GOTO       L_main8
;Uygulama31.c,29 :: 		CCPR1L=0x64;// 0b01101000 %100
0x0029	0x3064      	MOVLW      100
0x002A	0x0095      	MOVWF      CCPR1L
;Uygulama31.c,30 :: 		}}}
L_main8:
L_main7:
L_main5:
L_main3:
0x002B	0x2817      	GOTO       L_main0
L_end_main:
0x002C	0x282C      	GOTO       $+0
; end of _main
Symbol List:
//** Routines locations **
//ADDRESS    SIZE    PROCEDURE
//----------------------------------------------
0x0003      [42]    _main
//** Variables locations ** 
//ADDRESS    SIZE    VARIABLE
//----------------------------------------------
0x0000       [1]    INDF
0x0003       [1]    STATUS
0x0004       [1]    FSR
0x0007       [1]    PORTC
0x0008       [1]    PORTD
0x000A       [1]    PCLATH
0x0012       [1]    T2CON
0x0015       [1]    CCPR1L
0x0017       [1]    CCP1CON
0x0020       [2]    ___DoICPAddr
0x0070       [1]    R0
0x0071       [1]    R1
0x0072       [1]    R2
0x0073       [1]    R3
0x0074       [1]    R4
0x0075       [1]    R5
0x0076       [1]    R6
0x0077       [1]    R7
0x0078       [1]    R8
0x0079       [1]    R9
0x007A       [1]    R10
0x007B       [1]    R11
0x007C       [1]    R12
0x007D       [1]    R13
0x007E       [1]    R14
0x007F       [1]    R15
0x0086       [1]    TRISB
0x0087       [1]    TRISC
0x0088       [1]    TRISD
0x0092       [1]    PR2
