;  LST file generated by mikroListExporter - v.2.0 
; Date/Time: 5.11.2025 11:40:31
;----------------------------------------------

;Address Opcode 	ASM
0x0000	0x2824      	GOTO       36
_interrupt:
0x0004	0x00FF      	MOVWF      R15
0x0005	0x0E03      	SWAPF      STATUS, 0
0x0006	0x0183      	CLRF       STATUS
0x0007	0x00A3      	MOVWF      ___saveSTATUS
0x0008	0x080A      	MOVF       PCLATH, 0
0x0009	0x00A2      	MOVWF      ___savePCLATH
0x000A	0x018A      	CLRF       PCLATH
;Uygulama16.c,1 :: 		void interrupt(){
;Uygulama16.c,2 :: 		PORTB.F0=~PORTB.F0; // B.F0 SÜREKLÝ DEÐÝLLENEREK KARE DALGA ÜRETÝMÝ SAÐLIYOR
0x000B	0x3001      	MOVLW      1
0x000C	0x0686      	XORWF      PORTB, 1
;Uygulama16.c,3 :: 		TMR0=6;
0x000D	0x3006      	MOVLW      6
0x000E	0x0081      	MOVWF      TMR0
;Uygulama16.c,4 :: 		INTCON.TMR0IF=0; // Tmr0 interrupt bayragi interrupt bitiminde sifirlanmali
0x000F	0x110B      	BCF        INTCON, 2
;Uygulama16.c,5 :: 		}
L_end_interrupt:
L__interrupt3:
0x0010	0x0822      	MOVF       ___savePCLATH, 0
0x0011	0x008A      	MOVWF      PCLATH
0x0012	0x0E23      	SWAPF      ___saveSTATUS, 0
0x0013	0x0083      	MOVWF      STATUS
0x0014	0x0EFF      	SWAPF      R15, 1
0x0015	0x0E7F      	SWAPF      R15, 0
0x0016	0x0009      	RETFIE
; end of _interrupt
_init:
;Uygulama16.c,7 :: 		void init(){
;Uygulama16.c,8 :: 		portb=0;
0x0017	0x1283      	BCF        STATUS, 5
0x0018	0x1303      	BCF        STATUS, 6
0x0019	0x0186      	CLRF       PORTB
;Uygulama16.c,9 :: 		trisb=0;// portb çýkýþ olarak ayarlandý
0x001A	0x1683      	BSF        STATUS, 5
0x001B	0x0186      	CLRF       TRISB
;Uygulama16.c,10 :: 		OPTION_REG=1; // TOCS=0, TOSE=X, PSA=0,PS2:PS0=001,prescaler=4
0x001C	0x3001      	MOVLW      1
0x001D	0x0081      	MOVWF      OPTION_REG
;Uygulama16.c,11 :: 		TMR0=6; // TIMER0 BAÞLANGIÞ DEÐERÝ ATAMASI
0x001E	0x3006      	MOVLW      6
0x001F	0x1283      	BCF        STATUS, 5
0x0020	0x0081      	MOVWF      TMR0
;Uygulama16.c,12 :: 		INTCON=0XA0; // TMR0 ÝNTERRUPT AYARLARI
0x0021	0x30A0      	MOVLW      160
0x0022	0x008B      	MOVWF      INTCON
;Uygulama16.c,13 :: 		}
L_end_init:
0x0023	0x0008      	RETURN
; end of _init
_main:
;Uygulama16.c,15 :: 		void main() {
;Uygulama16.c,16 :: 		init();
0x0024	0x2017      	CALL       _init
;Uygulama16.c,17 :: 		while(1){
L_main0:
;Uygulama16.c,19 :: 		}
0x0025	0x2825      	GOTO       L_main0
;Uygulama16.c,20 :: 		}
L_end_main:
0x0026	0x2826      	GOTO       $+0
; end of _main
Symbol List:
//** Routines locations **
//ADDRESS    SIZE    PROCEDURE
//----------------------------------------------
0x0004      [19]    _interrupt
0x0017      [13]    _init
0x0024       [3]    _main
//** Variables locations ** 
//ADDRESS    SIZE    VARIABLE
//----------------------------------------------
0x0000       [1]    INDF
0x0001       [1]    TMR0
0x0003       [1]    STATUS
0x0004       [1]    FSR
0x0006       [1]    PORTB
0x000A       [1]    PCLATH
0x000B       [1]    INTCON
0x0020       [2]    ___DoICPAddr
0x0022       [1]    ___savePCLATH
0x0023       [1]    ___saveSTATUS
0x0070       [1]    R0
0x0071       [1]    R1
0x0072       [1]    R2
0x0073       [1]    R3
0x0074       [1]    R4
0x0075       [1]    R5
0x0076       [1]    R6
0x0077       [1]    R7
0x0078       [1]    R8
0x0079       [1]    R9
0x007A       [1]    R10
0x007B       [1]    R11
0x007C       [1]    R12
0x007D       [1]    R13
0x007E       [1]    R14
0x007F       [1]    R15
0x0081       [1]    OPTION_REG
0x0086       [1]    TRISB
