;  LST file generated by mikroListExporter - v.2.0 
; Date/Time: 26.11.2025 12:07:49
;----------------------------------------------

;Address Opcode 	ASM
0x0000	0x2803      	GOTO       3
_main:
;Uygulama23.c,4 :: 		void main() {
;Uygulama23.c,6 :: 		TRISB=0;
0x0003	0x1683      	BSF        STATUS, 5
0x0004	0x1303      	BCF        STATUS, 6
0x0005	0x0186      	CLRF       TRISB
;Uygulama23.c,8 :: 		while(1){
L_main0:
;Uygulama23.c,9 :: 		PORTB=0B11111100;
0x0006	0x30FC      	MOVLW      252
0x0007	0x1283      	BCF        STATUS, 5
0x0008	0x0086      	MOVWF      PORTB
;Uygulama23.c,10 :: 		Delay_ms(1000);
0x0009	0x300B      	MOVLW      11
0x000A	0x00FB      	MOVWF      R11
0x000B	0x3026      	MOVLW      38
0x000C	0x00FC      	MOVWF      R12
0x000D	0x305D      	MOVLW      93
0x000E	0x00FD      	MOVWF      R13
L_main2:
0x000F	0x0BFD      	DECFSZ     R13, 1
0x0010	0x280F      	GOTO       L_main2
0x0011	0x0BFC      	DECFSZ     R12, 1
0x0012	0x280F      	GOTO       L_main2
0x0013	0x0BFB      	DECFSZ     R11, 1
0x0014	0x280F      	GOTO       L_main2
0x0015	0x0000      	NOP
0x0016	0x0000      	NOP
;Uygulama23.c,12 :: 		PORTB=0B01100000;
0x0017	0x3060      	MOVLW      96
0x0018	0x0086      	MOVWF      PORTB
;Uygulama23.c,13 :: 		Delay_ms(1000);
0x0019	0x300B      	MOVLW      11
0x001A	0x00FB      	MOVWF      R11
0x001B	0x3026      	MOVLW      38
0x001C	0x00FC      	MOVWF      R12
0x001D	0x305D      	MOVLW      93
0x001E	0x00FD      	MOVWF      R13
L_main3:
0x001F	0x0BFD      	DECFSZ     R13, 1
0x0020	0x281F      	GOTO       L_main3
0x0021	0x0BFC      	DECFSZ     R12, 1
0x0022	0x281F      	GOTO       L_main3
0x0023	0x0BFB      	DECFSZ     R11, 1
0x0024	0x281F      	GOTO       L_main3
0x0025	0x0000      	NOP
0x0026	0x0000      	NOP
;Uygulama23.c,15 :: 		PORTB=0B11011010;
0x0027	0x30DA      	MOVLW      218
0x0028	0x0086      	MOVWF      PORTB
;Uygulama23.c,16 :: 		Delay_ms(1000);
0x0029	0x300B      	MOVLW      11
0x002A	0x00FB      	MOVWF      R11
0x002B	0x3026      	MOVLW      38
0x002C	0x00FC      	MOVWF      R12
0x002D	0x305D      	MOVLW      93
0x002E	0x00FD      	MOVWF      R13
L_main4:
0x002F	0x0BFD      	DECFSZ     R13, 1
0x0030	0x282F      	GOTO       L_main4
0x0031	0x0BFC      	DECFSZ     R12, 1
0x0032	0x282F      	GOTO       L_main4
0x0033	0x0BFB      	DECFSZ     R11, 1
0x0034	0x282F      	GOTO       L_main4
0x0035	0x0000      	NOP
0x0036	0x0000      	NOP
;Uygulama23.c,18 :: 		PORTB=0B11110010;
0x0037	0x30F2      	MOVLW      242
0x0038	0x0086      	MOVWF      PORTB
;Uygulama23.c,19 :: 		Delay_ms(1000);
0x0039	0x300B      	MOVLW      11
0x003A	0x00FB      	MOVWF      R11
0x003B	0x3026      	MOVLW      38
0x003C	0x00FC      	MOVWF      R12
0x003D	0x305D      	MOVLW      93
0x003E	0x00FD      	MOVWF      R13
L_main5:
0x003F	0x0BFD      	DECFSZ     R13, 1
0x0040	0x283F      	GOTO       L_main5
0x0041	0x0BFC      	DECFSZ     R12, 1
0x0042	0x283F      	GOTO       L_main5
0x0043	0x0BFB      	DECFSZ     R11, 1
0x0044	0x283F      	GOTO       L_main5
0x0045	0x0000      	NOP
0x0046	0x0000      	NOP
;Uygulama23.c,21 :: 		PORTB=0B01100110;
0x0047	0x3066      	MOVLW      102
0x0048	0x0086      	MOVWF      PORTB
;Uygulama23.c,22 :: 		Delay_ms(1000);
0x0049	0x300B      	MOVLW      11
0x004A	0x00FB      	MOVWF      R11
0x004B	0x3026      	MOVLW      38
0x004C	0x00FC      	MOVWF      R12
0x004D	0x305D      	MOVLW      93
0x004E	0x00FD      	MOVWF      R13
L_main6:
0x004F	0x0BFD      	DECFSZ     R13, 1
0x0050	0x284F      	GOTO       L_main6
0x0051	0x0BFC      	DECFSZ     R12, 1
0x0052	0x284F      	GOTO       L_main6
0x0053	0x0BFB      	DECFSZ     R11, 1
0x0054	0x284F      	GOTO       L_main6
0x0055	0x0000      	NOP
0x0056	0x0000      	NOP
;Uygulama23.c,25 :: 		}
0x0057	0x2806      	GOTO       L_main0
;Uygulama23.c,26 :: 		}
L_end_main:
0x0058	0x2858      	GOTO       $+0
; end of _main
Symbol List:
//** Routines locations **
//ADDRESS    SIZE    PROCEDURE
//----------------------------------------------
0x0003      [86]    _main
//** Variables locations ** 
//ADDRESS    SIZE    VARIABLE
//----------------------------------------------
0x0000       [1]    INDF
0x0003       [1]    STATUS
0x0004       [1]    FSR
0x0006       [1]    PORTB
0x000A       [1]    PCLATH
0x0020       [2]    ___DoICPAddr
0x0070       [1]    R0
0x0071       [1]    R1
0x0072       [1]    R2
0x0073       [1]    R3
0x0074       [1]    R4
0x0075       [1]    R5
0x0076       [1]    R6
0x0077       [1]    R7
0x0078       [1]    R8
0x0079       [1]    R9
0x007A       [1]    R10
0x007B       [1]    R11
0x007C       [1]    R12
0x007D       [1]    R13
0x007E       [1]    R14
0x007F       [1]    R15
0x0086       [1]    TRISB
