;  LST file generated by mikroListExporter - v.2.0 
; Date/Time: 1.10.2025 11:22:30
;----------------------------------------------

;Address Opcode 	ASM
0x0000	0x2803      	GOTO       3
_main:
;Uygulama1.c,3 :: 		void main() {
;Uygulama1.c,5 :: 		TRISB=0x00; //B portunun bütün pinleri çýkýþ olarak ayarlandý.
0x0003	0x1683      	BSF        STATUS, 5
0x0004	0x1303      	BCF        STATUS, 6
0x0005	0x0186      	CLRF       TRISB
;Uygulama1.c,7 :: 		PORTB=0X00; //B portunun bütün pinlerini 0 volt'a çektim.
0x0006	0x1283      	BCF        STATUS, 5
0x0007	0x0186      	CLRF       PORTB
;Uygulama1.c,9 :: 		while(1){
L_main0:
;Uygulama1.c,11 :: 		PORTB=0Xff;
0x0008	0x30FF      	MOVLW      255
0x0009	0x0086      	MOVWF      PORTB
;Uygulama1.c,12 :: 		Delay_ms(1000);
0x000A	0x300B      	MOVLW      11
0x000B	0x00FB      	MOVWF      R11
0x000C	0x3026      	MOVLW      38
0x000D	0x00FC      	MOVWF      R12
0x000E	0x305D      	MOVLW      93
0x000F	0x00FD      	MOVWF      R13
L_main2:
0x0010	0x0BFD      	DECFSZ     R13, 1
0x0011	0x2810      	GOTO       L_main2
0x0012	0x0BFC      	DECFSZ     R12, 1
0x0013	0x2810      	GOTO       L_main2
0x0014	0x0BFB      	DECFSZ     R11, 1
0x0015	0x2810      	GOTO       L_main2
0x0016	0x0000      	NOP
0x0017	0x0000      	NOP
;Uygulama1.c,14 :: 		PORTB=0X00;
0x0018	0x0186      	CLRF       PORTB
;Uygulama1.c,15 :: 		Delay_ms(1000);
0x0019	0x300B      	MOVLW      11
0x001A	0x00FB      	MOVWF      R11
0x001B	0x3026      	MOVLW      38
0x001C	0x00FC      	MOVWF      R12
0x001D	0x305D      	MOVLW      93
0x001E	0x00FD      	MOVWF      R13
L_main3:
0x001F	0x0BFD      	DECFSZ     R13, 1
0x0020	0x281F      	GOTO       L_main3
0x0021	0x0BFC      	DECFSZ     R12, 1
0x0022	0x281F      	GOTO       L_main3
0x0023	0x0BFB      	DECFSZ     R11, 1
0x0024	0x281F      	GOTO       L_main3
0x0025	0x0000      	NOP
0x0026	0x0000      	NOP
;Uygulama1.c,17 :: 		}
0x0027	0x2808      	GOTO       L_main0
;Uygulama1.c,20 :: 		}
L_end_main:
0x0028	0x2828      	GOTO       $+0
; end of _main
Symbol List:
//** Routines locations **
//ADDRESS    SIZE    PROCEDURE
//----------------------------------------------
0x0003      [38]    _main
//** Variables locations ** 
//ADDRESS    SIZE    VARIABLE
//----------------------------------------------
0x0000       [1]    INDF
0x0003       [1]    STATUS
0x0004       [1]    FSR
0x0006       [1]    PORTB
0x000A       [1]    PCLATH
0x0020       [2]    ___DoICPAddr
0x0070       [1]    R0
0x0071       [1]    R1
0x0072       [1]    R2
0x0073       [1]    R3
0x0074       [1]    R4
0x0075       [1]    R5
0x0076       [1]    R6
0x0077       [1]    R7
0x0078       [1]    R8
0x0079       [1]    R9
0x007A       [1]    R10
0x007B       [1]    R11
0x007C       [1]    R12
0x007D       [1]    R13
0x007E       [1]    R14
0x007F       [1]    R15
0x0086       [1]    TRISB
