;  LST file generated by mikroListExporter - v.2.0 
; Date/Time: 15.10.2025 12:18:57
;----------------------------------------------

;Address Opcode 	ASM
0x0000	0x2803      	GOTO       3
_main:
;Uygulama7.c,4 :: 		void main() {
;Uygulama7.c,6 :: 		TRISB=0;
0x0003	0x1683      	BSF        STATUS, 5
0x0004	0x1303      	BCF        STATUS, 6
0x0005	0x0186      	CLRF       TRISB
;Uygulama7.c,7 :: 		sayi1=1;
0x0006	0x3001      	MOVLW      1
0x0007	0x1283      	BCF        STATUS, 5
0x0008	0x00A2      	MOVWF      _sayi1
;Uygulama7.c,8 :: 		sayi2=128;
0x0009	0x3080      	MOVLW      128
0x000A	0x00A3      	MOVWF      _sayi2
;Uygulama7.c,9 :: 		PORTB=sayi1+sayi2;
0x000B	0x3081      	MOVLW      129
0x000C	0x0086      	MOVWF      PORTB
;Uygulama7.c,10 :: 		Delay_ms(1200);
0x000D	0x300D      	MOVLW      13
0x000E	0x00FB      	MOVWF      R11
0x000F	0x302D      	MOVLW      45
0x0010	0x00FC      	MOVWF      R12
0x0011	0x30D7      	MOVLW      215
0x0012	0x00FD      	MOVWF      R13
L_main0:
0x0013	0x0BFD      	DECFSZ     R13, 1
0x0014	0x2813      	GOTO       L_main0
0x0015	0x0BFC      	DECFSZ     R12, 1
0x0016	0x2813      	GOTO       L_main0
0x0017	0x0BFB      	DECFSZ     R11, 1
0x0018	0x2813      	GOTO       L_main0
0x0019	0x0000      	NOP
0x001A	0x0000      	NOP
;Uygulama7.c,11 :: 		while(1){
L_main1:
;Uygulama7.c,13 :: 		sayi1=sayi1<<1;
0x001B	0x0822      	MOVF       _sayi1, 0
0x001C	0x00F2      	MOVWF      R2
0x001D	0x0DF2      	RLF        R2, 1
0x001E	0x1072      	BCF        R2, 0
0x001F	0x0872      	MOVF       R2, 0
0x0020	0x00A2      	MOVWF      _sayi1
;Uygulama7.c,14 :: 		sayi2=sayi2>>1;
0x0021	0x0823      	MOVF       _sayi2, 0
0x0022	0x00F0      	MOVWF      R0
0x0023	0x0CF0      	RRF        R0, 1
0x0024	0x13F0      	BCF        R0, 7
0x0025	0x0870      	MOVF       R0, 0
0x0026	0x00A3      	MOVWF      _sayi2
;Uygulama7.c,15 :: 		PORTB=sayi1+sayi2;
0x0027	0x0870      	MOVF       R0, 0
0x0028	0x0772      	ADDWF      R2, 0
0x0029	0x0086      	MOVWF      PORTB
;Uygulama7.c,16 :: 		Delay_ms(1200);
0x002A	0x300D      	MOVLW      13
0x002B	0x00FB      	MOVWF      R11
0x002C	0x302D      	MOVLW      45
0x002D	0x00FC      	MOVWF      R12
0x002E	0x30D7      	MOVLW      215
0x002F	0x00FD      	MOVWF      R13
L_main3:
0x0030	0x0BFD      	DECFSZ     R13, 1
0x0031	0x2830      	GOTO       L_main3
0x0032	0x0BFC      	DECFSZ     R12, 1
0x0033	0x2830      	GOTO       L_main3
0x0034	0x0BFB      	DECFSZ     R11, 1
0x0035	0x2830      	GOTO       L_main3
0x0036	0x0000      	NOP
0x0037	0x0000      	NOP
;Uygulama7.c,17 :: 		if(sayi1==128){
0x0038	0x0822      	MOVF       _sayi1, 0
0x0039	0x3A80      	XORLW      128
0x003A	0x1D03      	BTFSS      STATUS, 2
0x003B	0x2850      	GOTO       L_main4
;Uygulama7.c,18 :: 		sayi1=1;
0x003C	0x3001      	MOVLW      1
0x003D	0x00A2      	MOVWF      _sayi1
;Uygulama7.c,19 :: 		sayi2=128;
0x003E	0x3080      	MOVLW      128
0x003F	0x00A3      	MOVWF      _sayi2
;Uygulama7.c,20 :: 		PORTB=sayi1+sayi2;
0x0040	0x3081      	MOVLW      129
0x0041	0x0086      	MOVWF      PORTB
;Uygulama7.c,21 :: 		Delay_ms(1200);
0x0042	0x300D      	MOVLW      13
0x0043	0x00FB      	MOVWF      R11
0x0044	0x302D      	MOVLW      45
0x0045	0x00FC      	MOVWF      R12
0x0046	0x30D7      	MOVLW      215
0x0047	0x00FD      	MOVWF      R13
L_main5:
0x0048	0x0BFD      	DECFSZ     R13, 1
0x0049	0x2848      	GOTO       L_main5
0x004A	0x0BFC      	DECFSZ     R12, 1
0x004B	0x2848      	GOTO       L_main5
0x004C	0x0BFB      	DECFSZ     R11, 1
0x004D	0x2848      	GOTO       L_main5
0x004E	0x0000      	NOP
0x004F	0x0000      	NOP
;Uygulama7.c,22 :: 		}
L_main4:
;Uygulama7.c,24 :: 		}
0x0050	0x281B      	GOTO       L_main1
;Uygulama7.c,25 :: 		}
L_end_main:
0x0051	0x2851      	GOTO       $+0
; end of _main
Symbol List:
//** Routines locations **
//ADDRESS    SIZE    PROCEDURE
//----------------------------------------------
0x0003      [79]    _main
//** Variables locations ** 
//ADDRESS    SIZE    VARIABLE
//----------------------------------------------
0x0000       [1]    INDF
0x0003       [1]    STATUS
0x0004       [1]    FSR
0x0006       [1]    PORTB
0x000A       [1]    PCLATH
0x0020       [2]    ___DoICPAddr
0x0022       [1]    _sayi1
0x0023       [1]    _sayi2
0x0070       [1]    R0
0x0071       [1]    R1
0x0072       [1]    R2
0x0073       [1]    R3
0x0074       [1]    R4
0x0075       [1]    R5
0x0076       [1]    R6
0x0077       [1]    R7
0x0078       [1]    R8
0x0079       [1]    R9
0x007A       [1]    R10
0x007B       [1]    R11
0x007C       [1]    R12
0x007D       [1]    R13
0x007E       [1]    R14
0x007F       [1]    R15
0x0086       [1]    TRISB
