;  LST file generated by mikroListExporter - v.2.0 
; Date/Time: 31.12.2025 11:24:19
;----------------------------------------------

;Address Opcode 	ASM
0x0000	0x2803      	GOTO       3
_main:
;Uygulama35.c,1 :: 		void main(){
;Uygulama35.c,2 :: 		TRISC.F0=0;
0x0003	0x1683      	BSF        STATUS, 5
0x0004	0x1303      	BCF        STATUS, 6
0x0005	0x1007      	BCF        TRISC, 0
;Uygulama35.c,3 :: 		TRISC.F1=0;
0x0006	0x1087      	BCF        TRISC, 1
;Uygulama35.c,4 :: 		TRISC.F2=0;
0x0007	0x1107      	BCF        TRISC, 2
;Uygulama35.c,5 :: 		TRISC.F3=0;
0x0008	0x1187      	BCF        TRISC, 3
;Uygulama35.c,6 :: 		TRISD.F0=1;
0x0009	0x1408      	BSF        TRISD, 0
;Uygulama35.c,7 :: 		TRISD.F1=1;
0x000A	0x1488      	BSF        TRISD, 1
;Uygulama35.c,8 :: 		TRISD.F2=1;
0x000B	0x1508      	BSF        TRISD, 2
;Uygulama35.c,9 :: 		TRISB=0;
0x000C	0x0186      	CLRF       TRISB
;Uygulama35.c,10 :: 		while(1){
L_main0:
;Uygulama35.c,12 :: 		PORTC.F0=1;
0x000D	0x1283      	BCF        STATUS, 5
0x000E	0x1407      	BSF        PORTC, 0
;Uygulama35.c,13 :: 		if (PORTD.F0==1){
0x000F	0x1C08      	BTFSS      PORTD, 0
0x0010	0x2814      	GOTO       L_main2
;Uygulama35.c,14 :: 		PORTB=3;
0x0011	0x3003      	MOVLW      3
0x0012	0x0086      	MOVWF      PORTB
;Uygulama35.c,15 :: 		}else if(PORTD.F1==1){
0x0013	0x281D      	GOTO       L_main3
L_main2:
0x0014	0x1C88      	BTFSS      PORTD, 1
0x0015	0x2819      	GOTO       L_main4
;Uygulama35.c,16 :: 		PORTB=2;}
0x0016	0x3002      	MOVLW      2
0x0017	0x0086      	MOVWF      PORTB
0x0018	0x281D      	GOTO       L_main5
L_main4:
;Uygulama35.c,17 :: 		else if(PORTD.F2==1){
0x0019	0x1D08      	BTFSS      PORTD, 2
0x001A	0x281D      	GOTO       L_main6
;Uygulama35.c,18 :: 		PORTB=1;}
0x001B	0x3001      	MOVLW      1
0x001C	0x0086      	MOVWF      PORTB
L_main6:
L_main5:
L_main3:
;Uygulama35.c,20 :: 		PORTC.F0=0;
0x001D	0x1007      	BCF        PORTC, 0
;Uygulama35.c,21 :: 		PORTC.F1=1;
0x001E	0x1487      	BSF        PORTC, 1
;Uygulama35.c,23 :: 		if (PORTD.F0==1){
0x001F	0x1C08      	BTFSS      PORTD, 0
0x0020	0x2824      	GOTO       L_main7
;Uygulama35.c,24 :: 		PORTB=6;
0x0021	0x3006      	MOVLW      6
0x0022	0x0086      	MOVWF      PORTB
;Uygulama35.c,25 :: 		}else if(PORTD.F1==1){
0x0023	0x282D      	GOTO       L_main8
L_main7:
0x0024	0x1C88      	BTFSS      PORTD, 1
0x0025	0x2829      	GOTO       L_main9
;Uygulama35.c,26 :: 		PORTB=5;
0x0026	0x3005      	MOVLW      5
0x0027	0x0086      	MOVWF      PORTB
;Uygulama35.c,27 :: 		}
0x0028	0x282D      	GOTO       L_main10
L_main9:
;Uygulama35.c,28 :: 		else if(PORTD.F2==1){
0x0029	0x1D08      	BTFSS      PORTD, 2
0x002A	0x282D      	GOTO       L_main11
;Uygulama35.c,29 :: 		PORTB=4;
0x002B	0x3004      	MOVLW      4
0x002C	0x0086      	MOVWF      PORTB
;Uygulama35.c,30 :: 		}
L_main11:
L_main10:
L_main8:
;Uygulama35.c,32 :: 		PORTC.F1=0;
0x002D	0x1087      	BCF        PORTC, 1
;Uygulama35.c,33 :: 		PORTC.F2=1;
0x002E	0x1507      	BSF        PORTC, 2
;Uygulama35.c,35 :: 		if (PORTD.F0==1){
0x002F	0x1C08      	BTFSS      PORTD, 0
0x0030	0x2834      	GOTO       L_main12
;Uygulama35.c,36 :: 		PORTB=9;
0x0031	0x3009      	MOVLW      9
0x0032	0x0086      	MOVWF      PORTB
;Uygulama35.c,37 :: 		}else if(PORTD.F1==1){
0x0033	0x283D      	GOTO       L_main13
L_main12:
0x0034	0x1C88      	BTFSS      PORTD, 1
0x0035	0x2839      	GOTO       L_main14
;Uygulama35.c,38 :: 		PORTB=8;
0x0036	0x3008      	MOVLW      8
0x0037	0x0086      	MOVWF      PORTB
;Uygulama35.c,39 :: 		}
0x0038	0x283D      	GOTO       L_main15
L_main14:
;Uygulama35.c,40 :: 		else if(PORTD.F2==1){
0x0039	0x1D08      	BTFSS      PORTD, 2
0x003A	0x283D      	GOTO       L_main16
;Uygulama35.c,41 :: 		PORTB=7;
0x003B	0x3007      	MOVLW      7
0x003C	0x0086      	MOVWF      PORTB
;Uygulama35.c,42 :: 		}
L_main16:
L_main15:
L_main13:
;Uygulama35.c,44 :: 		PORTC.F3=1;
0x003D	0x1587      	BSF        PORTC, 3
;Uygulama35.c,45 :: 		PORTC.F2=0;
0x003E	0x1107      	BCF        PORTC, 2
;Uygulama35.c,46 :: 		if (PORTD.F0==1){
0x003F	0x1C08      	BTFSS      PORTD, 0
0x0040	0x2843      	GOTO       L_main17
;Uygulama35.c,47 :: 		PORTB=0;
0x0041	0x0186      	CLRF       PORTB
;Uygulama35.c,48 :: 		}else if(PORTD.F1==1){
0x0042	0x284A      	GOTO       L_main18
L_main17:
0x0043	0x1C88      	BTFSS      PORTD, 1
0x0044	0x2847      	GOTO       L_main19
;Uygulama35.c,49 :: 		PORTB=0;
0x0045	0x0186      	CLRF       PORTB
;Uygulama35.c,50 :: 		}
0x0046	0x284A      	GOTO       L_main20
L_main19:
;Uygulama35.c,51 :: 		else if(PORTD.F2==1){
0x0047	0x1D08      	BTFSS      PORTD, 2
0x0048	0x284A      	GOTO       L_main21
;Uygulama35.c,52 :: 		PORTB=0;
0x0049	0x0186      	CLRF       PORTB
;Uygulama35.c,53 :: 		}}}
L_main21:
L_main20:
L_main18:
0x004A	0x280D      	GOTO       L_main0
L_end_main:
0x004B	0x284B      	GOTO       $+0
; end of _main
Symbol List:
//** Routines locations **
//ADDRESS    SIZE    PROCEDURE
//----------------------------------------------
0x0003      [73]    _main
//** Variables locations ** 
//ADDRESS    SIZE    VARIABLE
//----------------------------------------------
0x0000       [1]    INDF
0x0003       [1]    STATUS
0x0004       [1]    FSR
0x0006       [1]    PORTB
0x0007       [1]    PORTC
0x0008       [1]    PORTD
0x000A       [1]    PCLATH
0x0020       [2]    ___DoICPAddr
0x0070       [1]    R0
0x0071       [1]    R1
0x0072       [1]    R2
0x0073       [1]    R3
0x0074       [1]    R4
0x0075       [1]    R5
0x0076       [1]    R6
0x0077       [1]    R7
0x0078       [1]    R8
0x0079       [1]    R9
0x007A       [1]    R10
0x007B       [1]    R11
0x007C       [1]    R12
0x007D       [1]    R13
0x007E       [1]    R14
0x007F       [1]    R15
0x0086       [1]    TRISB
0x0087       [1]    TRISC
0x0088       [1]    TRISD
