;  LST file generated by mikroListExporter - v.2.0 
; Date/Time: 3.12.2025 11:03:36
;----------------------------------------------

;Address Opcode 	ASM
0x0000	0x2803      	GOTO       3
_main:
;Uygulama26.c,6 :: 		void main() {
;Uygulama26.c,8 :: 		TRISB=0;
0x0003	0x1683      	BSF        STATUS, 5
0x0004	0x1303      	BCF        STATUS, 6
0x0005	0x0186      	CLRF       TRISB
;Uygulama26.c,9 :: 		TRISD=0XFF;
0x0006	0x30FF      	MOVLW      255
0x0007	0x0088      	MOVWF      TRISD
;Uygulama26.c,10 :: 		sayi=0;
0x0008	0x1283      	BCF        STATUS, 5
0x0009	0x01A1      	CLRF       _sayi
0x000A	0x01A2      	CLRF       _sayi+1
;Uygulama26.c,11 :: 		buton_arttir=0;
0x000B	0x1020      	BCF        _buton_arttir, BitPos(_buton_arttir+0)
;Uygulama26.c,12 :: 		buton_azalt=0;
0x000C	0x10A0      	BCF        _buton_azalt, BitPos(_buton_azalt+0)
;Uygulama26.c,14 :: 		while(1){
L_main0:
;Uygulama26.c,16 :: 		PORTB=sayi;
0x000D	0x0821      	MOVF       _sayi, 0
0x000E	0x0086      	MOVWF      PORTB
;Uygulama26.c,18 :: 		if(PORTD.F0==1&&buton_arttir==0){
0x000F	0x1C08      	BTFSS      PORTD, 0
0x0010	0x2822      	GOTO       L_main4
0x0011	0x1820      	BTFSC      _buton_arttir, BitPos(_buton_arttir+0)
0x0012	0x2822      	GOTO       L_main4
L__main15:
;Uygulama26.c,19 :: 		sayi=sayi+1;
0x0013	0x0AA1      	INCF       _sayi, 1
0x0014	0x1903      	BTFSC      STATUS, 2
0x0015	0x0AA2      	INCF       _sayi+1, 1
;Uygulama26.c,20 :: 		buton_arttir=1;
0x0016	0x1420      	BSF        _buton_arttir, BitPos(_buton_arttir+0)
;Uygulama26.c,21 :: 		if(sayi==10){
0x0017	0x3000      	MOVLW      0
0x0018	0x0622      	XORWF      _sayi+1, 0
0x0019	0x1D03      	BTFSS      STATUS, 2
0x001A	0x281D      	GOTO       L__main17
0x001B	0x300A      	MOVLW      10
0x001C	0x0621      	XORWF      _sayi, 0
L__main17:
0x001D	0x1D03      	BTFSS      STATUS, 2
0x001E	0x2821      	GOTO       L_main5
;Uygulama26.c,22 :: 		sayi=0;
0x001F	0x01A1      	CLRF       _sayi
0x0020	0x01A2      	CLRF       _sayi+1
;Uygulama26.c,23 :: 		}
L_main5:
;Uygulama26.c,24 :: 		}else if(PORTD.F0==0){
0x0021	0x2825      	GOTO       L_main6
L_main4:
0x0022	0x1808      	BTFSC      PORTD, 0
0x0023	0x2825      	GOTO       L_main7
;Uygulama26.c,25 :: 		buton_arttir=0;
0x0024	0x1020      	BCF        _buton_arttir, BitPos(_buton_arttir+0)
;Uygulama26.c,26 :: 		}
L_main7:
L_main6:
;Uygulama26.c,27 :: 		if(PORTD.F1==1&&buton_azalt==0){
0x0025	0x1C88      	BTFSS      PORTD, 1
0x0026	0x283B      	GOTO       L_main10
0x0027	0x18A0      	BTFSC      _buton_azalt, BitPos(_buton_azalt+0)
0x0028	0x283B      	GOTO       L_main10
L__main14:
;Uygulama26.c,28 :: 		sayi=sayi-1;
0x0029	0x3001      	MOVLW      1
0x002A	0x02A1      	SUBWF      _sayi, 1
0x002B	0x1C03      	BTFSS      STATUS, 0
0x002C	0x03A2      	DECF       _sayi+1, 1
;Uygulama26.c,29 :: 		if(sayi==-1){
0x002D	0x30FF      	MOVLW      255
0x002E	0x0622      	XORWF      _sayi+1, 0
0x002F	0x1D03      	BTFSS      STATUS, 2
0x0030	0x2833      	GOTO       L__main18
0x0031	0x30FF      	MOVLW      255
0x0032	0x0621      	XORWF      _sayi, 0
L__main18:
0x0033	0x1D03      	BTFSS      STATUS, 2
0x0034	0x2839      	GOTO       L_main11
;Uygulama26.c,30 :: 		sayi=9;
0x0035	0x3009      	MOVLW      9
0x0036	0x00A1      	MOVWF      _sayi
0x0037	0x3000      	MOVLW      0
0x0038	0x00A2      	MOVWF      _sayi+1
;Uygulama26.c,31 :: 		}
L_main11:
;Uygulama26.c,32 :: 		buton_azalt=1;
0x0039	0x14A0      	BSF        _buton_azalt, BitPos(_buton_azalt+0)
;Uygulama26.c,33 :: 		}else if(PORTD.F1==0){
0x003A	0x283E      	GOTO       L_main12
L_main10:
0x003B	0x1888      	BTFSC      PORTD, 1
0x003C	0x283E      	GOTO       L_main13
;Uygulama26.c,34 :: 		buton_azalt=0;
0x003D	0x10A0      	BCF        _buton_azalt, BitPos(_buton_azalt+0)
;Uygulama26.c,35 :: 		}
L_main13:
L_main12:
;Uygulama26.c,36 :: 		}
0x003E	0x280D      	GOTO       L_main0
;Uygulama26.c,37 :: 		}
L_end_main:
0x003F	0x283F      	GOTO       $+0
; end of _main
Symbol List:
//** Routines locations **
//ADDRESS    SIZE    PROCEDURE
//----------------------------------------------
0x0003      [61]    _main
//** Variables locations ** 
//ADDRESS    SIZE    VARIABLE
//----------------------------------------------
0x0000       [1]    INDF
0x0003       [1]    STATUS
0x0004       [1]    FSR
0x0006       [1]    PORTB
0x0008       [1]    PORTD
0x000A       [1]    PCLATH
0x0020       [0]    _buton_arttir
0x0020       [0]    _buton_azalt
0x0021       [2]    _sayi
0x0023       [2]    ___DoICPAddr
0x0070       [1]    R0
0x0071       [1]    R1
0x0072       [1]    R2
0x0073       [1]    R3
0x0074       [1]    R4
0x0075       [1]    R5
0x0076       [1]    R6
0x0077       [1]    R7
0x0078       [1]    R8
0x0079       [1]    R9
0x007A       [1]    R10
0x007B       [1]    R11
0x007C       [1]    R12
0x007D       [1]    R13
0x007E       [1]    R14
0x007F       [1]    R15
0x0086       [1]    TRISB
0x0088       [1]    TRISD
