;  LST file generated by mikroListExporter - v.2.0 
; Date/Time: 19.11.2025 12:23:32
;----------------------------------------------

;Address Opcode 	ASM
0x0000	0x2964      	GOTO       356
_RES032:
;__Lib_MathDouble.c,123 :: 		
;__Lib_MathDouble.c,128 :: 		
0x0003	0x01F2      	CLRF       R2
;__Lib_MathDouble.c,129 :: 		
0x0004	0x01F1      	CLRF       R1
;__Lib_MathDouble.c,130 :: 		
0x0005	0x01F0      	CLRF       R0
;__Lib_MathDouble.c,131 :: 		
0x0006	0x01F8      	CLRF       R8
;__Lib_MathDouble.c,132 :: 		
0x0007	0x01F3      	CLRF       R3
;__Lib_MathDouble.c,133 :: 		
0x0008	0x3000      	MOVLW      0
;__Lib_MathDouble.c,135 :: 		
L_end_RES032:
0x0009	0x0008      	RETURN
; end of _RES032
_SETFUN32:
;__Lib_MathDouble.c,138 :: 		
;__Lib_MathDouble.c,145 :: 		
0x000A	0x157B      	BSF        R11, 2
;__Lib_MathDouble.c,146 :: 		
0x000B	0x1FFB      	BTFSS      R11, 7
;__Lib_MathDouble.c,147 :: 		
0x000C	0x2814      	GOTO       SETFUN32EEE
;__Lib_MathDouble.c,148 :: 		
0x000D	0x3001      	MOVLW      1
;__Lib_MathDouble.c,149 :: 		
0x000E	0x00F3      	MOVWF      R3
;__Lib_MathDouble.c,150 :: 		
0x000F	0x01F2      	CLRF       R2
;__Lib_MathDouble.c,151 :: 		
0x0010	0x01F1      	CLRF       R1
;__Lib_MathDouble.c,152 :: 		
0x0011	0x01F0      	CLRF       R0
;__Lib_MathDouble.c,153 :: 		
0x0012	0x0DFA      	RLF        R10, 1
;__Lib_MathDouble.c,154 :: 		
0x0013	0x0CF2      	RRF        R2, 1
;__Lib_MathDouble.c,155 :: 		
SETFUN32EEE:
;__Lib_MathDouble.c,156 :: 		
0x0014	0x30FF      	MOVLW      255
;__Lib_MathDouble.c,158 :: 		
L_end_SETFUN32:
0x0015	0x0008      	RETURN
; end of _SETFUN32
_FIXSIGN32:
;__Lib_MathDouble.c,112 :: 		
;__Lib_MathDouble.c,116 :: 		
0x0016	0x1FFA      	BTFSS      R10, 7
;__Lib_MathDouble.c,117 :: 		
0x0017	0x13F2      	BCF        R2, 7
;__Lib_MathDouble.c,118 :: 		
0x0018	0x3000      	MOVLW      0
;__Lib_MathDouble.c,120 :: 		
L_end_FIXSIGN32:
0x0019	0x0008      	RETURN
; end of _FIXSIGN32
_SETFOV32:
;__Lib_MathDouble.c,79 :: 		
;__Lib_MathDouble.c,86 :: 		
0x001A	0x14FB      	BSF        R11, 1
;__Lib_MathDouble.c,87 :: 		
0x001B	0x1FFB      	BTFSS      R11, 7
;__Lib_MathDouble.c,88 :: 		
0x001C	0x2824      	GOTO       SETFOV32EEE
;__Lib_MathDouble.c,89 :: 		
0x001D	0x30FF      	MOVLW      255
;__Lib_MathDouble.c,90 :: 		
0x001E	0x00F3      	MOVWF      R3
;__Lib_MathDouble.c,91 :: 		
0x001F	0x00F2      	MOVWF      R2
;__Lib_MathDouble.c,92 :: 		
0x0020	0x00F1      	MOVWF      R1
;__Lib_MathDouble.c,93 :: 		
0x0021	0x00F0      	MOVWF      R0
;__Lib_MathDouble.c,94 :: 		
0x0022	0x0DFA      	RLF        R10, 1
;__Lib_MathDouble.c,95 :: 		
0x0023	0x0CF2      	RRF        R2, 1
;__Lib_MathDouble.c,96 :: 		
SETFOV32EEE:
;__Lib_MathDouble.c,97 :: 		
0x0024	0x30FF      	MOVLW      255
;__Lib_MathDouble.c,99 :: 		
L_end_SETFOV32:
0x0025	0x0008      	RETURN
; end of _SETFOV32
_NRM3232:
;__Lib_MathDouble.c,167 :: 		
;__Lib_MathDouble.c,173 :: 		
;__Lib_MathDouble.c,175 :: 		
0x0026	0x01A0      	CLRF       __math_tempbD
;__Lib_MathDouble.c,176 :: 		
0x0027	0x0872      	MOVF       R2, 0
;__Lib_MathDouble.c,177 :: 		
0x0028	0x1D03      	BTFSS      STATUS, 2
;__Lib_MathDouble.c,178 :: 		
0x0029	0x283B      	GOTO       NORM3232
;__Lib_MathDouble.c,179 :: 		
0x002A	0x0871      	MOVF       R1, 0
;__Lib_MathDouble.c,180 :: 		
0x002B	0x00F2      	MOVWF      R2
;__Lib_MathDouble.c,181 :: 		
0x002C	0x0870      	MOVF       R0, 0
;__Lib_MathDouble.c,182 :: 		
0x002D	0x00F1      	MOVWF      R1
;__Lib_MathDouble.c,183 :: 		
0x002E	0x01F0      	CLRF       R0
;__Lib_MathDouble.c,184 :: 		
0x002F	0x15A0      	BSF        __math_tempbD, 3
;__Lib_MathDouble.c,186 :: 		
0x0030	0x0872      	MOVF       R2, 0
;__Lib_MathDouble.c,187 :: 		
0x0031	0x1D03      	BTFSS      STATUS, 2
;__Lib_MathDouble.c,188 :: 		
0x0032	0x283B      	GOTO       NORM3232
;__Lib_MathDouble.c,189 :: 		
0x0033	0x0871      	MOVF       R1, 0
;__Lib_MathDouble.c,190 :: 		
0x0034	0x00F2      	MOVWF      R2
;__Lib_MathDouble.c,191 :: 		
0x0035	0x01F1      	CLRF       R1
;__Lib_MathDouble.c,192 :: 		
0x0036	0x11A0      	BCF        __math_tempbD, 3
;__Lib_MathDouble.c,193 :: 		
0x0037	0x1620      	BSF        __math_tempbD, 4
;__Lib_MathDouble.c,195 :: 		
0x0038	0x0872      	MOVF       R2, 0
;__Lib_MathDouble.c,196 :: 		
0x0039	0x1903      	BTFSC      STATUS, 2
;__Lib_MathDouble.c,197 :: 		
0x003A	0x2849      	GOTO       JPNRES032
;__Lib_MathDouble.c,198 :: 		
NORM3232:
;__Lib_MathDouble.c,199 :: 		
0x003B	0x0820      	MOVF       __math_tempbD, 0
;__Lib_MathDouble.c,200 :: 		
0x003C	0x02F3      	SUBWF      R3, 1
;__Lib_MathDouble.c,201 :: 		
0x003D	0x1D03      	BTFSS      STATUS, 2
;__Lib_MathDouble.c,202 :: 		
0x003E	0x1C03      	BTFSS      STATUS, 0
;__Lib_MathDouble.c,203 :: 		
0x003F	0x284D      	GOTO       JPNSETFUN32
;__Lib_MathDouble.c,204 :: 		
0x0040	0x1003      	BCF        STATUS, 0
;__Lib_MathDouble.c,205 :: 		
NORM3232A:
;__Lib_MathDouble.c,206 :: 		
0x0041	0x1BF2      	BTFSC      R2, 7
;__Lib_MathDouble.c,207 :: 		
0x0042	0x2851      	GOTO       JMPNFIXSIGN32
;__Lib_MathDouble.c,208 :: 		
0x0043	0x0DF0      	RLF        R0, 1
;__Lib_MathDouble.c,209 :: 		
0x0044	0x0DF1      	RLF        R1, 1
;__Lib_MathDouble.c,210 :: 		
0x0045	0x0DF2      	RLF        R2, 1
;__Lib_MathDouble.c,211 :: 		
0x0046	0x0BF3      	DECFSZ     R3, 1
;__Lib_MathDouble.c,212 :: 		
0x0047	0x2841      	GOTO       NORM3232A
;__Lib_MathDouble.c,213 :: 		
0x0048	0x284D      	GOTO       JPNSETFUN32
;__Lib_MathDouble.c,214 :: 		
JPNRES032:
;__Lib_MathDouble.c,215 :: 		
0x0049	0x3001      	MOVLW      1
;__Lib_MathDouble.c,216 :: 		
0x004A	0x00FC      	MOVWF      R12
;__Lib_MathDouble.c,218 :: 		
0x004B	0x2003      	CALL       _RES032
;__Lib_MathDouble.c,220 :: 		
0x004C	0x2854      	GOTO       NORM32EEE
;__Lib_MathDouble.c,221 :: 		
JPNSETFUN32:
;__Lib_MathDouble.c,222 :: 		
0x004D	0x3002      	MOVLW      2
;__Lib_MathDouble.c,223 :: 		
0x004E	0x00FC      	MOVWF      R12
;__Lib_MathDouble.c,225 :: 		
0x004F	0x200A      	CALL       _SETFUN32
;__Lib_MathDouble.c,227 :: 		
0x0050	0x2854      	GOTO       NORM32EEE
;__Lib_MathDouble.c,228 :: 		
JMPNFIXSIGN32:
;__Lib_MathDouble.c,229 :: 		
0x0051	0x3004      	MOVLW      4
;__Lib_MathDouble.c,230 :: 		
0x0052	0x00FC      	MOVWF      R12
;__Lib_MathDouble.c,232 :: 		
0x0053	0x2016      	CALL       _FIXSIGN32
;__Lib_MathDouble.c,234 :: 		
NORM32EEE:
;__Lib_MathDouble.c,236 :: 		
L_end_NRM3232:
0x0054	0x0008      	RETURN
; end of _NRM3232
_SETIOV3224:
;__Lib_MathDouble.c,1000 :: 		
;__Lib_MathDouble.c,1006 :: 		
0x0055	0x147B      	BSF        R11, 0
;__Lib_MathDouble.c,1007 :: 		
0x0056	0x1FFB      	BTFSS      R11, 7
;__Lib_MathDouble.c,1008 :: 		
0x0057	0x2860      	GOTO       SETIOV3224EEE
;__Lib_MathDouble.c,1010 :: 		
0x0058	0x01F2      	CLRF       R2
;__Lib_MathDouble.c,1011 :: 		
0x0059	0x1FFA      	BTFSS      R10, 7
;__Lib_MathDouble.c,1012 :: 		
0x005A	0x30FF      	MOVLW      255
;__Lib_MathDouble.c,1013 :: 		
0x005B	0x00F2      	MOVWF      R2
;__Lib_MathDouble.c,1014 :: 		
0x005C	0x00F1      	MOVWF      R1
;__Lib_MathDouble.c,1015 :: 		
0x005D	0x00F0      	MOVWF      R0
;__Lib_MathDouble.c,1016 :: 		
0x005E	0x0DFA      	RLF        R10, 1
;__Lib_MathDouble.c,1017 :: 		
0x005F	0x0CF2      	RRF        R2, 1
;__Lib_MathDouble.c,1018 :: 		
SETIOV3224EEE:
;__Lib_MathDouble.c,1019 :: 		
0x0060	0x30FF      	MOVLW      255
;__Lib_MathDouble.c,1021 :: 		
L_end_SETIOV3224:
0x0061	0x0008      	RETURN
; end of _SETIOV3224
_Delay_22us:
;__Lib_Delays.c,15 :: 		void Delay_22us() {
;__Lib_Delays.c,16 :: 		Delay_us(22);
0x0062	0x300E      	MOVLW      14
0x0063	0x1283      	BCF        STATUS, 5
0x0064	0x1303      	BCF        STATUS, 6
0x0065	0x00FD      	MOVWF      R13
L_Delay_22us1:
0x0066	0x0BFD      	DECFSZ     R13, 1
0x0067	0x2866      	GOTO       L_Delay_22us1
0x0068	0x0000      	NOP
;__Lib_Delays.c,17 :: 		}
L_end_Delay_22us:
0x0069	0x0008      	RETURN
; end of _Delay_22us
_____DoICP:
;__Lib_System.c,6 :: 		
;__Lib_System.c,9 :: 		
0x006A	0x1283      	BCF        STATUS, 5
0x006B	0x1303      	BCF        STATUS, 6
0x006C	0x0823      	MOVF       ___DoICPAddr+1, 0
0x006D	0x008A      	MOVWF      PCLATH
;__Lib_System.c,10 :: 		
0x006E	0x0822      	MOVF       ___DoICPAddr, 0
0x006F	0x0082      	MOVWF      PCL
;__Lib_System.c,12 :: 		
L_end_____DoICP:
0x0070	0x0008      	RETURN
; end of _____DoICP
___CC2DW:
;__Lib_System.c,134 :: 		
;__Lib_System.c,137 :: 		
_CC2D_Loop1:
;__Lib_System.c,139 :: 		
0x0071	0x206A      	CALL       _____DoICP
0x0072	0x118A      	BCF        PCLATH, 3
0x0073	0x120A      	BCF        PCLATH, 4
;__Lib_System.c,141 :: 		
0x0074	0x0080      	MOVWF      INDF
;__Lib_System.c,142 :: 		
0x0075	0x0A84      	INCF       FSR, 1
;__Lib_System.c,143 :: 		
0x0076	0x0AA2      	INCF       ___DoICPAddr, 1
;__Lib_System.c,145 :: 		
0x0077	0x1903      	BTFSC      STATUS, 2
;__Lib_System.c,146 :: 		
0x0078	0x0AA3      	INCF       ___DoICPAddr+1, 1
;__Lib_System.c,147 :: 		
0x0079	0x03F0      	DECF       R0, 1
;__Lib_System.c,149 :: 		
0x007A	0x1D03      	BTFSS      STATUS, 2
;__Lib_System.c,150 :: 		
0x007B	0x2871      	GOTO       _CC2D_Loop1
;__Lib_System.c,152 :: 		
L_end___CC2DW:
0x007C	0x0008      	RETURN
; end of ___CC2DW
_Mul_32x32_FP:
;__Lib_MathDouble.c,610 :: 		
;__Lib_MathDouble.c,622 :: 		
;__Lib_MathDouble.c,624 :: 		
0x007D	0x1283      	BCF        STATUS, 5
;__Lib_MathDouble.c,625 :: 		
0x007E	0x1303      	BCF        STATUS, 6
;__Lib_MathDouble.c,627 :: 		
0x007F	0x01FB      	CLRF       R11
;__Lib_MathDouble.c,628 :: 		
0x0080	0x0873      	MOVF       R3, 0
;__Lib_MathDouble.c,629 :: 		
0x0081	0x1D03      	BTFSS      STATUS, 2
;__Lib_MathDouble.c,630 :: 		
0x0082	0x0877      	MOVF       R7, 0
;__Lib_MathDouble.c,631 :: 		
0x0083	0x1903      	BTFSC      STATUS, 2
;__Lib_MathDouble.c,632 :: 		
0x0084	0x28D4      	GOTO       JPMRES032
;__Lib_MathDouble.c,634 :: 		
0x0085	0x0872      	MOVF       R2, 0
;__Lib_MathDouble.c,635 :: 		
0x0086	0x0676      	XORWF      R6, 0
;__Lib_MathDouble.c,636 :: 		
0x0087	0x00FA      	MOVWF      R10
;__Lib_MathDouble.c,637 :: 		
0x0088	0x0877      	MOVF       R7, 0
;__Lib_MathDouble.c,638 :: 		
0x0089	0x07F3      	ADDWF      R3, 1
;__Lib_MathDouble.c,639 :: 		
0x008A	0x307E      	MOVLW      126
;__Lib_MathDouble.c,640 :: 		
0x008B	0x1C03      	BTFSS      STATUS, 0
;__Lib_MathDouble.c,641 :: 		
0x008C	0x2891      	GOTO       MTUN32
;__Lib_MathDouble.c,642 :: 		
0x008D	0x02F3      	SUBWF      R3, 1
;__Lib_MathDouble.c,643 :: 		
0x008E	0x1803      	BTFSC      STATUS, 0
;__Lib_MathDouble.c,644 :: 		
0x008F	0x28D7      	GOTO       JPMSETFOV32
;__Lib_MathDouble.c,645 :: 		
0x0090	0x2894      	GOTO       MOK32
;__Lib_MathDouble.c,646 :: 		
MTUN32:
;__Lib_MathDouble.c,647 :: 		
0x0091	0x02F3      	SUBWF      R3, 1
;__Lib_MathDouble.c,648 :: 		
0x0092	0x1C03      	BTFSS      STATUS, 0
;__Lib_MathDouble.c,649 :: 		
0x0093	0x28DA      	GOTO       JPMSETFUN32
;__Lib_MathDouble.c,650 :: 		
MOK32:
;__Lib_MathDouble.c,651 :: 		
0x0094	0x0872      	MOVF       R2, 0
;__Lib_MathDouble.c,652 :: 		
0x0095	0x00F8      	MOVWF      R8
;__Lib_MathDouble.c,653 :: 		
0x0096	0x0871      	MOVF       R1, 0
;__Lib_MathDouble.c,654 :: 		
0x0097	0x00FC      	MOVWF      R12
;__Lib_MathDouble.c,655 :: 		
0x0098	0x0870      	MOVF       R0, 0
;__Lib_MathDouble.c,656 :: 		
0x0099	0x00FD      	MOVWF      R13
;__Lib_MathDouble.c,657 :: 		
0x009A	0x17F8      	BSF        R8, 7
;__Lib_MathDouble.c,658 :: 		
0x009B	0x17F6      	BSF        R6, 7
;__Lib_MathDouble.c,659 :: 		
0x009C	0x1003      	BCF        STATUS, 0
;__Lib_MathDouble.c,660 :: 		
0x009D	0x01F2      	CLRF       R2
;__Lib_MathDouble.c,661 :: 		
0x009E	0x01F1      	CLRF       R1
;__Lib_MathDouble.c,662 :: 		
0x009F	0x01F0      	CLRF       R0
;__Lib_MathDouble.c,663 :: 		
0x00A0	0x3018      	MOVLW      24
;__Lib_MathDouble.c,664 :: 		
0x00A1	0x00A0      	MOVWF      __math_tempbD
;__Lib_MathDouble.c,665 :: 		
MLOOP32:
;__Lib_MathDouble.c,666 :: 		
0x00A2	0x1C7D      	BTFSS      R13, 0
;__Lib_MathDouble.c,667 :: 		
0x00A3	0x28AE      	GOTO       MNOADD32
;__Lib_MathDouble.c,669 :: 		
0x00A4	0x0874      	MOVF       R4, 0
;__Lib_MathDouble.c,670 :: 		
0x00A5	0x07F0      	ADDWF      R0, 1
;__Lib_MathDouble.c,671 :: 		
0x00A6	0x0875      	MOVF       R5, 0
;__Lib_MathDouble.c,672 :: 		
0x00A7	0x1803      	BTFSC      STATUS, 0
;__Lib_MathDouble.c,673 :: 		
0x00A8	0x0F75      	INCFSZ     R5, 0
;__Lib_MathDouble.c,674 :: 		
0x00A9	0x07F1      	ADDWF      R1, 1
;__Lib_MathDouble.c,675 :: 		
0x00AA	0x0876      	MOVF       R6, 0
;__Lib_MathDouble.c,676 :: 		
0x00AB	0x1803      	BTFSC      STATUS, 0
;__Lib_MathDouble.c,677 :: 		
0x00AC	0x0F76      	INCFSZ     R6, 0
;__Lib_MathDouble.c,678 :: 		
0x00AD	0x07F2      	ADDWF      R2, 1
;__Lib_MathDouble.c,679 :: 		
MNOADD32:
;__Lib_MathDouble.c,680 :: 		
0x00AE	0x0CF2      	RRF        R2, 1
;__Lib_MathDouble.c,681 :: 		
0x00AF	0x0CF1      	RRF        R1, 1
;__Lib_MathDouble.c,682 :: 		
0x00B0	0x0CF0      	RRF        R0, 1
;__Lib_MathDouble.c,683 :: 		
0x00B1	0x0CF8      	RRF        R8, 1
;__Lib_MathDouble.c,684 :: 		
0x00B2	0x0CFC      	RRF        R12, 1
;__Lib_MathDouble.c,685 :: 		
0x00B3	0x0CFD      	RRF        R13, 1
;__Lib_MathDouble.c,686 :: 		
0x00B4	0x1003      	BCF        STATUS, 0
;__Lib_MathDouble.c,687 :: 		
0x00B5	0x0BA0      	DECFSZ     __math_tempbD, 1
;__Lib_MathDouble.c,688 :: 		
0x00B6	0x28A2      	GOTO       MLOOP32
;__Lib_MathDouble.c,689 :: 		
0x00B7	0x1BF2      	BTFSC      R2, 7
;__Lib_MathDouble.c,690 :: 		
0x00B8	0x28BE      	GOTO       MROUND32
;__Lib_MathDouble.c,691 :: 		
0x00B9	0x0DF8      	RLF        R8, 1
;__Lib_MathDouble.c,692 :: 		
0x00BA	0x0DF0      	RLF        R0, 1
;__Lib_MathDouble.c,693 :: 		
0x00BB	0x0DF1      	RLF        R1, 1
;__Lib_MathDouble.c,694 :: 		
0x00BC	0x0DF2      	RLF        R2, 1
;__Lib_MathDouble.c,695 :: 		
0x00BD	0x03F3      	DECF       R3, 1
;__Lib_MathDouble.c,696 :: 		
MROUND32:
;__Lib_MathDouble.c,697 :: 		
0x00BE	0x1B7B      	BTFSC      R11, 6
;__Lib_MathDouble.c,698 :: 		
0x00BF	0x1C70      	BTFSS      R0, 0
;__Lib_MathDouble.c,699 :: 		
0x00C0	0x28D0      	GOTO       MUL32OK
;__Lib_MathDouble.c,700 :: 		
0x00C1	0x1FF8      	BTFSS      R8, 7
;__Lib_MathDouble.c,701 :: 		
0x00C2	0x28D0      	GOTO       MUL32OK
;__Lib_MathDouble.c,702 :: 		
0x00C3	0x0AF0      	INCF       R0, 1
;__Lib_MathDouble.c,703 :: 		
0x00C4	0x1903      	BTFSC      STATUS, 2
;__Lib_MathDouble.c,704 :: 		
0x00C5	0x0AF1      	INCF       R1, 1
;__Lib_MathDouble.c,705 :: 		
0x00C6	0x1903      	BTFSC      STATUS, 2
;__Lib_MathDouble.c,706 :: 		
0x00C7	0x0AF2      	INCF       R2, 1
;__Lib_MathDouble.c,707 :: 		
0x00C8	0x1D03      	BTFSS      STATUS, 2
;__Lib_MathDouble.c,708 :: 		
0x00C9	0x28D0      	GOTO       MUL32OK
;__Lib_MathDouble.c,709 :: 		
0x00CA	0x0CF2      	RRF        R2, 1
;__Lib_MathDouble.c,710 :: 		
0x00CB	0x0CF1      	RRF        R1, 1
;__Lib_MathDouble.c,711 :: 		
0x00CC	0x0CF0      	RRF        R0, 1
;__Lib_MathDouble.c,712 :: 		
0x00CD	0x0AF3      	INCF       R3, 1
;__Lib_MathDouble.c,713 :: 		
0x00CE	0x1903      	BTFSC      STATUS, 2
;__Lib_MathDouble.c,714 :: 		
0x00CF	0x28D7      	GOTO       JPMSETFOV32
;__Lib_MathDouble.c,715 :: 		
MUL32OK:
;__Lib_MathDouble.c,716 :: 		
0x00D0	0x1FFA      	BTFSS      R10, 7
;__Lib_MathDouble.c,717 :: 		
0x00D1	0x13F2      	BCF        R2, 7
;__Lib_MathDouble.c,718 :: 		
0x00D2	0x3000      	MOVLW      0
;__Lib_MathDouble.c,720 :: 		
0x00D3	0x28DC      	GOTO       MUL32EEE
;__Lib_MathDouble.c,721 :: 		
JPMRES032:
;__Lib_MathDouble.c,722 :: 		
0x00D4	0x3001      	MOVLW      1
;__Lib_MathDouble.c,725 :: 		
0x00D5	0x2003      	CALL       _RES032
;__Lib_MathDouble.c,727 :: 		
0x00D6	0x28DC      	GOTO       MUL32EEE
;__Lib_MathDouble.c,728 :: 		
JPMSETFOV32:
;__Lib_MathDouble.c,729 :: 		
0x00D7	0x3002      	MOVLW      2
;__Lib_MathDouble.c,732 :: 		
0x00D8	0x201A      	CALL       _SETFOV32
;__Lib_MathDouble.c,734 :: 		
0x00D9	0x28DC      	GOTO       MUL32EEE
;__Lib_MathDouble.c,735 :: 		
JPMSETFUN32:
;__Lib_MathDouble.c,736 :: 		
0x00DA	0x3004      	MOVLW      4
;__Lib_MathDouble.c,739 :: 		
0x00DB	0x200A      	CALL       _SETFUN32
;__Lib_MathDouble.c,741 :: 		
MUL32EEE:
;__Lib_MathDouble.c,742 :: 		
0x00DC	0x0000      	NOP
;__Lib_MathDouble.c,749 :: 		
L_end_Mul_32x32_FP:
0x00DD	0x0008      	RETURN
; end of _Mul_32x32_FP
_word2double:
;__Lib_MathDouble.c,1862 :: 		
;__Lib_MathDouble.c,1868 :: 		
0x00DE	0x1283      	BCF        STATUS, 5
;__Lib_MathDouble.c,1869 :: 		
0x00DF	0x1303      	BCF        STATUS, 6
;__Lib_MathDouble.c,1870 :: 		
0x00E0	0x0870      	MOVF       R0, 0
;__Lib_MathDouble.c,1871 :: 		
0x00E1	0x00F8      	MOVWF      R8
;__Lib_MathDouble.c,1872 :: 		
0x00E2	0x0871      	MOVF       R1, 0
;__Lib_MathDouble.c,1873 :: 		
0x00E3	0x00F0      	MOVWF      R0
;__Lib_MathDouble.c,1874 :: 		
0x00E4	0x01F1      	CLRF       R1
;__Lib_MathDouble.c,1875 :: 		
0x00E5	0x01F2      	CLRF       R2
;__Lib_MathDouble.c,1876 :: 		
0x00E6	0x01F3      	CLRF       R3
;__Lib_MathDouble.c,1879 :: 		
0x00E7	0x01FB      	CLRF       R11
;__Lib_MathDouble.c,1880 :: 		
0x00E8	0x01FC      	CLRF       R12
;__Lib_MathDouble.c,1882 :: 		
0x00E9	0x3096      	MOVLW      150
;__Lib_MathDouble.c,1883 :: 		
0x00EA	0x00F3      	MOVWF      R3
;__Lib_MathDouble.c,1884 :: 		
0x00EB	0x01FA      	CLRF       R10
;__Lib_MathDouble.c,1886 :: 		
0x00EC	0x0870      	MOVF       R0, 0
;__Lib_MathDouble.c,1887 :: 		
0x00ED	0x00F1      	MOVWF      R1
;__Lib_MathDouble.c,1888 :: 		
0x00EE	0x0878      	MOVF       R8, 0
;__Lib_MathDouble.c,1889 :: 		
0x00EF	0x00F0      	MOVWF      R0
;__Lib_MathDouble.c,1890 :: 		
0x00F0	0x01F8      	CLRF       R8
;__Lib_MathDouble.c,1891 :: 		
0x00F1	0x01F2      	CLRF       R2
;__Lib_MathDouble.c,1893 :: 		
0x00F2	0x2026      	CALL       _NRM3232
;__Lib_MathDouble.c,1894 :: 		
L_end_word2double:
0x00F3	0x0008      	RETURN
; end of _word2double
_double2byte:
;__Lib_MathDouble.c,1670 :: 		
;__Lib_MathDouble.c,1677 :: 		
0x00F4	0x1283      	BCF        STATUS, 5
;__Lib_MathDouble.c,1678 :: 		
0x00F5	0x1303      	BCF        STATUS, 6
;__Lib_MathDouble.c,1680 :: 		
0x00F6	0x01FB      	CLRF       R11
;__Lib_MathDouble.c,1681 :: 		
0x00F7	0x01FC      	CLRF       R12
;__Lib_MathDouble.c,1682 :: 		
0x00F8	0x01FA      	CLRF       R10
;__Lib_MathDouble.c,1684 :: 		
0x00F9	0x0873      	MOVF       R3, 0
;__Lib_MathDouble.c,1685 :: 		
0x00FA	0x1903      	BTFSC      STATUS, 2
;__Lib_MathDouble.c,1686 :: 		
0x00FB	0x2921      	GOTO       IRES008
;__Lib_MathDouble.c,1688 :: 		
0x00FC	0x13FA      	BCF        R10, 7
;__Lib_MathDouble.c,1689 :: 		
0x00FD	0x17F2      	BSF        R2, 7
;__Lib_MathDouble.c,1691 :: 		
0x00FE	0x3086      	MOVLW      134
;__Lib_MathDouble.c,1692 :: 		
0x00FF	0x02F3      	SUBWF      R3, 1
;__Lib_MathDouble.c,1693 :: 		
0x0100	0x1BF3      	BTFSC      R3, 7
;__Lib_MathDouble.c,1694 :: 		
0x0101	0x2905      	GOTO       SETEXP08
;__Lib_MathDouble.c,1695 :: 		
0x0102	0x1903      	BTFSC      STATUS, 2
;__Lib_MathDouble.c,1696 :: 		
0x0103	0x2905      	GOTO       SETEXP08
;__Lib_MathDouble.c,1697 :: 		
0x0104	0x2923      	GOTO       SETIOV08
;__Lib_MathDouble.c,1698 :: 		
SETEXP08:
;__Lib_MathDouble.c,1699 :: 		
0x0105	0x09F3      	COMF       R3, 1
;__Lib_MathDouble.c,1700 :: 		
0x0106	0x0AF3      	INCF       R3, 1
;__Lib_MathDouble.c,1702 :: 		
0x0107	0x3008      	MOVLW      8
;__Lib_MathDouble.c,1703 :: 		
0x0108	0x0273      	SUBWF      R3, 0
;__Lib_MathDouble.c,1704 :: 		
0x0109	0x1C03      	BTFSS      STATUS, 0
;__Lib_MathDouble.c,1705 :: 		
0x010A	0x2912      	GOTO       TSHIFT3208
;__Lib_MathDouble.c,1706 :: 		
0x010B	0x00F3      	MOVWF      R3
;__Lib_MathDouble.c,1707 :: 		
0x010C	0x0DF2      	RLF        R2, 1
;__Lib_MathDouble.c,1708 :: 		
0x010D	0x01F2      	CLRF       R2
;__Lib_MathDouble.c,1710 :: 		
0x010E	0x0873      	MOVF       R3, 0
;__Lib_MathDouble.c,1711 :: 		
0x010F	0x1D03      	BTFSS      STATUS, 2
;__Lib_MathDouble.c,1712 :: 		
0x0110	0x1003      	BCF        STATUS, 0
;__Lib_MathDouble.c,1713 :: 		
0x0111	0x2919      	GOTO       SHIFT3208OK
;__Lib_MathDouble.c,1714 :: 		
TSHIFT3208:
;__Lib_MathDouble.c,1715 :: 		
0x0112	0x0873      	MOVF       R3, 0
;__Lib_MathDouble.c,1716 :: 		
0x0113	0x1903      	BTFSC      STATUS, 2
;__Lib_MathDouble.c,1717 :: 		
0x0114	0x2919      	GOTO       SHIFT3208OK
;__Lib_MathDouble.c,1718 :: 		
SHIFT3208:
;__Lib_MathDouble.c,1719 :: 		
0x0115	0x1003      	BCF        STATUS, 0
;__Lib_MathDouble.c,1720 :: 		
0x0116	0x0CF2      	RRF        R2, 1
;__Lib_MathDouble.c,1721 :: 		
0x0117	0x0BF3      	DECFSZ     R3, 1
;__Lib_MathDouble.c,1722 :: 		
0x0118	0x2915      	GOTO       SHIFT3208
;__Lib_MathDouble.c,1723 :: 		
SHIFT3208OK:
;__Lib_MathDouble.c,1724 :: 		
0x0119	0x1B7B      	BTFSC      R11, 6
;__Lib_MathDouble.c,1725 :: 		
0x011A	0x1C72      	BTFSS      R2, 0
;__Lib_MathDouble.c,1726 :: 		
0x011B	0x2921      	GOTO       INT3208OK
;__Lib_MathDouble.c,1727 :: 		
0x011C	0x1C03      	BTFSS      STATUS, 0
;__Lib_MathDouble.c,1728 :: 		
0x011D	0x2921      	GOTO       INT3208OK
;__Lib_MathDouble.c,1729 :: 		
0x011E	0x0AF2      	INCF       R2, 1
;__Lib_MathDouble.c,1730 :: 		
0x011F	0x1903      	BTFSC      STATUS, 2
;__Lib_MathDouble.c,1731 :: 		
0x0120	0x2928      	GOTO       D2B_JPKSETIOV3224
;__Lib_MathDouble.c,1732 :: 		
INT3208OK:
;__Lib_MathDouble.c,1733 :: 		
IRES008:
;__Lib_MathDouble.c,1734 :: 		
0x0121	0x01F1      	CLRF       R1
;__Lib_MathDouble.c,1735 :: 		
0x0122	0x292B      	GOTO       INT3208EOK
;__Lib_MathDouble.c,1736 :: 		
SETIOV08:
;__Lib_MathDouble.c,1737 :: 		
0x0123	0x147B      	BSF        R11, 0
;__Lib_MathDouble.c,1738 :: 		
0x0124	0x1FFB      	BTFSS      R11, 7
;__Lib_MathDouble.c,1739 :: 		
0x0125	0x292E      	GOTO       INT3208EER
;__Lib_MathDouble.c,1741 :: 		
0x0126	0x01F1      	CLRF       R1
;__Lib_MathDouble.c,1742 :: 		
0x0127	0x292E      	GOTO       INT3208EER
;__Lib_MathDouble.c,1743 :: 		
D2B_JPKSETIOV3224:
;__Lib_MathDouble.c,1744 :: 		
0x0128	0x3001      	MOVLW      1
;__Lib_MathDouble.c,1745 :: 		
0x0129	0x00FC      	MOVWF      R12
;__Lib_MathDouble.c,1746 :: 		
0x012A	0x2930      	GOTO       INT3208EEE
;__Lib_MathDouble.c,1747 :: 		
INT3208EOK:
;__Lib_MathDouble.c,1748 :: 		
0x012B	0x3000      	MOVLW      0
;__Lib_MathDouble.c,1749 :: 		
0x012C	0x00FC      	MOVWF      R12
;__Lib_MathDouble.c,1750 :: 		
0x012D	0x2930      	GOTO       INT3208EEE
;__Lib_MathDouble.c,1751 :: 		
INT3208EER:
;__Lib_MathDouble.c,1752 :: 		
0x012E	0x30FF      	MOVLW      255
;__Lib_MathDouble.c,1753 :: 		
0x012F	0x00FC      	MOVWF      R12
;__Lib_MathDouble.c,1754 :: 		
INT3208EEE:
;__Lib_MathDouble.c,1757 :: 		
0x0130	0x08FC      	MOVF       R12, 1
;__Lib_MathDouble.c,1759 :: 		
0x0131	0x1903      	BTFSC      STATUS, 2
;__Lib_MathDouble.c,1760 :: 		
0x0132	0x2934      	GOTO       L_Double2Byte_0
;__Lib_MathDouble.c,1762 :: 		
0x0133	0x2055      	CALL       _SETIOV3224
;__Lib_MathDouble.c,1764 :: 		
L_Double2Byte_0:
;__Lib_MathDouble.c,1765 :: 		
0x0134	0x0872      	MOVF       R2, 0
;__Lib_MathDouble.c,1766 :: 		
0x0135	0x00F0      	MOVWF      R0
;__Lib_MathDouble.c,1770 :: 		
L_end_double2byte:
0x0136	0x0008      	RETURN
; end of _double2byte
_init:
;Uygulama20.c,3 :: 		init(){
;Uygulama20.c,4 :: 		ADCON1=0X4E;// ADFM=0(LEFT JUSTIFIED),ADCS2=1,
0x0137	0x304E      	MOVLW      78
0x0138	0x1683      	BSF        STATUS, 5
0x0139	0x1303      	BCF        STATUS, 6
0x013A	0x009F      	MOVWF      ADCON1
;Uygulama20.c,6 :: 		ADCON0=0X45;//ADCS1=0,ADCS1=1,16 tOSC SEÇÝLDÝ.,CHS2:CHS0=0 KANAL AN0 SEÇÝLDÝ
0x013B	0x3045      	MOVLW      69
0x013C	0x1283      	BCF        STATUS, 5
0x013D	0x009F      	MOVWF      ADCON0
;Uygulama20.c,8 :: 		TRISB=0; //A/D SONUCU B PORTUNA GÖNDERÝLECEK
0x013E	0x1683      	BSF        STATUS, 5
0x013F	0x0186      	CLRF       TRISB
;Uygulama20.c,9 :: 		PORTB=0;
0x0140	0x1283      	BCF        STATUS, 5
0x0141	0x0186      	CLRF       PORTB
;Uygulama20.c,10 :: 		TRISD=0;
0x0142	0x1683      	BSF        STATUS, 5
0x0143	0x0188      	CLRF       TRISD
;Uygulama20.c,11 :: 		PORTD=0;
0x0144	0x1283      	BCF        STATUS, 5
0x0145	0x0188      	CLRF       PORTD
;Uygulama20.c,12 :: 		}// init fonk sonu
L_end_init:
0x0146	0x0008      	RETURN
; end of _init
_ADC_Get_Sample:
;__Lib_ADC_A_C.c,45 :: 		
;__Lib_ADC_A_C.c,47 :: 		
0x0147	0x30C7      	MOVLW      199
0x0148	0x1283      	BCF        STATUS, 5
0x0149	0x1303      	BCF        STATUS, 6
0x014A	0x059F      	ANDWF      ADCON0, 1
;__Lib_ADC_A_C.c,48 :: 		
0x014B	0x0821      	MOVF       FARG_ADC_Get_Sample_channel, 0
0x014C	0x00F0      	MOVWF      R0
0x014D	0x0DF0      	RLF        R0, 1
0x014E	0x1070      	BCF        R0, 0
0x014F	0x0DF0      	RLF        R0, 1
0x0150	0x1070      	BCF        R0, 0
0x0151	0x0DF0      	RLF        R0, 1
0x0152	0x1070      	BCF        R0, 0
0x0153	0x0870      	MOVF       R0, 0
0x0154	0x049F      	IORWF      ADCON0, 1
;__Lib_ADC_A_C.c,51 :: 		
0x0155	0x2062      	CALL       _Delay_22us
;__Lib_ADC_A_C.c,54 :: 		
0x0156	0x151F      	BSF        ADCON0, 2
;__Lib_ADC_A_C.c,57 :: 		
L_ADC_Get_Sample0:
0x0157	0x1D1F      	BTFSS      ADCON0, 2
0x0158	0x295B      	GOTO       L_ADC_Get_Sample1
;__Lib_ADC_A_C.c,58 :: 		
0x0159	0x0000      	NOP
0x015A	0x2957      	GOTO       L_ADC_Get_Sample0
L_ADC_Get_Sample1:
;__Lib_ADC_A_C.c,64 :: 		
0x015B	0x081E      	MOVF       ADRESH, 0
0x015C	0x00F1      	MOVWF      R0+1
0x015D	0x01F0      	CLRF       R0
0x015E	0x1683      	BSF        STATUS, 5
0x015F	0x081E      	MOVF       ADRESL, 0
0x0160	0x04F0      	IORWF      R0, 1
0x0161	0x3000      	MOVLW      0
0x0162	0x04F1      	IORWF      R0+1, 1
;__Lib_ADC_A_C.c,65 :: 		
L_end_ADC_Get_Sample:
0x0163	0x0008      	RETURN
; end of _ADC_Get_Sample
_main:
;Uygulama20.c,13 :: 		void main() {
;Uygulama20.c,14 :: 		init();
0x0164	0x2137      	CALL       _init
;Uygulama20.c,15 :: 		while(1){
L_main0:
;Uygulama20.c,16 :: 		adc_degeri= ADC_Get_Sample(0);
0x0165	0x01A1      	CLRF       FARG_ADC_Get_Sample_channel
0x0166	0x2147      	CALL       _ADC_Get_Sample
0x0167	0x20DE      	CALL       _word2double
0x0168	0x0870      	MOVF       R0, 0
0x0169	0x00A4      	MOVWF      _adc_degeri
0x016A	0x0871      	MOVF       R0+1, 0
0x016B	0x00A5      	MOVWF      _adc_degeri+1
0x016C	0x0872      	MOVF       R0+2, 0
0x016D	0x00A6      	MOVWF      _adc_degeri+2
0x016E	0x0873      	MOVF       R0+3, 0
0x016F	0x00A7      	MOVWF      _adc_degeri+3
;Uygulama20.c,17 :: 		adc_degeri=adc_degeri*0.249;//10 bitlik
0x0170	0x30DB      	MOVLW      219
0x0171	0x00F4      	MOVWF      R4
0x0172	0x30F9      	MOVLW      249
0x0173	0x00F5      	MOVWF      R4+1
0x0174	0x307E      	MOVLW      126
0x0175	0x00F6      	MOVWF      R4+2
0x0176	0x307C      	MOVLW      124
0x0177	0x00F7      	MOVWF      R4+3
0x0178	0x207D      	CALL       _Mul_32x32_FP
0x0179	0x0870      	MOVF       R0, 0
0x017A	0x00A4      	MOVWF      _adc_degeri
0x017B	0x0871      	MOVF       R0+1, 0
0x017C	0x00A5      	MOVWF      _adc_degeri+1
0x017D	0x0872      	MOVF       R0+2, 0
0x017E	0x00A6      	MOVWF      _adc_degeri+2
0x017F	0x0873      	MOVF       R0+3, 0
0x0180	0x00A7      	MOVWF      _adc_degeri+3
;Uygulama20.c,19 :: 		PORTB=adc_degeri;
0x0181	0x20F4      	CALL       _double2byte
0x0182	0x0870      	MOVF       R0, 0
0x0183	0x0086      	MOVWF      PORTB
;Uygulama20.c,20 :: 		PORTD.F7=~PORTD.F7;
0x0184	0x3080      	MOVLW      128
0x0185	0x0688      	XORWF      PORTD, 1
;Uygulama20.c,21 :: 		}}
0x0186	0x2965      	GOTO       L_main0
L_end_main:
0x0187	0x2987      	GOTO       $+0
; end of _main
Symbol List:
//** Routines locations **
//ADDRESS    SIZE    PROCEDURE
//----------------------------------------------
0x0003       [7]    _RES032
0x000A      [12]    _SETFUN32
0x0016       [4]    _FIXSIGN32
0x001A      [12]    _SETFOV32
0x0026      [47]    _NRM3232
0x0055      [13]    _SETIOV3224
0x0062       [8]    _Delay_22us
0x006A       [7]    _____DoICP
0x0071      [12]    ___CC2DW
0x007D      [97]    _Mul_32x32_FP
0x00DE      [22]    _word2double
0x00F4      [67]    _double2byte
0x0137      [16]    _init
0x0147      [29]    _ADC_Get_Sample
0x0164      [36]    _main
//** Variables locations ** 
//ADDRESS    SIZE    VARIABLE
//----------------------------------------------
0x0000       [1]    INDF
0x0002       [1]    PCL
0x0003       [1]    STATUS
0x0004       [1]    FSR
0x0006       [1]    PORTB
0x0008       [1]    PORTD
0x000A       [1]    PCLATH
0x001E       [1]    ADRESH
0x001F       [1]    ADCON0
0x0020       [1]    __math_tempbD
0x0021       [1]    FARG_ADC_Get_Sample_channel
0x0022       [2]    ___DoICPAddr
0x0024       [4]    _adc_degeri
0x0070       [1]    R0
0x0071       [1]    R1
0x0072       [1]    R2
0x0073       [1]    R3
0x0074       [1]    R4
0x0075       [1]    R5
0x0076       [1]    R6
0x0077       [1]    R7
0x0078       [1]    R8
0x0079       [1]    R9
0x007A       [1]    R10
0x007B       [1]    R11
0x007C       [1]    R12
0x007D       [1]    R13
0x007E       [1]    R14
0x007F       [1]    R15
0x0086       [1]    TRISB
0x0088       [1]    TRISD
0x009E       [1]    ADRESL
0x009F       [1]    ADCON1
