;  LST file generated by mikroListExporter - v.2.0 
; Date/Time: 22.10.2025 10:50:26
;----------------------------------------------

;Address Opcode 	ASM
0x0000	0x2803      	GOTO       3
_main:
;Uygulama8.c,4 :: 		void main() {
;Uygulama8.c,6 :: 		TRISD=0B00000001;
0x0003	0x3001      	MOVLW      1
0x0004	0x1683      	BSF        STATUS, 5
0x0005	0x1303      	BCF        STATUS, 6
0x0006	0x0088      	MOVWF      TRISD
;Uygulama8.c,7 :: 		TRISB=0X00;
0x0007	0x0186      	CLRF       TRISB
;Uygulama8.c,8 :: 		PORTB=0;
0x0008	0x1283      	BCF        STATUS, 5
0x0009	0x0186      	CLRF       PORTB
;Uygulama8.c,10 :: 		while(1){
L_main0:
;Uygulama8.c,12 :: 		if(PORTD.F0==1){
0x000A	0x1C08      	BTFSS      PORTD, 0
0x000B	0x280E      	GOTO       L_main2
;Uygulama8.c,14 :: 		PORTB.F3=1;
0x000C	0x1586      	BSF        PORTB, 3
;Uygulama8.c,16 :: 		}else{
0x000D	0x280F      	GOTO       L_main3
L_main2:
;Uygulama8.c,18 :: 		PORTB.F3=0;
0x000E	0x1186      	BCF        PORTB, 3
;Uygulama8.c,20 :: 		}
L_main3:
;Uygulama8.c,21 :: 		}
0x000F	0x280A      	GOTO       L_main0
;Uygulama8.c,22 :: 		}
L_end_main:
0x0010	0x2810      	GOTO       $+0
; end of _main
Symbol List:
//** Routines locations **
//ADDRESS    SIZE    PROCEDURE
//----------------------------------------------
0x0003      [14]    _main
//** Variables locations ** 
//ADDRESS    SIZE    VARIABLE
//----------------------------------------------
0x0000       [1]    INDF
0x0003       [1]    STATUS
0x0004       [1]    FSR
0x0006       [1]    PORTB
0x0008       [1]    PORTD
0x000A       [1]    PCLATH
0x0020       [2]    ___DoICPAddr
0x0070       [1]    R0
0x0071       [1]    R1
0x0072       [1]    R2
0x0073       [1]    R3
0x0074       [1]    R4
0x0075       [1]    R5
0x0076       [1]    R6
0x0077       [1]    R7
0x0078       [1]    R8
0x0079       [1]    R9
0x007A       [1]    R10
0x007B       [1]    R11
0x007C       [1]    R12
0x007D       [1]    R13
0x007E       [1]    R14
0x007F       [1]    R15
0x0086       [1]    TRISB
0x0088       [1]    TRISD
