;  LST file generated by mikroListExporter - v.2.0 
; Date/Time: 31.12.2025 11:53:16
;----------------------------------------------

;Address Opcode 	ASM
0x0000	0x2960      	GOTO       352
_Delay_50us:
;__Lib_Delays.c,19 :: 		void Delay_50us() {
;__Lib_Delays.c,20 :: 		Delay_us(50);
0x0003	0x3021      	MOVLW      33
0x0004	0x1283      	BCF        STATUS, 5
0x0005	0x1303      	BCF        STATUS, 6
0x0006	0x00FD      	MOVWF      R13
L_Delay_50us2:
0x0007	0x0BFD      	DECFSZ     R13, 1
0x0008	0x2807      	GOTO       L_Delay_50us2
;__Lib_Delays.c,21 :: 		}
L_end_Delay_50us:
0x0009	0x0008      	RETURN
; end of _Delay_50us
_Delay_1us:
;__Lib_Delays.c,7 :: 		void Delay_1us() {
;__Lib_Delays.c,8 :: 		Delay_us(1);
0x000A	0x0000      	NOP
0x000B	0x0000      	NOP
;__Lib_Delays.c,9 :: 		}
L_end_Delay_1us:
0x000C	0x0008      	RETURN
; end of _Delay_1us
_Delay_5500us:
;__Lib_Delays.c,31 :: 		void Delay_5500us() {
;__Lib_Delays.c,32 :: 		Delay_us(5500);
0x000D	0x300F      	MOVLW      15
0x000E	0x1283      	BCF        STATUS, 5
0x000F	0x1303      	BCF        STATUS, 6
0x0010	0x00FC      	MOVWF      R12
0x0011	0x3047      	MOVLW      71
0x0012	0x00FD      	MOVWF      R13
L_Delay_5500us5:
0x0013	0x0BFD      	DECFSZ     R13, 1
0x0014	0x2813      	GOTO       L_Delay_5500us5
0x0015	0x0BFC      	DECFSZ     R12, 1
0x0016	0x2813      	GOTO       L_Delay_5500us5
0x0017	0x0000      	NOP
0x0018	0x0000      	NOP
;__Lib_Delays.c,33 :: 		}
L_end_Delay_5500us:
0x0019	0x0008      	RETURN
; end of _Delay_5500us
_Lcd_Cmd:
;__Lib_Lcd.c,18 :: 		
;__Lib_Lcd.c,20 :: 		
0x001A	0x1283      	BCF        STATUS, 5
0x001B	0x1303      	BCF        STATUS, 6
0x001C	0x1BE5      	BTFSC      FARG_Lcd_Cmd_out_char, 7
0x001D	0x2820      	GOTO       L__Lcd_Cmd21
0x001E	0x1186      	BCF        LCD_D7, BitPos(LCD_D7+0)
0x001F	0x2821      	GOTO       L__Lcd_Cmd22
L__Lcd_Cmd21:
0x0020	0x1586      	BSF        LCD_D7, BitPos(LCD_D7+0)
L__Lcd_Cmd22:
;__Lib_Lcd.c,21 :: 		
0x0021	0x1B65      	BTFSC      FARG_Lcd_Cmd_out_char, 6
0x0022	0x2825      	GOTO       L__Lcd_Cmd23
0x0023	0x1106      	BCF        LCD_D6, BitPos(LCD_D6+0)
0x0024	0x2826      	GOTO       L__Lcd_Cmd24
L__Lcd_Cmd23:
0x0025	0x1506      	BSF        LCD_D6, BitPos(LCD_D6+0)
L__Lcd_Cmd24:
;__Lib_Lcd.c,22 :: 		
0x0026	0x1AE5      	BTFSC      FARG_Lcd_Cmd_out_char, 5
0x0027	0x282A      	GOTO       L__Lcd_Cmd25
0x0028	0x1086      	BCF        LCD_D5, BitPos(LCD_D5+0)
0x0029	0x282B      	GOTO       L__Lcd_Cmd26
L__Lcd_Cmd25:
0x002A	0x1486      	BSF        LCD_D5, BitPos(LCD_D5+0)
L__Lcd_Cmd26:
;__Lib_Lcd.c,23 :: 		
0x002B	0x1A65      	BTFSC      FARG_Lcd_Cmd_out_char, 4
0x002C	0x282F      	GOTO       L__Lcd_Cmd27
0x002D	0x1006      	BCF        LCD_D4, BitPos(LCD_D4+0)
0x002E	0x2830      	GOTO       L__Lcd_Cmd28
L__Lcd_Cmd27:
0x002F	0x1406      	BSF        LCD_D4, BitPos(LCD_D4+0)
L__Lcd_Cmd28:
;__Lib_Lcd.c,25 :: 		
0x0030	0x185C      	BTFSC      __Lib_Lcd_cmd_status, BitPos(__Lib_Lcd_cmd_status+0)
0x0031	0x2834      	GOTO       L__Lcd_Cmd29
0x0032	0x1606      	BSF        LCD_RS, BitPos(LCD_RS+0)
0x0033	0x2835      	GOTO       L__Lcd_Cmd30
L__Lcd_Cmd29:
0x0034	0x1206      	BCF        LCD_RS, BitPos(LCD_RS+0)
L__Lcd_Cmd30:
;__Lib_Lcd.c,28 :: 		
0x0035	0x1686      	BSF        LCD_EN, BitPos(LCD_EN+0)
;__Lib_Lcd.c,29 :: 		
0x0036	0x200A      	CALL       _Delay_1us
;__Lib_Lcd.c,30 :: 		
0x0037	0x1286      	BCF        LCD_EN, BitPos(LCD_EN+0)
;__Lib_Lcd.c,33 :: 		
0x0038	0x19E5      	BTFSC      FARG_Lcd_Cmd_out_char, 3
0x0039	0x283C      	GOTO       L__Lcd_Cmd31
0x003A	0x1186      	BCF        LCD_D7, BitPos(LCD_D7+0)
0x003B	0x283D      	GOTO       L__Lcd_Cmd32
L__Lcd_Cmd31:
0x003C	0x1586      	BSF        LCD_D7, BitPos(LCD_D7+0)
L__Lcd_Cmd32:
;__Lib_Lcd.c,34 :: 		
0x003D	0x1965      	BTFSC      FARG_Lcd_Cmd_out_char, 2
0x003E	0x2841      	GOTO       L__Lcd_Cmd33
0x003F	0x1106      	BCF        LCD_D6, BitPos(LCD_D6+0)
0x0040	0x2842      	GOTO       L__Lcd_Cmd34
L__Lcd_Cmd33:
0x0041	0x1506      	BSF        LCD_D6, BitPos(LCD_D6+0)
L__Lcd_Cmd34:
;__Lib_Lcd.c,35 :: 		
0x0042	0x18E5      	BTFSC      FARG_Lcd_Cmd_out_char, 1
0x0043	0x2846      	GOTO       L__Lcd_Cmd35
0x0044	0x1086      	BCF        LCD_D5, BitPos(LCD_D5+0)
0x0045	0x2847      	GOTO       L__Lcd_Cmd36
L__Lcd_Cmd35:
0x0046	0x1486      	BSF        LCD_D5, BitPos(LCD_D5+0)
L__Lcd_Cmd36:
;__Lib_Lcd.c,36 :: 		
0x0047	0x1865      	BTFSC      FARG_Lcd_Cmd_out_char, 0
0x0048	0x284B      	GOTO       L__Lcd_Cmd37
0x0049	0x1006      	BCF        LCD_D4, BitPos(LCD_D4+0)
0x004A	0x284C      	GOTO       L__Lcd_Cmd38
L__Lcd_Cmd37:
0x004B	0x1406      	BSF        LCD_D4, BitPos(LCD_D4+0)
L__Lcd_Cmd38:
;__Lib_Lcd.c,38 :: 		
0x004C	0x185C      	BTFSC      __Lib_Lcd_cmd_status, BitPos(__Lib_Lcd_cmd_status+0)
0x004D	0x2850      	GOTO       L__Lcd_Cmd39
0x004E	0x1606      	BSF        LCD_RS, BitPos(LCD_RS+0)
0x004F	0x2851      	GOTO       L__Lcd_Cmd40
L__Lcd_Cmd39:
0x0050	0x1206      	BCF        LCD_RS, BitPos(LCD_RS+0)
L__Lcd_Cmd40:
;__Lib_Lcd.c,40 :: 		
0x0051	0x1686      	BSF        LCD_EN, BitPos(LCD_EN+0)
;__Lib_Lcd.c,41 :: 		
0x0052	0x200A      	CALL       _Delay_1us
;__Lib_Lcd.c,42 :: 		
0x0053	0x1286      	BCF        LCD_EN, BitPos(LCD_EN+0)
;__Lib_Lcd.c,44 :: 		
0x0054	0x1C5C      	BTFSS      __Lib_Lcd_cmd_status, BitPos(__Lib_Lcd_cmd_status+0)
0x0055	0x2858      	GOTO       L_Lcd_Cmd0
;__Lib_Lcd.c,45 :: 		
0x0056	0x200D      	CALL       _Delay_5500us
0x0057	0x2859      	GOTO       L_Lcd_Cmd1
L_Lcd_Cmd0:
;__Lib_Lcd.c,47 :: 		
0x0058	0x2003      	CALL       _Delay_50us
L_Lcd_Cmd1:
;__Lib_Lcd.c,48 :: 		
L_end_Lcd_Cmd:
0x0059	0x0008      	RETURN
; end of _Lcd_Cmd
_Lcd_Chr_CP:
;__Lib_Lcd.c,50 :: 		
;__Lib_Lcd.c,52 :: 		
0x005A	0x1283      	BCF        STATUS, 5
0x005B	0x1303      	BCF        STATUS, 6
0x005C	0x105C      	BCF        __Lib_Lcd_cmd_status, BitPos(__Lib_Lcd_cmd_status+0)
;__Lib_Lcd.c,53 :: 		
0x005D	0x0864      	MOVF       FARG_Lcd_Chr_CP_out_char, 0
0x005E	0x00E5      	MOVWF      FARG_Lcd_Cmd_out_char
0x005F	0x201A      	CALL       _Lcd_Cmd
;__Lib_Lcd.c,54 :: 		
0x0060	0x145C      	BSF        __Lib_Lcd_cmd_status, BitPos(__Lib_Lcd_cmd_status+0)
;__Lib_Lcd.c,55 :: 		
L_end_Lcd_Chr_CP:
0x0061	0x0008      	RETURN
; end of _Lcd_Chr_CP
_____DoICP:
;__Lib_System.c,6 :: 		
;__Lib_System.c,9 :: 		
0x0062	0x1283      	BCF        STATUS, 5
0x0063	0x1303      	BCF        STATUS, 6
0x0064	0x085B      	MOVF       ___DoICPAddr+1, 0
0x0065	0x008A      	MOVWF      PCLATH
;__Lib_System.c,10 :: 		
0x0066	0x085A      	MOVF       ___DoICPAddr, 0
0x0067	0x0082      	MOVWF      PCL
;__Lib_System.c,12 :: 		
L_end_____DoICP:
0x0068	0x0008      	RETURN
; end of _____DoICP
_memset:
;__Lib_CString.c,77 :: 		
;__Lib_CString.c,80 :: 		
0x0069	0x1283      	BCF        STATUS, 5
0x006A	0x1303      	BCF        STATUS, 6
0x006B	0x0860      	MOVF       FARG_memset_p1, 0
0x006C	0x00F2      	MOVWF      R2
;__Lib_CString.c,81 :: 		
L_memset20:
0x006D	0x0862      	MOVF       FARG_memset_n, 0
0x006E	0x00F0      	MOVWF      R0
0x006F	0x0863      	MOVF       FARG_memset_n+1, 0
0x0070	0x00F1      	MOVWF      R0+1
0x0071	0x3001      	MOVLW      1
0x0072	0x02E2      	SUBWF      FARG_memset_n, 1
0x0073	0x1C03      	BTFSS      STATUS, 0
0x0074	0x03E3      	DECF       FARG_memset_n+1, 1
0x0075	0x0870      	MOVF       R0, 0
0x0076	0x0471      	IORWF      R0+1, 0
0x0077	0x1903      	BTFSC      STATUS, 2
0x0078	0x287F      	GOTO       L_memset21
;__Lib_CString.c,82 :: 		
0x0079	0x0872      	MOVF       R2, 0
0x007A	0x0084      	MOVWF      FSR
0x007B	0x0861      	MOVF       FARG_memset_character, 0
0x007C	0x0080      	MOVWF      INDF
0x007D	0x0AF2      	INCF       R2, 1
0x007E	0x286D      	GOTO       L_memset20
L_memset21:
;__Lib_CString.c,83 :: 		
0x007F	0x0860      	MOVF       FARG_memset_p1, 0
0x0080	0x00F0      	MOVWF      R0
;__Lib_CString.c,84 :: 		
L_end_memset:
0x0081	0x0008      	RETURN
; end of _memset
_Lcd_Init:
;__Lib_Lcd.c,84 :: 		
;__Lib_Lcd.c,86 :: 		
0x0082	0x1683      	BSF        STATUS, 5
0x0083	0x1303      	BCF        STATUS, 6
0x0084	0x1286      	BCF        LCD_EN_Direction, BitPos(LCD_EN_Direction+0)
;__Lib_Lcd.c,87 :: 		
0x0085	0x1206      	BCF        LCD_RS_Direction, BitPos(LCD_RS_Direction+0)
;__Lib_Lcd.c,88 :: 		
0x0086	0x1006      	BCF        LCD_D4_Direction, BitPos(LCD_D4_Direction+0)
;__Lib_Lcd.c,89 :: 		
0x0087	0x1086      	BCF        LCD_D5_Direction, BitPos(LCD_D5_Direction+0)
;__Lib_Lcd.c,90 :: 		
0x0088	0x1106      	BCF        LCD_D6_Direction, BitPos(LCD_D6_Direction+0)
;__Lib_Lcd.c,91 :: 		
0x0089	0x1186      	BCF        LCD_D7_Direction, BitPos(LCD_D7_Direction+0)
;__Lib_Lcd.c,93 :: 		
0x008A	0x1283      	BCF        STATUS, 5
0x008B	0x1286      	BCF        LCD_EN, BitPos(LCD_EN+0)
;__Lib_Lcd.c,94 :: 		
0x008C	0x1206      	BCF        LCD_RS, BitPos(LCD_RS+0)
;__Lib_Lcd.c,95 :: 		
0x008D	0x1186      	BCF        LCD_D7, BitPos(LCD_D7+0)
;__Lib_Lcd.c,96 :: 		
0x008E	0x1106      	BCF        LCD_D6, BitPos(LCD_D6+0)
;__Lib_Lcd.c,97 :: 		
0x008F	0x1086      	BCF        LCD_D5, BitPos(LCD_D5+0)
;__Lib_Lcd.c,98 :: 		
0x0090	0x1006      	BCF        LCD_D4, BitPos(LCD_D4+0)
;__Lib_Lcd.c,100 :: 		
0x0091	0x200D      	CALL       _Delay_5500us
;__Lib_Lcd.c,101 :: 		
0x0092	0x200D      	CALL       _Delay_5500us
;__Lib_Lcd.c,102 :: 		
0x0093	0x200D      	CALL       _Delay_5500us
;__Lib_Lcd.c,105 :: 		
0x0094	0x1486      	BSF        LCD_D5, BitPos(LCD_D5+0)
;__Lib_Lcd.c,106 :: 		
0x0095	0x1406      	BSF        LCD_D4, BitPos(LCD_D4+0)
;__Lib_Lcd.c,107 :: 		
0x0096	0x1686      	BSF        LCD_EN, BitPos(LCD_EN+0)
;__Lib_Lcd.c,108 :: 		
0x0097	0x200A      	CALL       _Delay_1us
;__Lib_Lcd.c,109 :: 		
0x0098	0x1286      	BCF        LCD_EN, BitPos(LCD_EN+0)
;__Lib_Lcd.c,110 :: 		
0x0099	0x200D      	CALL       _Delay_5500us
;__Lib_Lcd.c,112 :: 		
0x009A	0x1686      	BSF        LCD_EN, BitPos(LCD_EN+0)
;__Lib_Lcd.c,113 :: 		
0x009B	0x200A      	CALL       _Delay_1us
;__Lib_Lcd.c,114 :: 		
0x009C	0x1286      	BCF        LCD_EN, BitPos(LCD_EN+0)
;__Lib_Lcd.c,115 :: 		
0x009D	0x200D      	CALL       _Delay_5500us
;__Lib_Lcd.c,117 :: 		
0x009E	0x1686      	BSF        LCD_EN, BitPos(LCD_EN+0)
;__Lib_Lcd.c,118 :: 		
0x009F	0x200A      	CALL       _Delay_1us
;__Lib_Lcd.c,119 :: 		
0x00A0	0x1286      	BCF        LCD_EN, BitPos(LCD_EN+0)
;__Lib_Lcd.c,120 :: 		
0x00A1	0x200D      	CALL       _Delay_5500us
;__Lib_Lcd.c,123 :: 		
0x00A2	0x1006      	BCF        LCD_D4, BitPos(LCD_D4+0)
;__Lib_Lcd.c,124 :: 		
0x00A3	0x1686      	BSF        LCD_EN, BitPos(LCD_EN+0)
;__Lib_Lcd.c,125 :: 		
0x00A4	0x200A      	CALL       _Delay_1us
;__Lib_Lcd.c,126 :: 		
0x00A5	0x1286      	BCF        LCD_EN, BitPos(LCD_EN+0)
;__Lib_Lcd.c,127 :: 		
0x00A6	0x200D      	CALL       _Delay_5500us
;__Lib_Lcd.c,130 :: 		
0x00A7	0x1686      	BSF        LCD_EN, BitPos(LCD_EN+0)
;__Lib_Lcd.c,131 :: 		
0x00A8	0x200A      	CALL       _Delay_1us
;__Lib_Lcd.c,132 :: 		
0x00A9	0x1286      	BCF        LCD_EN, BitPos(LCD_EN+0)
;__Lib_Lcd.c,134 :: 		
0x00AA	0x1086      	BCF        LCD_D5, BitPos(LCD_D5+0)
;__Lib_Lcd.c,135 :: 		
0x00AB	0x1586      	BSF        LCD_D7, BitPos(LCD_D7+0)
;__Lib_Lcd.c,136 :: 		
0x00AC	0x1686      	BSF        LCD_EN, BitPos(LCD_EN+0)
;__Lib_Lcd.c,137 :: 		
0x00AD	0x200A      	CALL       _Delay_1us
;__Lib_Lcd.c,138 :: 		
0x00AE	0x1286      	BCF        LCD_EN, BitPos(LCD_EN+0)
;__Lib_Lcd.c,139 :: 		
0x00AF	0x200D      	CALL       _Delay_5500us
;__Lib_Lcd.c,142 :: 		
0x00B0	0x1186      	BCF        LCD_D7, BitPos(LCD_D7+0)
;__Lib_Lcd.c,143 :: 		
0x00B1	0x1406      	BSF        LCD_D4, BitPos(LCD_D4+0)
;__Lib_Lcd.c,144 :: 		
0x00B2	0x1686      	BSF        LCD_EN, BitPos(LCD_EN+0)
;__Lib_Lcd.c,145 :: 		
0x00B3	0x200A      	CALL       _Delay_1us
;__Lib_Lcd.c,146 :: 		
0x00B4	0x1286      	BCF        LCD_EN, BitPos(LCD_EN+0)
;__Lib_Lcd.c,148 :: 		
0x00B5	0x1006      	BCF        LCD_D4, BitPos(LCD_D4+0)
;__Lib_Lcd.c,149 :: 		
0x00B6	0x1686      	BSF        LCD_EN, BitPos(LCD_EN+0)
;__Lib_Lcd.c,150 :: 		
0x00B7	0x200A      	CALL       _Delay_1us
;__Lib_Lcd.c,151 :: 		
0x00B8	0x1286      	BCF        LCD_EN, BitPos(LCD_EN+0)
;__Lib_Lcd.c,152 :: 		
0x00B9	0x200D      	CALL       _Delay_5500us
;__Lib_Lcd.c,155 :: 		
0x00BA	0x1686      	BSF        LCD_EN, BitPos(LCD_EN+0)
;__Lib_Lcd.c,156 :: 		
0x00BB	0x200A      	CALL       _Delay_1us
;__Lib_Lcd.c,157 :: 		
0x00BC	0x1286      	BCF        LCD_EN, BitPos(LCD_EN+0)
;__Lib_Lcd.c,159 :: 		
0x00BD	0x1406      	BSF        LCD_D4, BitPos(LCD_D4+0)
;__Lib_Lcd.c,160 :: 		
0x00BE	0x1686      	BSF        LCD_EN, BitPos(LCD_EN+0)
;__Lib_Lcd.c,161 :: 		
0x00BF	0x200A      	CALL       _Delay_1us
;__Lib_Lcd.c,162 :: 		
0x00C0	0x1286      	BCF        LCD_EN, BitPos(LCD_EN+0)
;__Lib_Lcd.c,163 :: 		
0x00C1	0x200D      	CALL       _Delay_5500us
;__Lib_Lcd.c,166 :: 		
0x00C2	0x1006      	BCF        LCD_D4, BitPos(LCD_D4+0)
;__Lib_Lcd.c,167 :: 		
0x00C3	0x1686      	BSF        LCD_EN, BitPos(LCD_EN+0)
;__Lib_Lcd.c,168 :: 		
0x00C4	0x200A      	CALL       _Delay_1us
;__Lib_Lcd.c,169 :: 		
0x00C5	0x1286      	BCF        LCD_EN, BitPos(LCD_EN+0)
;__Lib_Lcd.c,171 :: 		
0x00C6	0x1586      	BSF        LCD_D7, BitPos(LCD_D7+0)
;__Lib_Lcd.c,172 :: 		
0x00C7	0x1506      	BSF        LCD_D6, BitPos(LCD_D6+0)
;__Lib_Lcd.c,173 :: 		
0x00C8	0x1486      	BSF        LCD_D5, BitPos(LCD_D5+0)
;__Lib_Lcd.c,174 :: 		
0x00C9	0x1406      	BSF        LCD_D4, BitPos(LCD_D4+0)
;__Lib_Lcd.c,175 :: 		
0x00CA	0x1686      	BSF        LCD_EN, BitPos(LCD_EN+0)
;__Lib_Lcd.c,176 :: 		
0x00CB	0x200A      	CALL       _Delay_1us
;__Lib_Lcd.c,177 :: 		
0x00CC	0x1286      	BCF        LCD_EN, BitPos(LCD_EN+0)
;__Lib_Lcd.c,179 :: 		
0x00CD	0x200D      	CALL       _Delay_5500us
;__Lib_Lcd.c,181 :: 		
0x00CE	0x145C      	BSF        __Lib_Lcd_cmd_status, BitPos(__Lib_Lcd_cmd_status+0)
;__Lib_Lcd.c,182 :: 		
L_end_Lcd_Init:
0x00CF	0x0008      	RETURN
; end of _Lcd_Init
_Lcd_Out:
;__Lib_Lcd.c,184 :: 		
;__Lib_Lcd.c,187 :: 		
0x00D0	0x28E2      	GOTO       L_Lcd_Out11
;__Lib_Lcd.c,188 :: 		
L_Lcd_Out13:
0x00D1	0x3080      	MOVLW      128
0x00D2	0x1283      	BCF        STATUS, 5
0x00D3	0x1303      	BCF        STATUS, 6
0x00D4	0x00E0      	MOVWF      FARG_Lcd_Out_row
0x00D5	0x28F5      	GOTO       L_Lcd_Out12
;__Lib_Lcd.c,189 :: 		
L_Lcd_Out14:
0x00D6	0x30C0      	MOVLW      192
0x00D7	0x00E0      	MOVWF      FARG_Lcd_Out_row
0x00D8	0x28F5      	GOTO       L_Lcd_Out12
;__Lib_Lcd.c,190 :: 		
L_Lcd_Out15:
0x00D9	0x3094      	MOVLW      148
0x00DA	0x00E0      	MOVWF      FARG_Lcd_Out_row
0x00DB	0x28F5      	GOTO       L_Lcd_Out12
;__Lib_Lcd.c,191 :: 		
L_Lcd_Out16:
0x00DC	0x30D4      	MOVLW      212
0x00DD	0x00E0      	MOVWF      FARG_Lcd_Out_row
0x00DE	0x28F5      	GOTO       L_Lcd_Out12
;__Lib_Lcd.c,192 :: 		
L_Lcd_Out17:
0x00DF	0x3080      	MOVLW      128
0x00E0	0x00E0      	MOVWF      FARG_Lcd_Out_row
;__Lib_Lcd.c,193 :: 		
0x00E1	0x28F5      	GOTO       L_Lcd_Out12
L_Lcd_Out11:
0x00E2	0x1283      	BCF        STATUS, 5
0x00E3	0x1303      	BCF        STATUS, 6
0x00E4	0x0860      	MOVF       FARG_Lcd_Out_row, 0
0x00E5	0x3A01      	XORLW      1
0x00E6	0x1903      	BTFSC      STATUS, 2
0x00E7	0x28D1      	GOTO       L_Lcd_Out13
0x00E8	0x0860      	MOVF       FARG_Lcd_Out_row, 0
0x00E9	0x3A02      	XORLW      2
0x00EA	0x1903      	BTFSC      STATUS, 2
0x00EB	0x28D6      	GOTO       L_Lcd_Out14
0x00EC	0x0860      	MOVF       FARG_Lcd_Out_row, 0
0x00ED	0x3A03      	XORLW      3
0x00EE	0x1903      	BTFSC      STATUS, 2
0x00EF	0x28D9      	GOTO       L_Lcd_Out15
0x00F0	0x0860      	MOVF       FARG_Lcd_Out_row, 0
0x00F1	0x3A04      	XORLW      4
0x00F2	0x1903      	BTFSC      STATUS, 2
0x00F3	0x28DC      	GOTO       L_Lcd_Out16
0x00F4	0x28DF      	GOTO       L_Lcd_Out17
L_Lcd_Out12:
;__Lib_Lcd.c,194 :: 		
0x00F5	0x0361      	DECF       FARG_Lcd_Out_column, 0
0x00F6	0x00F0      	MOVWF      R0
0x00F7	0x0860      	MOVF       FARG_Lcd_Out_row, 0
0x00F8	0x07F0      	ADDWF      R0, 1
0x00F9	0x0870      	MOVF       R0, 0
0x00FA	0x00E0      	MOVWF      FARG_Lcd_Out_row
;__Lib_Lcd.c,196 :: 		
0x00FB	0x0870      	MOVF       R0, 0
0x00FC	0x00E5      	MOVWF      FARG_Lcd_Cmd_out_char
0x00FD	0x201A      	CALL       _Lcd_Cmd
;__Lib_Lcd.c,197 :: 		
0x00FE	0x105C      	BCF        __Lib_Lcd_cmd_status, BitPos(__Lib_Lcd_cmd_status+0)
;__Lib_Lcd.c,198 :: 		
0x00FF	0x01E3      	CLRF       Lcd_Out_i_L0
;__Lib_Lcd.c,199 :: 		
L_Lcd_Out18:
0x0100	0x0863      	MOVF       Lcd_Out_i_L0, 0
0x0101	0x0762      	ADDWF      FARG_Lcd_Out_text, 0
0x0102	0x0084      	MOVWF      FSR
0x0103	0x0800      	MOVF       INDF, 0
0x0104	0x1903      	BTFSC      STATUS, 2
0x0105	0x290E      	GOTO       L_Lcd_Out19
;__Lib_Lcd.c,200 :: 		
0x0106	0x0863      	MOVF       Lcd_Out_i_L0, 0
0x0107	0x0762      	ADDWF      FARG_Lcd_Out_text, 0
0x0108	0x0084      	MOVWF      FSR
0x0109	0x0800      	MOVF       INDF, 0
0x010A	0x00E4      	MOVWF      FARG_Lcd_Chr_CP_out_char
0x010B	0x205A      	CALL       _Lcd_Chr_CP
0x010C	0x0AE3      	INCF       Lcd_Out_i_L0, 1
0x010D	0x2900      	GOTO       L_Lcd_Out18
L_Lcd_Out19:
;__Lib_Lcd.c,201 :: 		
0x010E	0x145C      	BSF        __Lib_Lcd_cmd_status, BitPos(__Lib_Lcd_cmd_status+0)
;__Lib_Lcd.c,202 :: 		
L_end_Lcd_Out:
0x010F	0x0008      	RETURN
; end of _Lcd_Out
_init:
;Uygulama37.c,18 :: 		init(){
;Uygulama37.c,19 :: 		memset(girilen,0,4);
0x0110	0x3028      	MOVLW      _girilen
0x0111	0x1283      	BCF        STATUS, 5
0x0112	0x1303      	BCF        STATUS, 6
0x0113	0x00E0      	MOVWF      FARG_memset_p1
0x0114	0x01E1      	CLRF       FARG_memset_character
0x0115	0x3004      	MOVLW      4
0x0116	0x00E2      	MOVWF      FARG_memset_n
0x0117	0x3000      	MOVLW      0
0x0118	0x00E3      	MOVWF      FARG_memset_n+1
0x0119	0x2069      	CALL       _memset
;Uygulama37.c,20 :: 		TRISC.F0=0;
0x011A	0x1683      	BSF        STATUS, 5
0x011B	0x1007      	BCF        TRISC, 0
;Uygulama37.c,21 :: 		TRISC.F1=0;
0x011C	0x1087      	BCF        TRISC, 1
;Uygulama37.c,22 :: 		TRISC.F2=0;
0x011D	0x1107      	BCF        TRISC, 2
;Uygulama37.c,23 :: 		TRISC.F3=0;
0x011E	0x1187      	BCF        TRISC, 3
;Uygulama37.c,24 :: 		TRISD.F0=1;
0x011F	0x1408      	BSF        TRISD, 0
;Uygulama37.c,25 :: 		TRISD.F1=1;
0x0120	0x1488      	BSF        TRISD, 1
;Uygulama37.c,26 :: 		TRISD.F2=1;
0x0121	0x1508      	BSF        TRISD, 2
;Uygulama37.c,27 :: 		trisb=0;
0x0122	0x0186      	CLRF       TRISB
;Uygulama37.c,28 :: 		portb=0;
0x0123	0x1283      	BCF        STATUS, 5
0x0124	0x0186      	CLRF       PORTB
;Uygulama37.c,29 :: 		Lcd_Init();
0x0125	0x2082      	CALL       _Lcd_Init
;Uygulama37.c,30 :: 		Lcd_Cmd(_LCD_CLEAR);
0x0126	0x3001      	MOVLW      1
0x0127	0x00E5      	MOVWF      FARG_Lcd_Cmd_out_char
0x0128	0x201A      	CALL       _Lcd_Cmd
;Uygulama37.c,31 :: 		Lcd_Cmd(_LCD_CURSOR_OFF);
0x0129	0x300C      	MOVLW      12
0x012A	0x00E5      	MOVWF      FARG_Lcd_Cmd_out_char
0x012B	0x201A      	CALL       _Lcd_Cmd
;Uygulama37.c,32 :: 		Lcd_Out(1,1,"Merhaba");
0x012C	0x3001      	MOVLW      1
0x012D	0x00E0      	MOVWF      FARG_Lcd_Out_row
0x012E	0x3001      	MOVLW      1
0x012F	0x00E1      	MOVWF      FARG_Lcd_Out_column
0x0130	0x3020      	MOVLW      ?lstr1_Uygulama37
0x0131	0x00E2      	MOVWF      FARG_Lcd_Out_text
0x0132	0x20D0      	CALL       _Lcd_Out
;Uygulama37.c,33 :: 		}
L_end_init:
0x0133	0x0008      	RETURN
; end of _init
_strcmp:
;__Lib_CString.c,115 :: 		
;__Lib_CString.c,117 :: 		
L_strcmp30:
0x0134	0x1283      	BCF        STATUS, 5
0x0135	0x1303      	BCF        STATUS, 6
0x0136	0x085E      	MOVF       FARG_strcmp_s1, 0
0x0137	0x0084      	MOVWF      FSR
0x0138	0x0800      	MOVF       INDF, 0
0x0139	0x1903      	BTFSC      STATUS, 2
0x013A	0x2948      	GOTO       L_strcmp31
0x013B	0x085E      	MOVF       FARG_strcmp_s1, 0
0x013C	0x0084      	MOVWF      FSR
0x013D	0x0800      	MOVF       INDF, 0
0x013E	0x00F1      	MOVWF      R1
0x013F	0x085F      	MOVF       FARG_strcmp_s2, 0
0x0140	0x0084      	MOVWF      FSR
0x0141	0x0871      	MOVF       R1, 0
0x0142	0x0600      	XORWF      INDF, 0
0x0143	0x1D03      	BTFSS      STATUS, 2
0x0144	0x2948      	GOTO       L_strcmp31
L__strcmp112:
;__Lib_CString.c,118 :: 		
0x0145	0x0ADE      	INCF       FARG_strcmp_s1, 1
0x0146	0x0ADF      	INCF       FARG_strcmp_s2, 1
0x0147	0x2934      	GOTO       L_strcmp30
L_strcmp31:
;__Lib_CString.c,120 :: 		
0x0148	0x085E      	MOVF       FARG_strcmp_s1, 0
0x0149	0x0084      	MOVWF      FSR
0x014A	0x0800      	MOVF       INDF, 0
0x014B	0x00F0      	MOVWF      R0
0x014C	0x085F      	MOVF       FARG_strcmp_s2, 0
0x014D	0x0084      	MOVWF      FSR
0x014E	0x0800      	MOVF       INDF, 0
0x014F	0x02F0      	SUBWF      R0, 1
0x0150	0x01F1      	CLRF       R0+1
0x0151	0x1C03      	BTFSS      STATUS, 0
0x0152	0x03F1      	DECF       R0+1, 1
;__Lib_CString.c,121 :: 		
L_end_strcmp:
0x0153	0x0008      	RETURN
; end of _strcmp
___CC2DW:
;__Lib_System.c,134 :: 		
;__Lib_System.c,137 :: 		
_CC2D_Loop1:
;__Lib_System.c,139 :: 		
0x0154	0x2062      	CALL       _____DoICP
0x0155	0x118A      	BCF        PCLATH, 3
0x0156	0x120A      	BCF        PCLATH, 4
;__Lib_System.c,141 :: 		
0x0157	0x0080      	MOVWF      INDF
;__Lib_System.c,142 :: 		
0x0158	0x0A84      	INCF       FSR, 1
;__Lib_System.c,143 :: 		
0x0159	0x0ADA      	INCF       ___DoICPAddr, 1
;__Lib_System.c,145 :: 		
0x015A	0x1903      	BTFSC      STATUS, 2
;__Lib_System.c,146 :: 		
0x015B	0x0ADB      	INCF       ___DoICPAddr+1, 1
;__Lib_System.c,147 :: 		
0x015C	0x03F0      	DECF       R0, 1
;__Lib_System.c,149 :: 		
0x015D	0x1D03      	BTFSS      STATUS, 2
;__Lib_System.c,150 :: 		
0x015E	0x2954      	GOTO       _CC2D_Loop1
;__Lib_System.c,152 :: 		
L_end___CC2DW:
0x015F	0x0008      	RETURN
; end of ___CC2DW
_main:
0x0160	0x22B8      	CALL       696
;Uygulama37.c,34 :: 		void main() {
;Uygulama37.c,35 :: 		init();
0x0161	0x2110      	CALL       _init
;Uygulama37.c,36 :: 		Delay_ms(1000);
0x0162	0x300B      	MOVLW      11
0x0163	0x00FB      	MOVWF      R11
0x0164	0x3026      	MOVLW      38
0x0165	0x00FC      	MOVWF      R12
0x0166	0x305D      	MOVLW      93
0x0167	0x00FD      	MOVWF      R13
L_main0:
0x0168	0x0BFD      	DECFSZ     R13, 1
0x0169	0x2968      	GOTO       L_main0
0x016A	0x0BFC      	DECFSZ     R12, 1
0x016B	0x2968      	GOTO       L_main0
0x016C	0x0BFB      	DECFSZ     R11, 1
0x016D	0x2968      	GOTO       L_main0
0x016E	0x0000      	NOP
0x016F	0x0000      	NOP
;Uygulama37.c,37 :: 		Lcd_Cmd(_LCD_CLEAR);
0x0170	0x3001      	MOVLW      1
0x0171	0x00E5      	MOVWF      FARG_Lcd_Cmd_out_char
0x0172	0x201A      	CALL       _Lcd_Cmd
;Uygulama37.c,38 :: 		while(1){
L_main1:
;Uygulama37.c,40 :: 		PORTC.F0=1;
0x0173	0x1407      	BSF        PORTC, 0
;Uygulama37.c,41 :: 		if (PORTD.F0==1){
0x0174	0x1C08      	BTFSS      PORTD, 0
0x0175	0x2981      	GOTO       L_main3
;Uygulama37.c,42 :: 		tus='3';
0x0176	0x3033      	MOVLW      51
0x0177	0x00DD      	MOVWF      _tus
;Uygulama37.c,43 :: 		girilen[i]=tus;
0x0178	0x0858      	MOVF       _i, 0
0x0179	0x3E28      	ADDLW      _girilen
0x017A	0x0084      	MOVWF      FSR
0x017B	0x3033      	MOVLW      51
0x017C	0x0080      	MOVWF      INDF
;Uygulama37.c,44 :: 		i=i+1;
0x017D	0x0AD8      	INCF       _i, 1
0x017E	0x1903      	BTFSC      STATUS, 2
0x017F	0x0AD9      	INCF       _i+1, 1
;Uygulama37.c,45 :: 		}else if(PORTD.F1==1){
0x0180	0x299A      	GOTO       L_main4
L_main3:
0x0181	0x1C88      	BTFSS      PORTD, 1
0x0182	0x298E      	GOTO       L_main5
;Uygulama37.c,46 :: 		tus='2';
0x0183	0x3032      	MOVLW      50
0x0184	0x00DD      	MOVWF      _tus
;Uygulama37.c,47 :: 		girilen[i]=tus;
0x0185	0x0858      	MOVF       _i, 0
0x0186	0x3E28      	ADDLW      _girilen
0x0187	0x0084      	MOVWF      FSR
0x0188	0x3032      	MOVLW      50
0x0189	0x0080      	MOVWF      INDF
;Uygulama37.c,48 :: 		i=i+1;
0x018A	0x0AD8      	INCF       _i, 1
0x018B	0x1903      	BTFSC      STATUS, 2
0x018C	0x0AD9      	INCF       _i+1, 1
;Uygulama37.c,49 :: 		}
0x018D	0x299A      	GOTO       L_main6
L_main5:
;Uygulama37.c,50 :: 		else if(PORTD.F2==1){
0x018E	0x1D08      	BTFSS      PORTD, 2
0x018F	0x299A      	GOTO       L_main7
;Uygulama37.c,51 :: 		tus='1';
0x0190	0x3031      	MOVLW      49
0x0191	0x00DD      	MOVWF      _tus
;Uygulama37.c,52 :: 		girilen[i]=tus;
0x0192	0x0858      	MOVF       _i, 0
0x0193	0x3E28      	ADDLW      _girilen
0x0194	0x0084      	MOVWF      FSR
0x0195	0x3031      	MOVLW      49
0x0196	0x0080      	MOVWF      INDF
;Uygulama37.c,53 :: 		i=i+1;
0x0197	0x0AD8      	INCF       _i, 1
0x0198	0x1903      	BTFSC      STATUS, 2
0x0199	0x0AD9      	INCF       _i+1, 1
;Uygulama37.c,54 :: 		}
L_main7:
L_main6:
L_main4:
;Uygulama37.c,55 :: 		PORTC.F0=0;
0x019A	0x1007      	BCF        PORTC, 0
;Uygulama37.c,56 :: 		PORTC.F1=1;
0x019B	0x1487      	BSF        PORTC, 1
;Uygulama37.c,57 :: 		if (PORTD.F0==1){
0x019C	0x1C08      	BTFSS      PORTD, 0
0x019D	0x29A9      	GOTO       L_main8
;Uygulama37.c,58 :: 		tus='6';
0x019E	0x3036      	MOVLW      54
0x019F	0x00DD      	MOVWF      _tus
;Uygulama37.c,59 :: 		girilen[i]=tus;
0x01A0	0x0858      	MOVF       _i, 0
0x01A1	0x3E28      	ADDLW      _girilen
0x01A2	0x0084      	MOVWF      FSR
0x01A3	0x3036      	MOVLW      54
0x01A4	0x0080      	MOVWF      INDF
;Uygulama37.c,60 :: 		i=i+1;
0x01A5	0x0AD8      	INCF       _i, 1
0x01A6	0x1903      	BTFSC      STATUS, 2
0x01A7	0x0AD9      	INCF       _i+1, 1
;Uygulama37.c,61 :: 		}else if(PORTD.F1==1){
0x01A8	0x29C2      	GOTO       L_main9
L_main8:
0x01A9	0x1C88      	BTFSS      PORTD, 1
0x01AA	0x29B6      	GOTO       L_main10
;Uygulama37.c,62 :: 		tus='5';
0x01AB	0x3035      	MOVLW      53
0x01AC	0x00DD      	MOVWF      _tus
;Uygulama37.c,63 :: 		girilen[i]=tus;
0x01AD	0x0858      	MOVF       _i, 0
0x01AE	0x3E28      	ADDLW      _girilen
0x01AF	0x0084      	MOVWF      FSR
0x01B0	0x3035      	MOVLW      53
0x01B1	0x0080      	MOVWF      INDF
;Uygulama37.c,64 :: 		i=i+1;}
0x01B2	0x0AD8      	INCF       _i, 1
0x01B3	0x1903      	BTFSC      STATUS, 2
0x01B4	0x0AD9      	INCF       _i+1, 1
0x01B5	0x29C2      	GOTO       L_main11
L_main10:
;Uygulama37.c,65 :: 		else if(PORTD.F2==1){
0x01B6	0x1D08      	BTFSS      PORTD, 2
0x01B7	0x29C2      	GOTO       L_main12
;Uygulama37.c,66 :: 		tus='4';
0x01B8	0x3034      	MOVLW      52
0x01B9	0x00DD      	MOVWF      _tus
;Uygulama37.c,67 :: 		girilen[i]=tus;
0x01BA	0x0858      	MOVF       _i, 0
0x01BB	0x3E28      	ADDLW      _girilen
0x01BC	0x0084      	MOVWF      FSR
0x01BD	0x3034      	MOVLW      52
0x01BE	0x0080      	MOVWF      INDF
;Uygulama37.c,68 :: 		i=i+1;}
0x01BF	0x0AD8      	INCF       _i, 1
0x01C0	0x1903      	BTFSC      STATUS, 2
0x01C1	0x0AD9      	INCF       _i+1, 1
L_main12:
L_main11:
L_main9:
;Uygulama37.c,69 :: 		PORTC.F1=0;
0x01C2	0x1087      	BCF        PORTC, 1
;Uygulama37.c,70 :: 		PORTC.F2=1;
0x01C3	0x1507      	BSF        PORTC, 2
;Uygulama37.c,71 :: 		if (PORTD.F0==1){
0x01C4	0x1C08      	BTFSS      PORTD, 0
0x01C5	0x29D1      	GOTO       L_main13
;Uygulama37.c,72 :: 		tus='9';
0x01C6	0x3039      	MOVLW      57
0x01C7	0x00DD      	MOVWF      _tus
;Uygulama37.c,73 :: 		girilen[i]=tus;
0x01C8	0x0858      	MOVF       _i, 0
0x01C9	0x3E28      	ADDLW      _girilen
0x01CA	0x0084      	MOVWF      FSR
0x01CB	0x3039      	MOVLW      57
0x01CC	0x0080      	MOVWF      INDF
;Uygulama37.c,74 :: 		i=i+1;
0x01CD	0x0AD8      	INCF       _i, 1
0x01CE	0x1903      	BTFSC      STATUS, 2
0x01CF	0x0AD9      	INCF       _i+1, 1
;Uygulama37.c,75 :: 		}else if(PORTD.F1==1){
0x01D0	0x29EA      	GOTO       L_main14
L_main13:
0x01D1	0x1C88      	BTFSS      PORTD, 1
0x01D2	0x29DE      	GOTO       L_main15
;Uygulama37.c,76 :: 		tus='8';
0x01D3	0x3038      	MOVLW      56
0x01D4	0x00DD      	MOVWF      _tus
;Uygulama37.c,77 :: 		girilen[i]=tus;
0x01D5	0x0858      	MOVF       _i, 0
0x01D6	0x3E28      	ADDLW      _girilen
0x01D7	0x0084      	MOVWF      FSR
0x01D8	0x3038      	MOVLW      56
0x01D9	0x0080      	MOVWF      INDF
;Uygulama37.c,78 :: 		i=i+1;
0x01DA	0x0AD8      	INCF       _i, 1
0x01DB	0x1903      	BTFSC      STATUS, 2
0x01DC	0x0AD9      	INCF       _i+1, 1
;Uygulama37.c,79 :: 		}
0x01DD	0x29EA      	GOTO       L_main16
L_main15:
;Uygulama37.c,80 :: 		else if(PORTD.F2==1){
0x01DE	0x1D08      	BTFSS      PORTD, 2
0x01DF	0x29EA      	GOTO       L_main17
;Uygulama37.c,81 :: 		tus='7';
0x01E0	0x3037      	MOVLW      55
0x01E1	0x00DD      	MOVWF      _tus
;Uygulama37.c,82 :: 		girilen[i]=tus;
0x01E2	0x0858      	MOVF       _i, 0
0x01E3	0x3E28      	ADDLW      _girilen
0x01E4	0x0084      	MOVWF      FSR
0x01E5	0x3037      	MOVLW      55
0x01E6	0x0080      	MOVWF      INDF
;Uygulama37.c,83 :: 		i=i+1;}
0x01E7	0x0AD8      	INCF       _i, 1
0x01E8	0x1903      	BTFSC      STATUS, 2
0x01E9	0x0AD9      	INCF       _i+1, 1
L_main17:
L_main16:
L_main14:
;Uygulama37.c,84 :: 		PORTC.F3=1;
0x01EA	0x1587      	BSF        PORTC, 3
;Uygulama37.c,85 :: 		PORTC.F2=0;
0x01EB	0x1107      	BCF        PORTC, 2
;Uygulama37.c,86 :: 		if (PORTD.F0==1){
0x01EC	0x1C08      	BTFSS      PORTD, 0
0x01ED	0x29F9      	GOTO       L_main18
;Uygulama37.c,87 :: 		tus='0';
0x01EE	0x3030      	MOVLW      48
0x01EF	0x00DD      	MOVWF      _tus
;Uygulama37.c,88 :: 		girilen[i]=tus;
0x01F0	0x0858      	MOVF       _i, 0
0x01F1	0x3E28      	ADDLW      _girilen
0x01F2	0x0084      	MOVWF      FSR
0x01F3	0x3030      	MOVLW      48
0x01F4	0x0080      	MOVWF      INDF
;Uygulama37.c,89 :: 		i=i+1;
0x01F5	0x0AD8      	INCF       _i, 1
0x01F6	0x1903      	BTFSC      STATUS, 2
0x01F7	0x0AD9      	INCF       _i+1, 1
;Uygulama37.c,90 :: 		}else if(PORTD.F1==1){
0x01F8	0x2A12      	GOTO       L_main19
L_main18:
0x01F9	0x1C88      	BTFSS      PORTD, 1
0x01FA	0x2A06      	GOTO       L_main20
;Uygulama37.c,91 :: 		tus='0';
0x01FB	0x3030      	MOVLW      48
0x01FC	0x00DD      	MOVWF      _tus
;Uygulama37.c,92 :: 		girilen[i]=tus;
0x01FD	0x0858      	MOVF       _i, 0
0x01FE	0x3E28      	ADDLW      _girilen
0x01FF	0x0084      	MOVWF      FSR
0x0200	0x3030      	MOVLW      48
0x0201	0x0080      	MOVWF      INDF
;Uygulama37.c,93 :: 		i=i+1;}
0x0202	0x0AD8      	INCF       _i, 1
0x0203	0x1903      	BTFSC      STATUS, 2
0x0204	0x0AD9      	INCF       _i+1, 1
0x0205	0x2A12      	GOTO       L_main21
L_main20:
;Uygulama37.c,94 :: 		else if(PORTD.F2==1){
0x0206	0x1D08      	BTFSS      PORTD, 2
0x0207	0x2A12      	GOTO       L_main22
;Uygulama37.c,95 :: 		tus='0';
0x0208	0x3030      	MOVLW      48
0x0209	0x00DD      	MOVWF      _tus
;Uygulama37.c,96 :: 		girilen[i]=tus;
0x020A	0x0858      	MOVF       _i, 0
0x020B	0x3E28      	ADDLW      _girilen
0x020C	0x0084      	MOVWF      FSR
0x020D	0x3030      	MOVLW      48
0x020E	0x0080      	MOVWF      INDF
;Uygulama37.c,97 :: 		i=i+1;}
0x020F	0x0AD8      	INCF       _i, 1
0x0210	0x1903      	BTFSC      STATUS, 2
0x0211	0x0AD9      	INCF       _i+1, 1
L_main22:
L_main21:
L_main19:
;Uygulama37.c,99 :: 		Lcd_Out(1,1,"Kod Giriniz:");
0x0212	0x3001      	MOVLW      1
0x0213	0x00E0      	MOVWF      FARG_Lcd_Out_row
0x0214	0x3001      	MOVLW      1
0x0215	0x00E1      	MOVWF      FARG_Lcd_Out_column
0x0216	0x3032      	MOVLW      ?lstr2_Uygulama37
0x0217	0x00E2      	MOVWF      FARG_Lcd_Out_text
0x0218	0x20D0      	CALL       _Lcd_Out
;Uygulama37.c,100 :: 		Lcd_Out(2,1,girilen);
0x0219	0x3002      	MOVLW      2
0x021A	0x00E0      	MOVWF      FARG_Lcd_Out_row
0x021B	0x3001      	MOVLW      1
0x021C	0x00E1      	MOVWF      FARG_Lcd_Out_column
0x021D	0x3028      	MOVLW      _girilen
0x021E	0x00E2      	MOVWF      FARG_Lcd_Out_text
0x021F	0x20D0      	CALL       _Lcd_Out
;Uygulama37.c,101 :: 		Delay_ms(1000);
0x0220	0x300B      	MOVLW      11
0x0221	0x00FB      	MOVWF      R11
0x0222	0x3026      	MOVLW      38
0x0223	0x00FC      	MOVWF      R12
0x0224	0x305D      	MOVLW      93
0x0225	0x00FD      	MOVWF      R13
L_main23:
0x0226	0x0BFD      	DECFSZ     R13, 1
0x0227	0x2A26      	GOTO       L_main23
0x0228	0x0BFC      	DECFSZ     R12, 1
0x0229	0x2A26      	GOTO       L_main23
0x022A	0x0BFB      	DECFSZ     R11, 1
0x022B	0x2A26      	GOTO       L_main23
0x022C	0x0000      	NOP
0x022D	0x0000      	NOP
;Uygulama37.c,102 :: 		if (i==4){
0x022E	0x3000      	MOVLW      0
0x022F	0x0659      	XORWF      _i+1, 0
0x0230	0x1D03      	BTFSS      STATUS, 2
0x0231	0x2A34      	GOTO       L__main30
0x0232	0x3004      	MOVLW      4
0x0233	0x0658      	XORWF      _i, 0
L__main30:
0x0234	0x1D03      	BTFSS      STATUS, 2
0x0235	0x2A77      	GOTO       L_main24
;Uygulama37.c,103 :: 		i=0;
0x0236	0x01D8      	CLRF       _i
0x0237	0x01D9      	CLRF       _i+1
;Uygulama37.c,104 :: 		Lcd_Cmd(_LCD_CLEAR);
0x0238	0x3001      	MOVLW      1
0x0239	0x00E5      	MOVWF      FARG_Lcd_Cmd_out_char
0x023A	0x201A      	CALL       _Lcd_Cmd
;Uygulama37.c,105 :: 		if(strcmp(girilen,sifre)==0){
0x023B	0x3028      	MOVLW      _girilen
0x023C	0x00DE      	MOVWF      FARG_strcmp_s1
0x023D	0x302D      	MOVLW      _sifre
0x023E	0x00DF      	MOVWF      FARG_strcmp_s2
0x023F	0x2134      	CALL       _strcmp
0x0240	0x3000      	MOVLW      0
0x0241	0x0671      	XORWF      R0+1, 0
0x0242	0x1D03      	BTFSS      STATUS, 2
0x0243	0x2A46      	GOTO       L__main31
0x0244	0x3000      	MOVLW      0
0x0245	0x0670      	XORWF      R0, 0
L__main31:
0x0246	0x1D03      	BTFSS      STATUS, 2
0x0247	0x2A50      	GOTO       L_main25
;Uygulama37.c,106 :: 		Lcd_Out(2,1,"Sifre Dogru") ;
0x0248	0x3002      	MOVLW      2
0x0249	0x00E0      	MOVWF      FARG_Lcd_Out_row
0x024A	0x3001      	MOVLW      1
0x024B	0x00E1      	MOVWF      FARG_Lcd_Out_column
0x024C	0x303F      	MOVLW      ?lstr3_Uygulama37
0x024D	0x00E2      	MOVWF      FARG_Lcd_Out_text
0x024E	0x20D0      	CALL       _Lcd_Out
;Uygulama37.c,107 :: 		}
0x024F	0x2A5E      	GOTO       L_main26
L_main25:
;Uygulama37.c,109 :: 		Lcd_Out(2,1,"Sifre Yanlis");
0x0250	0x3002      	MOVLW      2
0x0251	0x00E0      	MOVWF      FARG_Lcd_Out_row
0x0252	0x3001      	MOVLW      1
0x0253	0x00E1      	MOVWF      FARG_Lcd_Out_column
0x0254	0x304B      	MOVLW      ?lstr4_Uygulama37
0x0255	0x00E2      	MOVWF      FARG_Lcd_Out_text
0x0256	0x20D0      	CALL       _Lcd_Out
;Uygulama37.c,110 :: 		Lcd_Out(1,1,girilen);
0x0257	0x3001      	MOVLW      1
0x0258	0x00E0      	MOVWF      FARG_Lcd_Out_row
0x0259	0x3001      	MOVLW      1
0x025A	0x00E1      	MOVWF      FARG_Lcd_Out_column
0x025B	0x3028      	MOVLW      _girilen
0x025C	0x00E2      	MOVWF      FARG_Lcd_Out_text
0x025D	0x20D0      	CALL       _Lcd_Out
;Uygulama37.c,111 :: 		}
L_main26:
;Uygulama37.c,112 :: 		memset(girilen,0,4);
0x025E	0x3028      	MOVLW      _girilen
0x025F	0x00E0      	MOVWF      FARG_memset_p1
0x0260	0x01E1      	CLRF       FARG_memset_character
0x0261	0x3004      	MOVLW      4
0x0262	0x00E2      	MOVWF      FARG_memset_n
0x0263	0x3000      	MOVLW      0
0x0264	0x00E3      	MOVWF      FARG_memset_n+1
0x0265	0x2069      	CALL       _memset
;Uygulama37.c,113 :: 		Delay_ms(1000);
0x0266	0x300B      	MOVLW      11
0x0267	0x00FB      	MOVWF      R11
0x0268	0x3026      	MOVLW      38
0x0269	0x00FC      	MOVWF      R12
0x026A	0x305D      	MOVLW      93
0x026B	0x00FD      	MOVWF      R13
L_main27:
0x026C	0x0BFD      	DECFSZ     R13, 1
0x026D	0x2A6C      	GOTO       L_main27
0x026E	0x0BFC      	DECFSZ     R12, 1
0x026F	0x2A6C      	GOTO       L_main27
0x0270	0x0BFB      	DECFSZ     R11, 1
0x0271	0x2A6C      	GOTO       L_main27
0x0272	0x0000      	NOP
0x0273	0x0000      	NOP
;Uygulama37.c,114 :: 		Lcd_Cmd(_LCD_CLEAR);
0x0274	0x3001      	MOVLW      1
0x0275	0x00E5      	MOVWF      FARG_Lcd_Cmd_out_char
0x0276	0x201A      	CALL       _Lcd_Cmd
;Uygulama37.c,115 :: 		}}}
L_main24:
0x0277	0x2973      	GOTO       L_main1
L_end_main:
0x0278	0x2A78      	GOTO       $+0
; end of _main
0x02B8	0x3020      	MOVLW      32
0x02B9	0x0084      	MOVWF      FSR
0x02BA	0x303A      	MOVLW      58
0x02BB	0x1283      	BCF        STATUS, 5
0x02BC	0x1303      	BCF        STATUS, 6
0x02BD	0x00F0      	MOVWF      R0
0x02BE	0x307E      	MOVLW      126
0x02BF	0x00DA      	MOVWF      ___DoICPAddr
0x02C0	0x3002      	MOVLW      2
0x02C1	0x00DB      	MOVWF      91
0x02C2	0x2154      	CALL       340
0x02C3	0x0008      	RETURN
;Uygulama37.c,0 :: ?ICS?lstr1_Uygulama37
0x027E	0x344D ;?ICS?lstr1_Uygulama37+0
0x027F	0x3465 ;?ICS?lstr1_Uygulama37+1
0x0280	0x3472 ;?ICS?lstr1_Uygulama37+2
0x0281	0x3468 ;?ICS?lstr1_Uygulama37+3
0x0282	0x3461 ;?ICS?lstr1_Uygulama37+4
0x0283	0x3462 ;?ICS?lstr1_Uygulama37+5
0x0284	0x3461 ;?ICS?lstr1_Uygulama37+6
0x0285	0x3400 ;?ICS?lstr1_Uygulama37+7
; end of ?ICS?lstr1_Uygulama37
;Uygulama37.c,0 :: ?ICS_girilen
0x0286	0x3430 ;?ICS_girilen+0
0x0287	0x3430 ;?ICS_girilen+1
0x0288	0x3430 ;?ICS_girilen+2
0x0289	0x3430 ;?ICS_girilen+3
0x028A	0x3400 ;?ICS_girilen+4
; end of ?ICS_girilen
;Uygulama37.c,0 :: ?ICS_sifre
0x028B	0x3431 ;?ICS_sifre+0
0x028C	0x3432 ;?ICS_sifre+1
0x028D	0x3433 ;?ICS_sifre+2
0x028E	0x3434 ;?ICS_sifre+3
0x028F	0x3400 ;?ICS_sifre+4
; end of ?ICS_sifre
;Uygulama37.c,0 :: ?ICS?lstr2_Uygulama37
0x0290	0x344B ;?ICS?lstr2_Uygulama37+0
0x0291	0x346F ;?ICS?lstr2_Uygulama37+1
0x0292	0x3464 ;?ICS?lstr2_Uygulama37+2
0x0293	0x3420 ;?ICS?lstr2_Uygulama37+3
0x0294	0x3447 ;?ICS?lstr2_Uygulama37+4
0x0295	0x3469 ;?ICS?lstr2_Uygulama37+5
0x0296	0x3472 ;?ICS?lstr2_Uygulama37+6
0x0297	0x3469 ;?ICS?lstr2_Uygulama37+7
0x0298	0x346E ;?ICS?lstr2_Uygulama37+8
0x0299	0x3469 ;?ICS?lstr2_Uygulama37+9
0x029A	0x347A ;?ICS?lstr2_Uygulama37+10
0x029B	0x343A ;?ICS?lstr2_Uygulama37+11
0x029C	0x3400 ;?ICS?lstr2_Uygulama37+12
; end of ?ICS?lstr2_Uygulama37
;Uygulama37.c,0 :: ?ICS?lstr3_Uygulama37
0x029D	0x3453 ;?ICS?lstr3_Uygulama37+0
0x029E	0x3469 ;?ICS?lstr3_Uygulama37+1
0x029F	0x3466 ;?ICS?lstr3_Uygulama37+2
0x02A0	0x3472 ;?ICS?lstr3_Uygulama37+3
0x02A1	0x3465 ;?ICS?lstr3_Uygulama37+4
0x02A2	0x3420 ;?ICS?lstr3_Uygulama37+5
0x02A3	0x3444 ;?ICS?lstr3_Uygulama37+6
0x02A4	0x346F ;?ICS?lstr3_Uygulama37+7
0x02A5	0x3467 ;?ICS?lstr3_Uygulama37+8
0x02A6	0x3472 ;?ICS?lstr3_Uygulama37+9
0x02A7	0x3475 ;?ICS?lstr3_Uygulama37+10
0x02A8	0x3400 ;?ICS?lstr3_Uygulama37+11
; end of ?ICS?lstr3_Uygulama37
;Uygulama37.c,0 :: ?ICS?lstr4_Uygulama37
0x02A9	0x3453 ;?ICS?lstr4_Uygulama37+0
0x02AA	0x3469 ;?ICS?lstr4_Uygulama37+1
0x02AB	0x3466 ;?ICS?lstr4_Uygulama37+2
0x02AC	0x3472 ;?ICS?lstr4_Uygulama37+3
0x02AD	0x3465 ;?ICS?lstr4_Uygulama37+4
0x02AE	0x3420 ;?ICS?lstr4_Uygulama37+5
0x02AF	0x3459 ;?ICS?lstr4_Uygulama37+6
0x02B0	0x3461 ;?ICS?lstr4_Uygulama37+7
0x02B1	0x346E ;?ICS?lstr4_Uygulama37+8
0x02B2	0x346C ;?ICS?lstr4_Uygulama37+9
0x02B3	0x3469 ;?ICS?lstr4_Uygulama37+10
0x02B4	0x3473 ;?ICS?lstr4_Uygulama37+11
0x02B5	0x3400 ;?ICS?lstr4_Uygulama37+12
; end of ?ICS?lstr4_Uygulama37
;Uygulama37.c,0 :: ?ICS_i
0x02B6	0x3400 ;?ICS_i+0
0x02B7	0x3400 ;?ICS_i+1
; end of ?ICS_i
Symbol List:
//** Routines locations **
//ADDRESS    SIZE    PROCEDURE
//----------------------------------------------
0x0003       [7]    _Delay_50us
0x000A       [3]    _Delay_1us
0x000D      [13]    _Delay_5500us
0x001A      [64]    _Lcd_Cmd
0x005A       [8]    _Lcd_Chr_CP
0x0062       [7]    _____DoICP
0x0069      [25]    _memset
0x0082      [78]    _Lcd_Init
0x00D0      [64]    _Lcd_Out
0x0110      [36]    _init
0x0134      [32]    _strcmp
0x0154      [12]    ___CC2DW
0x0160     [280]    _main
//** Variables locations ** 
//ADDRESS    SIZE    VARIABLE
//----------------------------------------------
0x0000       [1]    INDF
0x0002       [1]    PCL
0x0003       [1]    STATUS
0x0004       [1]    FSR
0x0006       [1]    PORTB
0x0006       [0]    LCD_EN
0x0006       [0]    RB5_bit
0x0006       [0]    LCD_D4
0x0006       [0]    LCD_D5
0x0006       [0]    LCD_D6
0x0006       [0]    RB0_bit
0x0006       [0]    LCD_RS
0x0006       [0]    RB1_bit
0x0006       [0]    RB3_bit
0x0006       [0]    RB2_bit
0x0006       [0]    LCD_D7
0x0006       [0]    RB4_bit
0x0007       [1]    PORTC
0x0008       [1]    PORTD
0x000A       [1]    PCLATH
0x0020       [8]    ?lstr1_Uygulama37
0x0028       [5]    _girilen
0x002D       [5]    _sifre
0x0032      [13]    ?lstr2_Uygulama37
0x003F      [12]    ?lstr3_Uygulama37
0x004B      [13]    ?lstr4_Uygulama37
0x0058       [2]    _i
0x005A       [2]    ___DoICPAddr
0x005C       [0]    __Lib_Lcd_cmd_status
0x005D       [1]    _tus
0x005E       [1]    FARG_strcmp_s1
0x005F       [1]    FARG_strcmp_s2
0x0060       [1]    FARG_memset_p1
0x0060       [1]    FARG_Lcd_Out_row
0x0061       [1]    FARG_Lcd_Out_column
0x0061       [1]    FARG_memset_character
0x0062       [1]    FARG_Lcd_Out_text
0x0062       [2]    FARG_memset_n
0x0063       [1]    Lcd_Out_i_L0
0x0064       [1]    FARG_Lcd_Chr_CP_out_char
0x0065       [1]    FARG_Lcd_Cmd_out_char
0x0070       [1]    R0
0x0071       [1]    R1
0x0072       [1]    R2
0x0073       [1]    R3
0x0074       [1]    R4
0x0075       [1]    R5
0x0076       [1]    R6
0x0077       [1]    R7
0x0078       [1]    R8
0x0079       [1]    R9
0x007A       [1]    R10
0x007B       [1]    R11
0x007C       [1]    R12
0x007D       [1]    R13
0x007E       [1]    R14
0x007F       [1]    R15
0x0086       [1]    TRISB
0x0086       [0]    TRISB4_bit
0x0086       [0]    TRISB5_bit
0x0086       [0]    TRISB3_bit
0x0086       [0]    TRISB0_bit
0x0086       [0]    TRISB1_bit
0x0086       [0]    TRISB2_bit
0x0086       [0]    LCD_D5_Direction
0x0086       [0]    LCD_D6_Direction
0x0086       [0]    LCD_D7_Direction
0x0086       [0]    LCD_D4_Direction
0x0086       [0]    LCD_RS_Direction
0x0086       [0]    LCD_EN_Direction
0x0087       [1]    TRISC
0x0088       [1]    TRISD
//** Constants locations ** 
//ADDRESS    SIZE    CONSTANT
//----------------------------------------------
0x027E       [8]    ?ICS?lstr1_Uygulama37
0x0286       [5]    ?ICS_girilen
0x028B       [5]    ?ICS_sifre
0x0290      [13]    ?ICS?lstr2_Uygulama37
0x029D      [12]    ?ICS?lstr3_Uygulama37
0x02A9      [13]    ?ICS?lstr4_Uygulama37
0x02B6       [2]    ?ICS_i
