;  LST file generated by mikroListExporter - v.2.0 
; Date/Time: 26.11.2025 12:20:15
;----------------------------------------------

;Address Opcode 	ASM
0x0000	0x2803      	GOTO       3
_main:
;Uygulama24.c,4 :: 		void main() {
;Uygulama24.c,6 :: 		TRISB=0;
0x0003	0x1683      	BSF        STATUS, 5
0x0004	0x1303      	BCF        STATUS, 6
0x0005	0x0186      	CLRF       TRISB
;Uygulama24.c,7 :: 		sayi=0;
0x0006	0x1283      	BCF        STATUS, 5
0x0007	0x01A2      	CLRF       _sayi
0x0008	0x01A3      	CLRF       _sayi+1
;Uygulama24.c,9 :: 		while(1){
L_main0:
;Uygulama24.c,11 :: 		PORTB=sayi;
0x0009	0x0822      	MOVF       _sayi, 0
0x000A	0x0086      	MOVWF      PORTB
;Uygulama24.c,12 :: 		Delay_ms(1000);
0x000B	0x300B      	MOVLW      11
0x000C	0x00FB      	MOVWF      R11
0x000D	0x3026      	MOVLW      38
0x000E	0x00FC      	MOVWF      R12
0x000F	0x305D      	MOVLW      93
0x0010	0x00FD      	MOVWF      R13
L_main2:
0x0011	0x0BFD      	DECFSZ     R13, 1
0x0012	0x2811      	GOTO       L_main2
0x0013	0x0BFC      	DECFSZ     R12, 1
0x0014	0x2811      	GOTO       L_main2
0x0015	0x0BFB      	DECFSZ     R11, 1
0x0016	0x2811      	GOTO       L_main2
0x0017	0x0000      	NOP
0x0018	0x0000      	NOP
;Uygulama24.c,13 :: 		sayi=sayi+1;
0x0019	0x0AA2      	INCF       _sayi, 1
0x001A	0x1903      	BTFSC      STATUS, 2
0x001B	0x0AA3      	INCF       _sayi+1, 1
;Uygulama24.c,14 :: 		if(sayi==10){
0x001C	0x3000      	MOVLW      0
0x001D	0x0623      	XORWF      _sayi+1, 0
0x001E	0x1D03      	BTFSS      STATUS, 2
0x001F	0x2822      	GOTO       L__main5
0x0020	0x300A      	MOVLW      10
0x0021	0x0622      	XORWF      _sayi, 0
L__main5:
0x0022	0x1D03      	BTFSS      STATUS, 2
0x0023	0x2826      	GOTO       L_main3
;Uygulama24.c,15 :: 		sayi=0;
0x0024	0x01A2      	CLRF       _sayi
0x0025	0x01A3      	CLRF       _sayi+1
;Uygulama24.c,16 :: 		}
L_main3:
;Uygulama24.c,18 :: 		}
0x0026	0x2809      	GOTO       L_main0
;Uygulama24.c,19 :: 		}
L_end_main:
0x0027	0x2827      	GOTO       $+0
; end of _main
Symbol List:
//** Routines locations **
//ADDRESS    SIZE    PROCEDURE
//----------------------------------------------
0x0003      [37]    _main
//** Variables locations ** 
//ADDRESS    SIZE    VARIABLE
//----------------------------------------------
0x0000       [1]    INDF
0x0003       [1]    STATUS
0x0004       [1]    FSR
0x0006       [1]    PORTB
0x000A       [1]    PCLATH
0x0020       [2]    ___DoICPAddr
0x0022       [2]    _sayi
0x0070       [1]    R0
0x0071       [1]    R1
0x0072       [1]    R2
0x0073       [1]    R3
0x0074       [1]    R4
0x0075       [1]    R5
0x0076       [1]    R6
0x0077       [1]    R7
0x0078       [1]    R8
0x0079       [1]    R9
0x007A       [1]    R10
0x007B       [1]    R11
0x007C       [1]    R12
0x007D       [1]    R13
0x007E       [1]    R14
0x007F       [1]    R15
0x0086       [1]    TRISB
