;  LST file generated by mikroListExporter - v.2.0 
; Date/Time: 3.12.2025 10:51:20
;----------------------------------------------

;Address Opcode 	ASM
0x0000	0x2803      	GOTO       3
_main:
;Uygulama25.c,5 :: 		void main() {
;Uygulama25.c,7 :: 		TRISB=0;
0x0003	0x1683      	BSF        STATUS, 5
0x0004	0x1303      	BCF        STATUS, 6
0x0005	0x0186      	CLRF       TRISB
;Uygulama25.c,8 :: 		TRISD=0XFF;
0x0006	0x30FF      	MOVLW      255
0x0007	0x0088      	MOVWF      TRISD
;Uygulama25.c,9 :: 		sayi=0;
0x0008	0x1283      	BCF        STATUS, 5
0x0009	0x01A0      	CLRF       _sayi
0x000A	0x01A1      	CLRF       _sayi+1
;Uygulama25.c,10 :: 		basili=0;
0x000B	0x1022      	BCF        _basili, BitPos(_basili+0)
;Uygulama25.c,12 :: 		while(1){
L_main0:
;Uygulama25.c,14 :: 		PORTB=sayi;
0x000C	0x0820      	MOVF       _sayi, 0
0x000D	0x0086      	MOVWF      PORTB
;Uygulama25.c,16 :: 		if(PORTD.F0==1&&basili==0){
0x000E	0x1C08      	BTFSS      PORTD, 0
0x000F	0x2821      	GOTO       L_main4
0x0010	0x1822      	BTFSC      _basili, BitPos(_basili+0)
0x0011	0x2821      	GOTO       L_main4
L__main8:
;Uygulama25.c,17 :: 		sayi=sayi+1;
0x0012	0x0AA0      	INCF       _sayi, 1
0x0013	0x1903      	BTFSC      STATUS, 2
0x0014	0x0AA1      	INCF       _sayi+1, 1
;Uygulama25.c,18 :: 		basili=1;
0x0015	0x1422      	BSF        _basili, BitPos(_basili+0)
;Uygulama25.c,19 :: 		if(sayi==10){
0x0016	0x3000      	MOVLW      0
0x0017	0x0621      	XORWF      _sayi+1, 0
0x0018	0x1D03      	BTFSS      STATUS, 2
0x0019	0x281C      	GOTO       L__main10
0x001A	0x300A      	MOVLW      10
0x001B	0x0620      	XORWF      _sayi, 0
L__main10:
0x001C	0x1D03      	BTFSS      STATUS, 2
0x001D	0x2820      	GOTO       L_main5
;Uygulama25.c,20 :: 		sayi=0;
0x001E	0x01A0      	CLRF       _sayi
0x001F	0x01A1      	CLRF       _sayi+1
;Uygulama25.c,21 :: 		}
L_main5:
;Uygulama25.c,22 :: 		}else if(PORTD.F0==0){
0x0020	0x2824      	GOTO       L_main6
L_main4:
0x0021	0x1808      	BTFSC      PORTD, 0
0x0022	0x2824      	GOTO       L_main7
;Uygulama25.c,23 :: 		basili=0;
0x0023	0x1022      	BCF        _basili, BitPos(_basili+0)
;Uygulama25.c,24 :: 		}
L_main7:
L_main6:
;Uygulama25.c,25 :: 		}
0x0024	0x280C      	GOTO       L_main0
;Uygulama25.c,26 :: 		}
L_end_main:
0x0025	0x2825      	GOTO       $+0
; end of _main
Symbol List:
//** Routines locations **
//ADDRESS    SIZE    PROCEDURE
//----------------------------------------------
0x0003      [35]    _main
//** Variables locations ** 
//ADDRESS    SIZE    VARIABLE
//----------------------------------------------
0x0000       [1]    INDF
0x0003       [1]    STATUS
0x0004       [1]    FSR
0x0006       [1]    PORTB
0x0008       [1]    PORTD
0x000A       [1]    PCLATH
0x0020       [2]    _sayi
0x0022       [0]    _basili
0x0023       [2]    ___DoICPAddr
0x0070       [1]    R0
0x0071       [1]    R1
0x0072       [1]    R2
0x0073       [1]    R3
0x0074       [1]    R4
0x0075       [1]    R5
0x0076       [1]    R6
0x0077       [1]    R7
0x0078       [1]    R8
0x0079       [1]    R9
0x007A       [1]    R10
0x007B       [1]    R11
0x007C       [1]    R12
0x007D       [1]    R13
0x007E       [1]    R14
0x007F       [1]    R15
0x0086       [1]    TRISB
0x0088       [1]    TRISD
