;  LST file generated by mikroListExporter - v.2.0 
; Date/Time: 19.11.2025 12:20:30
;----------------------------------------------

;Address Opcode 	ASM
0x0000	0x2984      	GOTO       388
_interrupt:
0x0004	0x00FF      	MOVWF      R15
0x0005	0x0E03      	SWAPF      STATUS, 0
0x0006	0x0183      	CLRF       STATUS
0x0007	0x00A7      	MOVWF      ___saveSTATUS
0x0008	0x080A      	MOVF       PCLATH, 0
0x0009	0x00A6      	MOVWF      ___savePCLATH
0x000A	0x018A      	CLRF       PCLATH
;Uygulama20.c,3 :: 		interrupt(){
;Uygulama20.c,4 :: 		adc_degeri=ADRESH;
0x000B	0x081E      	MOVF       ADRESH, 0
0x000C	0x00A4      	MOVWF      _adc_degeri
0x000D	0x01A5      	CLRF       _adc_degeri+1
;Uygulama20.c,5 :: 		PIR1.ADIF=0;
0x000E	0x130C      	BCF        PIR1, 6
;Uygulama20.c,6 :: 		ADCON0.GO=1;
0x000F	0x151F      	BSF        ADCON0, 2
;Uygulama20.c,7 :: 		}
L_end_interrupt:
L__interrupt1:
0x0010	0x0826      	MOVF       ___savePCLATH, 0
0x0011	0x008A      	MOVWF      PCLATH
0x0012	0x0E27      	SWAPF      ___saveSTATUS, 0
0x0013	0x0083      	MOVWF      STATUS
0x0014	0x0EFF      	SWAPF      R15, 1
0x0015	0x0E7F      	SWAPF      R15, 0
0x0016	0x0009      	RETFIE
; end of _interrupt
_RES032:
;__Lib_MathDouble.c,123 :: 		
;__Lib_MathDouble.c,128 :: 		
0x0017	0x01F2      	CLRF       R2
;__Lib_MathDouble.c,129 :: 		
0x0018	0x01F1      	CLRF       R1
;__Lib_MathDouble.c,130 :: 		
0x0019	0x01F0      	CLRF       R0
;__Lib_MathDouble.c,131 :: 		
0x001A	0x01F8      	CLRF       R8
;__Lib_MathDouble.c,132 :: 		
0x001B	0x01F3      	CLRF       R3
;__Lib_MathDouble.c,133 :: 		
0x001C	0x3000      	MOVLW      0
;__Lib_MathDouble.c,135 :: 		
L_end_RES032:
0x001D	0x0008      	RETURN
; end of _RES032
_SETFUN32:
;__Lib_MathDouble.c,138 :: 		
;__Lib_MathDouble.c,145 :: 		
0x001E	0x157B      	BSF        R11, 2
;__Lib_MathDouble.c,146 :: 		
0x001F	0x1FFB      	BTFSS      R11, 7
;__Lib_MathDouble.c,147 :: 		
0x0020	0x2828      	GOTO       SETFUN32EEE
;__Lib_MathDouble.c,148 :: 		
0x0021	0x3001      	MOVLW      1
;__Lib_MathDouble.c,149 :: 		
0x0022	0x00F3      	MOVWF      R3
;__Lib_MathDouble.c,150 :: 		
0x0023	0x01F2      	CLRF       R2
;__Lib_MathDouble.c,151 :: 		
0x0024	0x01F1      	CLRF       R1
;__Lib_MathDouble.c,152 :: 		
0x0025	0x01F0      	CLRF       R0
;__Lib_MathDouble.c,153 :: 		
0x0026	0x0DFA      	RLF        R10, 1
;__Lib_MathDouble.c,154 :: 		
0x0027	0x0CF2      	RRF        R2, 1
;__Lib_MathDouble.c,155 :: 		
SETFUN32EEE:
;__Lib_MathDouble.c,156 :: 		
0x0028	0x30FF      	MOVLW      255
;__Lib_MathDouble.c,158 :: 		
L_end_SETFUN32:
0x0029	0x0008      	RETURN
; end of _SETFUN32
_FIXSIGN32:
;__Lib_MathDouble.c,112 :: 		
;__Lib_MathDouble.c,116 :: 		
0x002A	0x1FFA      	BTFSS      R10, 7
;__Lib_MathDouble.c,117 :: 		
0x002B	0x13F2      	BCF        R2, 7
;__Lib_MathDouble.c,118 :: 		
0x002C	0x3000      	MOVLW      0
;__Lib_MathDouble.c,120 :: 		
L_end_FIXSIGN32:
0x002D	0x0008      	RETURN
; end of _FIXSIGN32
_SETFOV32:
;__Lib_MathDouble.c,79 :: 		
;__Lib_MathDouble.c,86 :: 		
0x002E	0x14FB      	BSF        R11, 1
;__Lib_MathDouble.c,87 :: 		
0x002F	0x1FFB      	BTFSS      R11, 7
;__Lib_MathDouble.c,88 :: 		
0x0030	0x2838      	GOTO       SETFOV32EEE
;__Lib_MathDouble.c,89 :: 		
0x0031	0x30FF      	MOVLW      255
;__Lib_MathDouble.c,90 :: 		
0x0032	0x00F3      	MOVWF      R3
;__Lib_MathDouble.c,91 :: 		
0x0033	0x00F2      	MOVWF      R2
;__Lib_MathDouble.c,92 :: 		
0x0034	0x00F1      	MOVWF      R1
;__Lib_MathDouble.c,93 :: 		
0x0035	0x00F0      	MOVWF      R0
;__Lib_MathDouble.c,94 :: 		
0x0036	0x0DFA      	RLF        R10, 1
;__Lib_MathDouble.c,95 :: 		
0x0037	0x0CF2      	RRF        R2, 1
;__Lib_MathDouble.c,96 :: 		
SETFOV32EEE:
;__Lib_MathDouble.c,97 :: 		
0x0038	0x30FF      	MOVLW      255
;__Lib_MathDouble.c,99 :: 		
L_end_SETFOV32:
0x0039	0x0008      	RETURN
; end of _SETFOV32
_NRM3232:
;__Lib_MathDouble.c,167 :: 		
;__Lib_MathDouble.c,173 :: 		
;__Lib_MathDouble.c,175 :: 		
0x003A	0x01A0      	CLRF       __math_tempbD
;__Lib_MathDouble.c,176 :: 		
0x003B	0x0872      	MOVF       R2, 0
;__Lib_MathDouble.c,177 :: 		
0x003C	0x1D03      	BTFSS      STATUS, 2
;__Lib_MathDouble.c,178 :: 		
0x003D	0x284F      	GOTO       NORM3232
;__Lib_MathDouble.c,179 :: 		
0x003E	0x0871      	MOVF       R1, 0
;__Lib_MathDouble.c,180 :: 		
0x003F	0x00F2      	MOVWF      R2
;__Lib_MathDouble.c,181 :: 		
0x0040	0x0870      	MOVF       R0, 0
;__Lib_MathDouble.c,182 :: 		
0x0041	0x00F1      	MOVWF      R1
;__Lib_MathDouble.c,183 :: 		
0x0042	0x01F0      	CLRF       R0
;__Lib_MathDouble.c,184 :: 		
0x0043	0x15A0      	BSF        __math_tempbD, 3
;__Lib_MathDouble.c,186 :: 		
0x0044	0x0872      	MOVF       R2, 0
;__Lib_MathDouble.c,187 :: 		
0x0045	0x1D03      	BTFSS      STATUS, 2
;__Lib_MathDouble.c,188 :: 		
0x0046	0x284F      	GOTO       NORM3232
;__Lib_MathDouble.c,189 :: 		
0x0047	0x0871      	MOVF       R1, 0
;__Lib_MathDouble.c,190 :: 		
0x0048	0x00F2      	MOVWF      R2
;__Lib_MathDouble.c,191 :: 		
0x0049	0x01F1      	CLRF       R1
;__Lib_MathDouble.c,192 :: 		
0x004A	0x11A0      	BCF        __math_tempbD, 3
;__Lib_MathDouble.c,193 :: 		
0x004B	0x1620      	BSF        __math_tempbD, 4
;__Lib_MathDouble.c,195 :: 		
0x004C	0x0872      	MOVF       R2, 0
;__Lib_MathDouble.c,196 :: 		
0x004D	0x1903      	BTFSC      STATUS, 2
;__Lib_MathDouble.c,197 :: 		
0x004E	0x285D      	GOTO       JPNRES032
;__Lib_MathDouble.c,198 :: 		
NORM3232:
;__Lib_MathDouble.c,199 :: 		
0x004F	0x0820      	MOVF       __math_tempbD, 0
;__Lib_MathDouble.c,200 :: 		
0x0050	0x02F3      	SUBWF      R3, 1
;__Lib_MathDouble.c,201 :: 		
0x0051	0x1D03      	BTFSS      STATUS, 2
;__Lib_MathDouble.c,202 :: 		
0x0052	0x1C03      	BTFSS      STATUS, 0
;__Lib_MathDouble.c,203 :: 		
0x0053	0x2861      	GOTO       JPNSETFUN32
;__Lib_MathDouble.c,204 :: 		
0x0054	0x1003      	BCF        STATUS, 0
;__Lib_MathDouble.c,205 :: 		
NORM3232A:
;__Lib_MathDouble.c,206 :: 		
0x0055	0x1BF2      	BTFSC      R2, 7
;__Lib_MathDouble.c,207 :: 		
0x0056	0x2865      	GOTO       JMPNFIXSIGN32
;__Lib_MathDouble.c,208 :: 		
0x0057	0x0DF0      	RLF        R0, 1
;__Lib_MathDouble.c,209 :: 		
0x0058	0x0DF1      	RLF        R1, 1
;__Lib_MathDouble.c,210 :: 		
0x0059	0x0DF2      	RLF        R2, 1
;__Lib_MathDouble.c,211 :: 		
0x005A	0x0BF3      	DECFSZ     R3, 1
;__Lib_MathDouble.c,212 :: 		
0x005B	0x2855      	GOTO       NORM3232A
;__Lib_MathDouble.c,213 :: 		
0x005C	0x2861      	GOTO       JPNSETFUN32
;__Lib_MathDouble.c,214 :: 		
JPNRES032:
;__Lib_MathDouble.c,215 :: 		
0x005D	0x3001      	MOVLW      1
;__Lib_MathDouble.c,216 :: 		
0x005E	0x00FC      	MOVWF      R12
;__Lib_MathDouble.c,218 :: 		
0x005F	0x2017      	CALL       _RES032
;__Lib_MathDouble.c,220 :: 		
0x0060	0x2868      	GOTO       NORM32EEE
;__Lib_MathDouble.c,221 :: 		
JPNSETFUN32:
;__Lib_MathDouble.c,222 :: 		
0x0061	0x3002      	MOVLW      2
;__Lib_MathDouble.c,223 :: 		
0x0062	0x00FC      	MOVWF      R12
;__Lib_MathDouble.c,225 :: 		
0x0063	0x201E      	CALL       _SETFUN32
;__Lib_MathDouble.c,227 :: 		
0x0064	0x2868      	GOTO       NORM32EEE
;__Lib_MathDouble.c,228 :: 		
JMPNFIXSIGN32:
;__Lib_MathDouble.c,229 :: 		
0x0065	0x3004      	MOVLW      4
;__Lib_MathDouble.c,230 :: 		
0x0066	0x00FC      	MOVWF      R12
;__Lib_MathDouble.c,232 :: 		
0x0067	0x202A      	CALL       _FIXSIGN32
;__Lib_MathDouble.c,234 :: 		
NORM32EEE:
;__Lib_MathDouble.c,236 :: 		
L_end_NRM3232:
0x0068	0x0008      	RETURN
; end of _NRM3232
_SETIOV3224:
;__Lib_MathDouble.c,1000 :: 		
;__Lib_MathDouble.c,1006 :: 		
0x0069	0x147B      	BSF        R11, 0
;__Lib_MathDouble.c,1007 :: 		
0x006A	0x1FFB      	BTFSS      R11, 7
;__Lib_MathDouble.c,1008 :: 		
0x006B	0x2874      	GOTO       SETIOV3224EEE
;__Lib_MathDouble.c,1010 :: 		
0x006C	0x01F2      	CLRF       R2
;__Lib_MathDouble.c,1011 :: 		
0x006D	0x1FFA      	BTFSS      R10, 7
;__Lib_MathDouble.c,1012 :: 		
0x006E	0x30FF      	MOVLW      255
;__Lib_MathDouble.c,1013 :: 		
0x006F	0x00F2      	MOVWF      R2
;__Lib_MathDouble.c,1014 :: 		
0x0070	0x00F1      	MOVWF      R1
;__Lib_MathDouble.c,1015 :: 		
0x0071	0x00F0      	MOVWF      R0
;__Lib_MathDouble.c,1016 :: 		
0x0072	0x0DFA      	RLF        R10, 1
;__Lib_MathDouble.c,1017 :: 		
0x0073	0x0CF2      	RRF        R2, 1
;__Lib_MathDouble.c,1018 :: 		
SETIOV3224EEE:
;__Lib_MathDouble.c,1019 :: 		
0x0074	0x30FF      	MOVLW      255
;__Lib_MathDouble.c,1021 :: 		
L_end_SETIOV3224:
0x0075	0x0008      	RETURN
; end of _SETIOV3224
_Delay_22us:
;__Lib_Delays.c,15 :: 		void Delay_22us() {
;__Lib_Delays.c,16 :: 		Delay_us(22);
0x0076	0x300E      	MOVLW      14
0x0077	0x1283      	BCF        STATUS, 5
0x0078	0x1303      	BCF        STATUS, 6
0x0079	0x00FD      	MOVWF      R13
L_Delay_22us1:
0x007A	0x0BFD      	DECFSZ     R13, 1
0x007B	0x287A      	GOTO       L_Delay_22us1
0x007C	0x0000      	NOP
;__Lib_Delays.c,17 :: 		}
L_end_Delay_22us:
0x007D	0x0008      	RETURN
; end of _Delay_22us
_____DoICP:
;__Lib_System.c,6 :: 		
;__Lib_System.c,9 :: 		
0x007E	0x1283      	BCF        STATUS, 5
0x007F	0x1303      	BCF        STATUS, 6
0x0080	0x0823      	MOVF       ___DoICPAddr+1, 0
0x0081	0x008A      	MOVWF      PCLATH
;__Lib_System.c,10 :: 		
0x0082	0x0822      	MOVF       ___DoICPAddr, 0
0x0083	0x0082      	MOVWF      PCL
;__Lib_System.c,12 :: 		
L_end_____DoICP:
0x0084	0x0008      	RETURN
; end of _____DoICP
___CC2DW:
;__Lib_System.c,134 :: 		
;__Lib_System.c,137 :: 		
_CC2D_Loop1:
;__Lib_System.c,139 :: 		
0x0085	0x207E      	CALL       _____DoICP
0x0086	0x118A      	BCF        PCLATH, 3
0x0087	0x120A      	BCF        PCLATH, 4
;__Lib_System.c,141 :: 		
0x0088	0x0080      	MOVWF      INDF
;__Lib_System.c,142 :: 		
0x0089	0x0A84      	INCF       FSR, 1
;__Lib_System.c,143 :: 		
0x008A	0x0AA2      	INCF       ___DoICPAddr, 1
;__Lib_System.c,145 :: 		
0x008B	0x1903      	BTFSC      STATUS, 2
;__Lib_System.c,146 :: 		
0x008C	0x0AA3      	INCF       ___DoICPAddr+1, 1
;__Lib_System.c,147 :: 		
0x008D	0x03F0      	DECF       R0, 1
;__Lib_System.c,149 :: 		
0x008E	0x1D03      	BTFSS      STATUS, 2
;__Lib_System.c,150 :: 		
0x008F	0x2885      	GOTO       _CC2D_Loop1
;__Lib_System.c,152 :: 		
L_end___CC2DW:
0x0090	0x0008      	RETURN
; end of ___CC2DW
_Mul_32x32_FP:
;__Lib_MathDouble.c,610 :: 		
;__Lib_MathDouble.c,622 :: 		
;__Lib_MathDouble.c,624 :: 		
0x0091	0x1283      	BCF        STATUS, 5
;__Lib_MathDouble.c,625 :: 		
0x0092	0x1303      	BCF        STATUS, 6
;__Lib_MathDouble.c,627 :: 		
0x0093	0x01FB      	CLRF       R11
;__Lib_MathDouble.c,628 :: 		
0x0094	0x0873      	MOVF       R3, 0
;__Lib_MathDouble.c,629 :: 		
0x0095	0x1D03      	BTFSS      STATUS, 2
;__Lib_MathDouble.c,630 :: 		
0x0096	0x0877      	MOVF       R7, 0
;__Lib_MathDouble.c,631 :: 		
0x0097	0x1903      	BTFSC      STATUS, 2
;__Lib_MathDouble.c,632 :: 		
0x0098	0x28E8      	GOTO       JPMRES032
;__Lib_MathDouble.c,634 :: 		
0x0099	0x0872      	MOVF       R2, 0
;__Lib_MathDouble.c,635 :: 		
0x009A	0x0676      	XORWF      R6, 0
;__Lib_MathDouble.c,636 :: 		
0x009B	0x00FA      	MOVWF      R10
;__Lib_MathDouble.c,637 :: 		
0x009C	0x0877      	MOVF       R7, 0
;__Lib_MathDouble.c,638 :: 		
0x009D	0x07F3      	ADDWF      R3, 1
;__Lib_MathDouble.c,639 :: 		
0x009E	0x307E      	MOVLW      126
;__Lib_MathDouble.c,640 :: 		
0x009F	0x1C03      	BTFSS      STATUS, 0
;__Lib_MathDouble.c,641 :: 		
0x00A0	0x28A5      	GOTO       MTUN32
;__Lib_MathDouble.c,642 :: 		
0x00A1	0x02F3      	SUBWF      R3, 1
;__Lib_MathDouble.c,643 :: 		
0x00A2	0x1803      	BTFSC      STATUS, 0
;__Lib_MathDouble.c,644 :: 		
0x00A3	0x28EB      	GOTO       JPMSETFOV32
;__Lib_MathDouble.c,645 :: 		
0x00A4	0x28A8      	GOTO       MOK32
;__Lib_MathDouble.c,646 :: 		
MTUN32:
;__Lib_MathDouble.c,647 :: 		
0x00A5	0x02F3      	SUBWF      R3, 1
;__Lib_MathDouble.c,648 :: 		
0x00A6	0x1C03      	BTFSS      STATUS, 0
;__Lib_MathDouble.c,649 :: 		
0x00A7	0x28EE      	GOTO       JPMSETFUN32
;__Lib_MathDouble.c,650 :: 		
MOK32:
;__Lib_MathDouble.c,651 :: 		
0x00A8	0x0872      	MOVF       R2, 0
;__Lib_MathDouble.c,652 :: 		
0x00A9	0x00F8      	MOVWF      R8
;__Lib_MathDouble.c,653 :: 		
0x00AA	0x0871      	MOVF       R1, 0
;__Lib_MathDouble.c,654 :: 		
0x00AB	0x00FC      	MOVWF      R12
;__Lib_MathDouble.c,655 :: 		
0x00AC	0x0870      	MOVF       R0, 0
;__Lib_MathDouble.c,656 :: 		
0x00AD	0x00FD      	MOVWF      R13
;__Lib_MathDouble.c,657 :: 		
0x00AE	0x17F8      	BSF        R8, 7
;__Lib_MathDouble.c,658 :: 		
0x00AF	0x17F6      	BSF        R6, 7
;__Lib_MathDouble.c,659 :: 		
0x00B0	0x1003      	BCF        STATUS, 0
;__Lib_MathDouble.c,660 :: 		
0x00B1	0x01F2      	CLRF       R2
;__Lib_MathDouble.c,661 :: 		
0x00B2	0x01F1      	CLRF       R1
;__Lib_MathDouble.c,662 :: 		
0x00B3	0x01F0      	CLRF       R0
;__Lib_MathDouble.c,663 :: 		
0x00B4	0x3018      	MOVLW      24
;__Lib_MathDouble.c,664 :: 		
0x00B5	0x00A0      	MOVWF      __math_tempbD
;__Lib_MathDouble.c,665 :: 		
MLOOP32:
;__Lib_MathDouble.c,666 :: 		
0x00B6	0x1C7D      	BTFSS      R13, 0
;__Lib_MathDouble.c,667 :: 		
0x00B7	0x28C2      	GOTO       MNOADD32
;__Lib_MathDouble.c,669 :: 		
0x00B8	0x0874      	MOVF       R4, 0
;__Lib_MathDouble.c,670 :: 		
0x00B9	0x07F0      	ADDWF      R0, 1
;__Lib_MathDouble.c,671 :: 		
0x00BA	0x0875      	MOVF       R5, 0
;__Lib_MathDouble.c,672 :: 		
0x00BB	0x1803      	BTFSC      STATUS, 0
;__Lib_MathDouble.c,673 :: 		
0x00BC	0x0F75      	INCFSZ     R5, 0
;__Lib_MathDouble.c,674 :: 		
0x00BD	0x07F1      	ADDWF      R1, 1
;__Lib_MathDouble.c,675 :: 		
0x00BE	0x0876      	MOVF       R6, 0
;__Lib_MathDouble.c,676 :: 		
0x00BF	0x1803      	BTFSC      STATUS, 0
;__Lib_MathDouble.c,677 :: 		
0x00C0	0x0F76      	INCFSZ     R6, 0
;__Lib_MathDouble.c,678 :: 		
0x00C1	0x07F2      	ADDWF      R2, 1
;__Lib_MathDouble.c,679 :: 		
MNOADD32:
;__Lib_MathDouble.c,680 :: 		
0x00C2	0x0CF2      	RRF        R2, 1
;__Lib_MathDouble.c,681 :: 		
0x00C3	0x0CF1      	RRF        R1, 1
;__Lib_MathDouble.c,682 :: 		
0x00C4	0x0CF0      	RRF        R0, 1
;__Lib_MathDouble.c,683 :: 		
0x00C5	0x0CF8      	RRF        R8, 1
;__Lib_MathDouble.c,684 :: 		
0x00C6	0x0CFC      	RRF        R12, 1
;__Lib_MathDouble.c,685 :: 		
0x00C7	0x0CFD      	RRF        R13, 1
;__Lib_MathDouble.c,686 :: 		
0x00C8	0x1003      	BCF        STATUS, 0
;__Lib_MathDouble.c,687 :: 		
0x00C9	0x0BA0      	DECFSZ     __math_tempbD, 1
;__Lib_MathDouble.c,688 :: 		
0x00CA	0x28B6      	GOTO       MLOOP32
;__Lib_MathDouble.c,689 :: 		
0x00CB	0x1BF2      	BTFSC      R2, 7
;__Lib_MathDouble.c,690 :: 		
0x00CC	0x28D2      	GOTO       MROUND32
;__Lib_MathDouble.c,691 :: 		
0x00CD	0x0DF8      	RLF        R8, 1
;__Lib_MathDouble.c,692 :: 		
0x00CE	0x0DF0      	RLF        R0, 1
;__Lib_MathDouble.c,693 :: 		
0x00CF	0x0DF1      	RLF        R1, 1
;__Lib_MathDouble.c,694 :: 		
0x00D0	0x0DF2      	RLF        R2, 1
;__Lib_MathDouble.c,695 :: 		
0x00D1	0x03F3      	DECF       R3, 1
;__Lib_MathDouble.c,696 :: 		
MROUND32:
;__Lib_MathDouble.c,697 :: 		
0x00D2	0x1B7B      	BTFSC      R11, 6
;__Lib_MathDouble.c,698 :: 		
0x00D3	0x1C70      	BTFSS      R0, 0
;__Lib_MathDouble.c,699 :: 		
0x00D4	0x28E4      	GOTO       MUL32OK
;__Lib_MathDouble.c,700 :: 		
0x00D5	0x1FF8      	BTFSS      R8, 7
;__Lib_MathDouble.c,701 :: 		
0x00D6	0x28E4      	GOTO       MUL32OK
;__Lib_MathDouble.c,702 :: 		
0x00D7	0x0AF0      	INCF       R0, 1
;__Lib_MathDouble.c,703 :: 		
0x00D8	0x1903      	BTFSC      STATUS, 2
;__Lib_MathDouble.c,704 :: 		
0x00D9	0x0AF1      	INCF       R1, 1
;__Lib_MathDouble.c,705 :: 		
0x00DA	0x1903      	BTFSC      STATUS, 2
;__Lib_MathDouble.c,706 :: 		
0x00DB	0x0AF2      	INCF       R2, 1
;__Lib_MathDouble.c,707 :: 		
0x00DC	0x1D03      	BTFSS      STATUS, 2
;__Lib_MathDouble.c,708 :: 		
0x00DD	0x28E4      	GOTO       MUL32OK
;__Lib_MathDouble.c,709 :: 		
0x00DE	0x0CF2      	RRF        R2, 1
;__Lib_MathDouble.c,710 :: 		
0x00DF	0x0CF1      	RRF        R1, 1
;__Lib_MathDouble.c,711 :: 		
0x00E0	0x0CF0      	RRF        R0, 1
;__Lib_MathDouble.c,712 :: 		
0x00E1	0x0AF3      	INCF       R3, 1
;__Lib_MathDouble.c,713 :: 		
0x00E2	0x1903      	BTFSC      STATUS, 2
;__Lib_MathDouble.c,714 :: 		
0x00E3	0x28EB      	GOTO       JPMSETFOV32
;__Lib_MathDouble.c,715 :: 		
MUL32OK:
;__Lib_MathDouble.c,716 :: 		
0x00E4	0x1FFA      	BTFSS      R10, 7
;__Lib_MathDouble.c,717 :: 		
0x00E5	0x13F2      	BCF        R2, 7
;__Lib_MathDouble.c,718 :: 		
0x00E6	0x3000      	MOVLW      0
;__Lib_MathDouble.c,720 :: 		
0x00E7	0x28F0      	GOTO       MUL32EEE
;__Lib_MathDouble.c,721 :: 		
JPMRES032:
;__Lib_MathDouble.c,722 :: 		
0x00E8	0x3001      	MOVLW      1
;__Lib_MathDouble.c,725 :: 		
0x00E9	0x2017      	CALL       _RES032
;__Lib_MathDouble.c,727 :: 		
0x00EA	0x28F0      	GOTO       MUL32EEE
;__Lib_MathDouble.c,728 :: 		
JPMSETFOV32:
;__Lib_MathDouble.c,729 :: 		
0x00EB	0x3002      	MOVLW      2
;__Lib_MathDouble.c,732 :: 		
0x00EC	0x202E      	CALL       _SETFOV32
;__Lib_MathDouble.c,734 :: 		
0x00ED	0x28F0      	GOTO       MUL32EEE
;__Lib_MathDouble.c,735 :: 		
JPMSETFUN32:
;__Lib_MathDouble.c,736 :: 		
0x00EE	0x3004      	MOVLW      4
;__Lib_MathDouble.c,739 :: 		
0x00EF	0x201E      	CALL       _SETFUN32
;__Lib_MathDouble.c,741 :: 		
MUL32EEE:
;__Lib_MathDouble.c,742 :: 		
0x00F0	0x0000      	NOP
;__Lib_MathDouble.c,749 :: 		
L_end_Mul_32x32_FP:
0x00F1	0x0008      	RETURN
; end of _Mul_32x32_FP
_word2double:
;__Lib_MathDouble.c,1862 :: 		
;__Lib_MathDouble.c,1868 :: 		
0x00F2	0x1283      	BCF        STATUS, 5
;__Lib_MathDouble.c,1869 :: 		
0x00F3	0x1303      	BCF        STATUS, 6
;__Lib_MathDouble.c,1870 :: 		
0x00F4	0x0870      	MOVF       R0, 0
;__Lib_MathDouble.c,1871 :: 		
0x00F5	0x00F8      	MOVWF      R8
;__Lib_MathDouble.c,1872 :: 		
0x00F6	0x0871      	MOVF       R1, 0
;__Lib_MathDouble.c,1873 :: 		
0x00F7	0x00F0      	MOVWF      R0
;__Lib_MathDouble.c,1874 :: 		
0x00F8	0x01F1      	CLRF       R1
;__Lib_MathDouble.c,1875 :: 		
0x00F9	0x01F2      	CLRF       R2
;__Lib_MathDouble.c,1876 :: 		
0x00FA	0x01F3      	CLRF       R3
;__Lib_MathDouble.c,1879 :: 		
0x00FB	0x01FB      	CLRF       R11
;__Lib_MathDouble.c,1880 :: 		
0x00FC	0x01FC      	CLRF       R12
;__Lib_MathDouble.c,1882 :: 		
0x00FD	0x3096      	MOVLW      150
;__Lib_MathDouble.c,1883 :: 		
0x00FE	0x00F3      	MOVWF      R3
;__Lib_MathDouble.c,1884 :: 		
0x00FF	0x01FA      	CLRF       R10
;__Lib_MathDouble.c,1886 :: 		
0x0100	0x0870      	MOVF       R0, 0
;__Lib_MathDouble.c,1887 :: 		
0x0101	0x00F1      	MOVWF      R1
;__Lib_MathDouble.c,1888 :: 		
0x0102	0x0878      	MOVF       R8, 0
;__Lib_MathDouble.c,1889 :: 		
0x0103	0x00F0      	MOVWF      R0
;__Lib_MathDouble.c,1890 :: 		
0x0104	0x01F8      	CLRF       R8
;__Lib_MathDouble.c,1891 :: 		
0x0105	0x01F2      	CLRF       R2
;__Lib_MathDouble.c,1893 :: 		
0x0106	0x203A      	CALL       _NRM3232
;__Lib_MathDouble.c,1894 :: 		
L_end_word2double:
0x0107	0x0008      	RETURN
; end of _word2double
_double2word:
;__Lib_MathDouble.c,1529 :: 		
;__Lib_MathDouble.c,1536 :: 		
0x0108	0x1283      	BCF        STATUS, 5
;__Lib_MathDouble.c,1537 :: 		
0x0109	0x1303      	BCF        STATUS, 6
;__Lib_MathDouble.c,1539 :: 		
0x010A	0x01FB      	CLRF       R11
;__Lib_MathDouble.c,1540 :: 		
0x010B	0x01FC      	CLRF       R12
;__Lib_MathDouble.c,1541 :: 		
0x010C	0x01FA      	CLRF       R10
;__Lib_MathDouble.c,1543 :: 		
0x010D	0x0873      	MOVF       R3, 0
;__Lib_MathDouble.c,1544 :: 		
0x010E	0x1903      	BTFSC      STATUS, 2
;__Lib_MathDouble.c,1545 :: 		
0x010F	0x2947      	GOTO       IRES016U
;__Lib_MathDouble.c,1547 :: 		
0x0110	0x17F2      	BSF        R2, 7
;__Lib_MathDouble.c,1549 :: 		
0x0111	0x308E      	MOVLW      142
;__Lib_MathDouble.c,1550 :: 		
0x0112	0x02F3      	SUBWF      R3, 1
;__Lib_MathDouble.c,1551 :: 		
0x0113	0x1BF3      	BTFSC      R3, 7
;__Lib_MathDouble.c,1552 :: 		
0x0114	0x2918      	GOTO       SETEXP16U
;__Lib_MathDouble.c,1553 :: 		
0x0115	0x1903      	BTFSC      STATUS, 2
;__Lib_MathDouble.c,1554 :: 		
0x0116	0x2918      	GOTO       SETEXP16U
;__Lib_MathDouble.c,1555 :: 		
0x0117	0x294A      	GOTO       SETIOV16U
;__Lib_MathDouble.c,1556 :: 		
SETEXP16U:
;__Lib_MathDouble.c,1557 :: 		
0x0118	0x09F3      	COMF       R3, 1
;__Lib_MathDouble.c,1558 :: 		
0x0119	0x0AF3      	INCF       R3, 1
;__Lib_MathDouble.c,1560 :: 		
0x011A	0x3008      	MOVLW      8
;__Lib_MathDouble.c,1561 :: 		
0x011B	0x0273      	SUBWF      R3, 0
;__Lib_MathDouble.c,1562 :: 		
0x011C	0x1C03      	BTFSS      STATUS, 0
;__Lib_MathDouble.c,1563 :: 		
0x011D	0x292D      	GOTO       TSHIFT3216U
;__Lib_MathDouble.c,1564 :: 		
0x011E	0x00F3      	MOVWF      R3
;__Lib_MathDouble.c,1565 :: 		
0x011F	0x0DF1      	RLF        R1, 1
;__Lib_MathDouble.c,1566 :: 		
0x0120	0x0872      	MOVF       R2, 0
;__Lib_MathDouble.c,1567 :: 		
0x0121	0x00F1      	MOVWF      R1
;__Lib_MathDouble.c,1568 :: 		
0x0122	0x01F2      	CLRF       R2
;__Lib_MathDouble.c,1570 :: 		
0x0123	0x3008      	MOVLW      8
;__Lib_MathDouble.c,1571 :: 		
0x0124	0x0273      	SUBWF      R3, 0
;__Lib_MathDouble.c,1572 :: 		
0x0125	0x1C03      	BTFSS      STATUS, 0
;__Lib_MathDouble.c,1573 :: 		
0x0126	0x292D      	GOTO       TSHIFT3216U
;__Lib_MathDouble.c,1574 :: 		
0x0127	0x0DF1      	RLF        R1, 1
;__Lib_MathDouble.c,1575 :: 		
0x0128	0x01F1      	CLRF       R1
;__Lib_MathDouble.c,1577 :: 		
0x0129	0x0873      	MOVF       R3, 0
;__Lib_MathDouble.c,1578 :: 		
0x012A	0x1D03      	BTFSS      STATUS, 2
;__Lib_MathDouble.c,1579 :: 		
0x012B	0x1003      	BCF        STATUS, 0
;__Lib_MathDouble.c,1580 :: 		
0x012C	0x2935      	GOTO       SHIFT3216UOK
;__Lib_MathDouble.c,1581 :: 		
TSHIFT3216U:
;__Lib_MathDouble.c,1582 :: 		
0x012D	0x0873      	MOVF       R3, 0
;__Lib_MathDouble.c,1583 :: 		
0x012E	0x1903      	BTFSC      STATUS, 2
;__Lib_MathDouble.c,1584 :: 		
0x012F	0x2935      	GOTO       SHIFT3216UOK
;__Lib_MathDouble.c,1585 :: 		
SHIFT3216U:
;__Lib_MathDouble.c,1586 :: 		
0x0130	0x1003      	BCF        STATUS, 0
;__Lib_MathDouble.c,1587 :: 		
0x0131	0x0CF2      	RRF        R2, 1
;__Lib_MathDouble.c,1588 :: 		
0x0132	0x0CF1      	RRF        R1, 1
;__Lib_MathDouble.c,1589 :: 		
0x0133	0x0BF3      	DECFSZ     R3, 1
;__Lib_MathDouble.c,1590 :: 		
0x0134	0x2930      	GOTO       SHIFT3216U
;__Lib_MathDouble.c,1591 :: 		
SHIFT3216UOK:
;__Lib_MathDouble.c,1592 :: 		
0x0135	0x1B7B      	BTFSC      R11, 6
;__Lib_MathDouble.c,1593 :: 		
0x0136	0x1C71      	BTFSS      R1, 0
;__Lib_MathDouble.c,1594 :: 		
0x0137	0x293F      	GOTO       INT3216UOK
;__Lib_MathDouble.c,1595 :: 		
0x0138	0x1C03      	BTFSS      STATUS, 0
;__Lib_MathDouble.c,1596 :: 		
0x0139	0x293F      	GOTO       INT3216UOK
;__Lib_MathDouble.c,1597 :: 		
0x013A	0x0AF1      	INCF       R1, 1
;__Lib_MathDouble.c,1598 :: 		
0x013B	0x1903      	BTFSC      STATUS, 2
;__Lib_MathDouble.c,1599 :: 		
0x013C	0x0AF2      	INCF       R2, 1
;__Lib_MathDouble.c,1600 :: 		
0x013D	0x1BF2      	BTFSC      R2, 7
;__Lib_MathDouble.c,1601 :: 		
0x013E	0x2956      	GOTO       JPKSETIOV3224
;__Lib_MathDouble.c,1602 :: 		
INT3216UOK:
;__Lib_MathDouble.c,1603 :: 		
0x013F	0x1FFA      	BTFSS      R10, 7
;__Lib_MathDouble.c,1604 :: 		
0x0140	0x2959      	GOTO       INT3216UEOK
;__Lib_MathDouble.c,1606 :: 		
0x0141	0x09F2      	COMF       R2, 1
;__Lib_MathDouble.c,1607 :: 		
0x0142	0x09F1      	COMF       R1, 1
;__Lib_MathDouble.c,1608 :: 		
0x0143	0x0AF1      	INCF       R1, 1
;__Lib_MathDouble.c,1609 :: 		
0x0144	0x1903      	BTFSC      STATUS, 2
;__Lib_MathDouble.c,1610 :: 		
0x0145	0x0AF2      	INCF       R2, 1
;__Lib_MathDouble.c,1611 :: 		
0x0146	0x2959      	GOTO       INT3216UEOK
;__Lib_MathDouble.c,1613 :: 		
IRES016U:
;__Lib_MathDouble.c,1614 :: 		
0x0147	0x01F2      	CLRF       R2
;__Lib_MathDouble.c,1615 :: 		
0x0148	0x01F1      	CLRF       R1
;__Lib_MathDouble.c,1616 :: 		
0x0149	0x2959      	GOTO       INT3216UEOK
;__Lib_MathDouble.c,1617 :: 		
SETIOV16U:
;__Lib_MathDouble.c,1618 :: 		
0x014A	0x147B      	BSF        R11, 0
;__Lib_MathDouble.c,1619 :: 		
0x014B	0x1FFB      	BTFSS      R11, 7
;__Lib_MathDouble.c,1620 :: 		
0x014C	0x295C      	GOTO       INT3216UEER
;__Lib_MathDouble.c,1622 :: 		
0x014D	0x01F2      	CLRF       R2
;__Lib_MathDouble.c,1623 :: 		
0x014E	0x1FFA      	BTFSS      R10, 7
;__Lib_MathDouble.c,1624 :: 		
0x014F	0x295C      	GOTO       INT3216UEER
;__Lib_MathDouble.c,1625 :: 		
0x0150	0x30FF      	MOVLW      255
;__Lib_MathDouble.c,1626 :: 		
0x0151	0x00F2      	MOVWF      R2
;__Lib_MathDouble.c,1627 :: 		
0x0152	0x00F1      	MOVWF      R1
;__Lib_MathDouble.c,1628 :: 		
0x0153	0x0DFA      	RLF        R10, 1
;__Lib_MathDouble.c,1629 :: 		
0x0154	0x0CF2      	RRF        R2, 1
;__Lib_MathDouble.c,1630 :: 		
0x0155	0x295C      	GOTO       INT3216UEER
;__Lib_MathDouble.c,1632 :: 		
JPKSETIOV3224:
;__Lib_MathDouble.c,1633 :: 		
0x0156	0x3001      	MOVLW      1
;__Lib_MathDouble.c,1634 :: 		
0x0157	0x00FC      	MOVWF      R12
;__Lib_MathDouble.c,1635 :: 		
0x0158	0x295E      	GOTO       INT3216UEEE
;__Lib_MathDouble.c,1636 :: 		
INT3216UEOK:
;__Lib_MathDouble.c,1637 :: 		
0x0159	0x3000      	MOVLW      0
;__Lib_MathDouble.c,1638 :: 		
0x015A	0x00FC      	MOVWF      R12
;__Lib_MathDouble.c,1639 :: 		
0x015B	0x295E      	GOTO       INT3216UEEE
;__Lib_MathDouble.c,1640 :: 		
INT3216UEER:
;__Lib_MathDouble.c,1641 :: 		
0x015C	0x30FF      	MOVLW      255
;__Lib_MathDouble.c,1642 :: 		
0x015D	0x00FC      	MOVWF      R12
;__Lib_MathDouble.c,1643 :: 		
INT3216UEEE:
;__Lib_MathDouble.c,1646 :: 		
0x015E	0x08FC      	MOVF       R12, 1
;__Lib_MathDouble.c,1648 :: 		
0x015F	0x1903      	BTFSC      STATUS, 2
;__Lib_MathDouble.c,1649 :: 		
0x0160	0x2962      	GOTO       L_Double2Word_0
;__Lib_MathDouble.c,1651 :: 		
0x0161	0x2069      	CALL       _SETIOV3224
;__Lib_MathDouble.c,1653 :: 		
L_Double2Word_0:
;__Lib_MathDouble.c,1654 :: 		
0x0162	0x0871      	MOVF       R1, 0
;__Lib_MathDouble.c,1655 :: 		
0x0163	0x00F0      	MOVWF      R0
;__Lib_MathDouble.c,1656 :: 		
0x0164	0x0872      	MOVF       R2, 0
;__Lib_MathDouble.c,1657 :: 		
0x0165	0x00F1      	MOVWF      R1
;__Lib_MathDouble.c,1660 :: 		
L_end_double2word:
0x0166	0x0008      	RETURN
; end of _double2word
_ADC_Get_Sample:
;__Lib_ADC_A_C.c,45 :: 		
;__Lib_ADC_A_C.c,47 :: 		
0x0167	0x30C7      	MOVLW      199
0x0168	0x1283      	BCF        STATUS, 5
0x0169	0x1303      	BCF        STATUS, 6
0x016A	0x059F      	ANDWF      ADCON0, 1
;__Lib_ADC_A_C.c,48 :: 		
0x016B	0x0821      	MOVF       FARG_ADC_Get_Sample_channel, 0
0x016C	0x00F0      	MOVWF      R0
0x016D	0x0DF0      	RLF        R0, 1
0x016E	0x1070      	BCF        R0, 0
0x016F	0x0DF0      	RLF        R0, 1
0x0170	0x1070      	BCF        R0, 0
0x0171	0x0DF0      	RLF        R0, 1
0x0172	0x1070      	BCF        R0, 0
0x0173	0x0870      	MOVF       R0, 0
0x0174	0x049F      	IORWF      ADCON0, 1
;__Lib_ADC_A_C.c,51 :: 		
0x0175	0x2076      	CALL       _Delay_22us
;__Lib_ADC_A_C.c,54 :: 		
0x0176	0x151F      	BSF        ADCON0, 2
;__Lib_ADC_A_C.c,57 :: 		
L_ADC_Get_Sample0:
0x0177	0x1D1F      	BTFSS      ADCON0, 2
0x0178	0x297B      	GOTO       L_ADC_Get_Sample1
;__Lib_ADC_A_C.c,58 :: 		
0x0179	0x0000      	NOP
0x017A	0x2977      	GOTO       L_ADC_Get_Sample0
L_ADC_Get_Sample1:
;__Lib_ADC_A_C.c,64 :: 		
0x017B	0x081E      	MOVF       ADRESH, 0
0x017C	0x00F1      	MOVWF      R0+1
0x017D	0x01F0      	CLRF       R0
0x017E	0x1683      	BSF        STATUS, 5
0x017F	0x081E      	MOVF       ADRESL, 0
0x0180	0x04F0      	IORWF      R0, 1
0x0181	0x3000      	MOVLW      0
0x0182	0x04F1      	IORWF      R0+1, 1
;__Lib_ADC_A_C.c,65 :: 		
L_end_ADC_Get_Sample:
0x0183	0x0008      	RETURN
; end of _ADC_Get_Sample
_main:
;Uygulama20.c,23 :: 		void main() {
;Uygulama20.c,24 :: 		adc_degeri= ADC_Get_Sample(0);
0x0184	0x1283      	BCF        STATUS, 5
0x0185	0x1303      	BCF        STATUS, 6
0x0186	0x01A1      	CLRF       FARG_ADC_Get_Sample_channel
0x0187	0x2167      	CALL       _ADC_Get_Sample
0x0188	0x0870      	MOVF       R0, 0
0x0189	0x1283      	BCF        STATUS, 5
0x018A	0x00A4      	MOVWF      _adc_degeri
0x018B	0x0871      	MOVF       R0+1, 0
0x018C	0x00A5      	MOVWF      _adc_degeri+1
;Uygulama20.c,25 :: 		adc_degeri=adc_degeri*0.249;//10 bitlik
0x018D	0x20F2      	CALL       _word2double
0x018E	0x30DB      	MOVLW      219
0x018F	0x00F4      	MOVWF      R4
0x0190	0x30F9      	MOVLW      249
0x0191	0x00F5      	MOVWF      R4+1
0x0192	0x307E      	MOVLW      126
0x0193	0x00F6      	MOVWF      R4+2
0x0194	0x307C      	MOVLW      124
0x0195	0x00F7      	MOVWF      R4+3
0x0196	0x2091      	CALL       _Mul_32x32_FP
0x0197	0x2108      	CALL       _double2word
0x0198	0x0870      	MOVF       R0, 0
0x0199	0x00A4      	MOVWF      _adc_degeri
0x019A	0x0871      	MOVF       R0+1, 0
0x019B	0x00A5      	MOVWF      _adc_degeri+1
;Uygulama20.c,27 :: 		PORTB=adc_degeri;
0x019C	0x0870      	MOVF       R0, 0
0x019D	0x0086      	MOVWF      PORTB
;Uygulama20.c,28 :: 		PORTD.F7=~PORTD.F7;
0x019E	0x3080      	MOVLW      128
0x019F	0x0688      	XORWF      PORTD, 1
;Uygulama20.c,29 :: 		}
L_end_main:
0x01A0	0x29A0      	GOTO       $+0
; end of _main
Symbol List:
//** Routines locations **
//ADDRESS    SIZE    PROCEDURE
//----------------------------------------------
0x0004      [19]    _interrupt
0x0017       [7]    _RES032
0x001E      [12]    _SETFUN32
0x002A       [4]    _FIXSIGN32
0x002E      [12]    _SETFOV32
0x003A      [47]    _NRM3232
0x0069      [13]    _SETIOV3224
0x0076       [8]    _Delay_22us
0x007E       [7]    _____DoICP
0x0085      [12]    ___CC2DW
0x0091      [97]    _Mul_32x32_FP
0x00F2      [22]    _word2double
0x0108      [95]    _double2word
0x0167      [29]    _ADC_Get_Sample
0x0184      [29]    _main
//** Variables locations ** 
//ADDRESS    SIZE    VARIABLE
//----------------------------------------------
0x0000       [1]    INDF
0x0002       [1]    PCL
0x0003       [1]    STATUS
0x0004       [1]    FSR
0x0006       [1]    PORTB
0x0008       [1]    PORTD
0x000A       [1]    PCLATH
0x000C       [1]    PIR1
0x001E       [1]    ADRESH
0x001F       [1]    ADCON0
0x0020       [1]    __math_tempbD
0x0021       [1]    FARG_ADC_Get_Sample_channel
0x0022       [2]    ___DoICPAddr
0x0024       [2]    _adc_degeri
0x0026       [1]    ___savePCLATH
0x0027       [1]    ___saveSTATUS
0x0070       [1]    R0
0x0071       [1]    R1
0x0072       [1]    R2
0x0073       [1]    R3
0x0074       [1]    R4
0x0075       [1]    R5
0x0076       [1]    R6
0x0077       [1]    R7
0x0078       [1]    R8
0x0079       [1]    R9
0x007A       [1]    R10
0x007B       [1]    R11
0x007C       [1]    R12
0x007D       [1]    R13
0x007E       [1]    R14
0x007F       [1]    R15
0x009E       [1]    ADRESL
